./data/layer_states/board_size-4.max_exponent-6.max_depth-0
2018-01-07 17:22:12 +0000: build 4-1: 21 states (1 batches)
.
2018-01-07 17:22:12 +0000: reduce 6-1: 0.0MiB (0.0MiB max)
2018-01-07 17:22:12 +0000: reduce 6-2: 0.0MiB (0.0MiB max)
2018-01-07 17:22:12 +0000: build 6-1: 35 states (1 batches)
.
2018-01-07 17:22:12 +0000: reduce 8-1: 0.0MiB (0.0MiB max)
2018-01-07 17:22:12 +0000: build 6-2: 33 states (1 batches)
.
2018-01-07 17:22:12 +0000: reduce 8-2: 0.0MiB (0.0MiB max)
2018-01-07 17:22:12 +0000: reduce 8-3: 0.0MiB (0.0MiB max)
2018-01-07 17:22:12 +0000: build 8-1: 25 states (1 batches)
.
2018-01-07 17:22:12 +0000: reduce 10-1: 0.0MiB (0.0MiB max)
2018-01-07 17:22:12 +0000: build 8-2: 145 states (1 batches)
.
2018-01-07 17:22:12 +0000: reduce 10-2: 0.0MiB (0.0MiB max)
2018-01-07 17:22:12 +0000: build 8-3: 0 states (0 batches)
2018-01-07 17:22:12 +0000: reduce 10-3: 0.0MiB (0.0MiB max)
2018-01-07 17:22:12 +0000: build 10-1: 6 states (1 batches)
.
2018-01-07 17:22:12 +0000: reduce 12-1: 0.0MiB (0.0MiB max)
2018-01-07 17:22:12 +0000: build 10-2: 356 states (1 batches)
.
2018-01-07 17:22:12 +0000: reduce 12-2: 0.0MiB (0.0MiB max)
2018-01-07 17:22:12 +0000: build 10-3: 24 states (1 batches)
.
2018-01-07 17:22:12 +0000: reduce 12-3: 0.0MiB (0.0MiB max)
2018-01-07 17:22:12 +0000: reduce 12-4: 0.0MiB (0.0MiB max)
2018-01-07 17:22:12 +0000: build 12-1: 0 states (0 batches)
2018-01-07 17:22:12 +0000: reduce 14-1: 0.0MiB (0.0MiB max)
2018-01-07 17:22:12 +0000: build 12-2: 714 states (1 batches)
.
2018-01-07 17:22:12 +0000: reduce 14-2: 0.0MiB (0.0MiB max)
2018-01-07 17:22:12 +0000: build 12-3: 124 states (1 batches)
.
2018-01-07 17:22:12 +0000: reduce 14-3: 0.0MiB (0.0MiB max)
2018-01-07 17:22:12 +0000: build 12-4: 0 states (0 batches)
2018-01-07 17:22:12 +0000: reduce 14-4: 0.0MiB (0.0MiB max)
2018-01-07 17:22:12 +0000: build 14-1: 0 states (0 batches)
2018-01-07 17:22:12 +0000: build 14-2: 1259 states (1 batches)
.
2018-01-07 17:22:12 +0000: reduce 16-2: 0.0MiB (0.0MiB max)
2018-01-07 17:22:12 +0000: build 14-3: 400 states (1 batches)
.
2018-01-07 17:22:13 +0000: reduce 16-3: 0.0MiB (0.0MiB max)
2018-01-07 17:22:13 +0000: build 14-4: 0 states (0 batches)
2018-01-07 17:22:13 +0000: reduce 16-4: 0.0MiB (0.0MiB max)
2018-01-07 17:22:13 +0000: build 16-2: 2104 states (1 batches)
.
2018-01-07 17:22:13 +0000: reduce 18-2: 0.0MiB (0.0MiB max)
2018-01-07 17:22:13 +0000: build 16-3: 1059 states (1 batches)
.
2018-01-07 17:22:13 +0000: reduce 18-3: 0.0MiB (0.0MiB max)
2018-01-07 17:22:13 +0000: build 16-4: 0 states (0 batches)
2018-01-07 17:22:13 +0000: reduce 18-4: 0.0MiB (0.0MiB max)
2018-01-07 17:22:13 +0000: build 18-2: 3225 states (1 batches)
.
2018-01-07 17:22:13 +0000: reduce 20-2: 0.0MiB (0.0MiB max)
2018-01-07 17:22:13 +0000: build 18-3: 2468 states (1 batches)
.
2018-01-07 17:22:13 +0000: reduce 20-3: 0.0MiB (0.0MiB max)
2018-01-07 17:22:13 +0000: build 18-4: 0 states (0 batches)
2018-01-07 17:22:13 +0000: reduce 20-4: 0.0MiB (0.0MiB max)
2018-01-07 17:22:13 +0000: build 20-2: 4555 states (1 batches)
.
2018-01-07 17:22:13 +0000: reduce 22-2: 0.0MiB (0.0MiB max)
2018-01-07 17:22:13 +0000: build 20-3: 5330 states (1 batches)
.
2018-01-07 17:22:13 +0000: reduce 22-3: 0.0MiB (0.0MiB max)
2018-01-07 17:22:13 +0000: build 20-4: 100 states (1 batches)
.
2018-01-07 17:22:13 +0000: reduce 22-4: 0.0MiB (0.0MiB max)
2018-01-07 17:22:13 +0000: reduce 22-5: 0.0MiB (0.0MiB max)
2018-01-07 17:22:13 +0000: build 22-2: 5922 states (1 batches)
.
2018-01-07 17:22:13 +0000: reduce 24-2: 0.0MiB (0.0MiB max)
2018-01-07 17:22:13 +0000: build 22-3: 10656 states (1 batches)
.
2018-01-07 17:22:14 +0000: reduce 24-3: 0.1MiB (0.0MiB max)
2018-01-07 17:22:14 +0000: build 22-4: 400 states (1 batches)
.
2018-01-07 17:22:14 +0000: reduce 24-4: 0.0MiB (0.0MiB max)
2018-01-07 17:22:14 +0000: build 22-5: 0 states (0 batches)
2018-01-07 17:22:14 +0000: reduce 24-5: 0.0MiB (0.0MiB max)
2018-01-07 17:22:14 +0000: build 24-2: 7321 states (1 batches)
.
2018-01-07 17:22:14 +0000: reduce 26-2: 0.0MiB (0.0MiB max)
2018-01-07 17:22:14 +0000: build 24-3: 19763 states (1 batches)
.
2018-01-07 17:22:14 +0000: reduce 26-3: 0.1MiB (0.0MiB max)
2018-01-07 17:22:14 +0000: build 24-4: 1059 states (1 batches)
.
2018-01-07 17:22:14 +0000: reduce 26-4: 0.0MiB (0.0MiB max)
2018-01-07 17:22:14 +0000: build 24-5: 0 states (0 batches)
2018-01-07 17:22:14 +0000: reduce 26-5: 0.0MiB (0.0MiB max)
2018-01-07 17:22:14 +0000: build 26-2: 8419 states (1 batches)
.
2018-01-07 17:22:14 +0000: reduce 28-2: 0.0MiB (0.0MiB max)
2018-01-07 17:22:14 +0000: build 26-3: 34297 states (1 batches)
.
2018-01-07 17:22:15 +0000: reduce 28-3: 0.2MiB (0.1MiB max)
2018-01-07 17:22:15 +0000: build 26-4: 2524 states (1 batches)
.
2018-01-07 17:22:15 +0000: reduce 28-4: 0.0MiB (0.0MiB max)
2018-01-07 17:22:15 +0000: build 26-5: 0 states (0 batches)
2018-01-07 17:22:15 +0000: reduce 28-5: 0.0MiB (0.0MiB max)
2018-01-07 17:22:15 +0000: build 28-2: 8952 states (1 batches)
.
2018-01-07 17:22:15 +0000: reduce 30-2: 0.0MiB (0.0MiB max)
2018-01-07 17:22:15 +0000: build 28-3: 56357 states (1 batches)
.
2018-01-07 17:22:16 +0000: reduce 30-3: 0.3MiB (0.1MiB max)
2018-01-07 17:22:16 +0000: build 28-4: 5680 states (1 batches)
.
2018-01-07 17:22:16 +0000: reduce 30-4: 0.0MiB (0.0MiB max)
2018-01-07 17:22:16 +0000: build 28-5: 0 states (0 batches)
2018-01-07 17:22:16 +0000: reduce 30-5: 0.0MiB (0.0MiB max)
2018-01-07 17:22:16 +0000: build 30-2: 9087 states (1 batches)
.
2018-01-07 17:22:16 +0000: reduce 32-2: 0.0MiB (0.0MiB max)
2018-01-07 17:22:16 +0000: build 30-3: 87525 states (1 batches)
.
2018-01-07 17:22:17 +0000: reduce 32-3: 0.4MiB (0.2MiB max)
2018-01-07 17:22:17 +0000: build 30-4: 11902 states (1 batches)
.
2018-01-07 17:22:17 +0000: reduce 32-4: 0.1MiB (0.0MiB max)
2018-01-07 17:22:17 +0000: build 30-5: 0 states (0 batches)
2018-01-07 17:22:17 +0000: reduce 32-5: 0.0MiB (0.0MiB max)
2018-01-07 17:22:17 +0000: build 32-2: 8597 states (1 batches)
.
2018-01-07 17:22:18 +0000: reduce 34-2: 0.0MiB (0.0MiB max)
2018-01-07 17:22:18 +0000: build 32-3: 130380 states (1 batches)
.
2018-01-07 17:22:19 +0000: reduce 34-3: 0.5MiB (0.2MiB max)
2018-01-07 17:22:19 +0000: build 32-4: 23302 states (1 batches)
.
2018-01-07 17:22:20 +0000: reduce 34-4: 0.2MiB (0.1MiB max)
2018-01-07 17:22:20 +0000: build 32-5: 0 states (0 batches)
2018-01-07 17:22:20 +0000: reduce 34-5: 0.0MiB (0.0MiB max)
2018-01-07 17:22:20 +0000: build 34-2: 7376 states (1 batches)
.
2018-01-07 17:22:20 +0000: reduce 36-2: 0.0MiB (0.0MiB max)
2018-01-07 17:22:20 +0000: build 34-3: 187499 states (1 batches)
.
2018-01-07 17:22:22 +0000: reduce 36-3: 0.7MiB (0.3MiB max)
2018-01-07 17:22:22 +0000: build 34-4: 43592 states (1 batches)
.
2018-01-07 17:22:23 +0000: reduce 36-4: 0.3MiB (0.1MiB max)
2018-01-07 17:22:23 +0000: build 34-5: 0 states (0 batches)
2018-01-07 17:22:23 +0000: reduce 36-5: 0.0MiB (0.0MiB max)
2018-01-07 17:22:23 +0000: build 36-2: 6032 states (1 batches)
.
2018-01-07 17:22:23 +0000: reduce 38-2: 0.0MiB (0.0MiB max)
2018-01-07 17:22:23 +0000: build 36-3: 260597 states (1 batches)
.
2018-01-07 17:22:26 +0000: reduce 38-3: 0.9MiB (0.4MiB max)
2018-01-07 17:22:26 +0000: build 36-4: 78364 states (1 batches)
.
2018-01-07 17:22:27 +0000: reduce 38-4: 0.5MiB (0.2MiB max)
2018-01-07 17:22:27 +0000: build 36-5: 0 states (0 batches)
2018-01-07 17:22:27 +0000: reduce 38-5: 0.0MiB (0.0MiB max)
2018-01-07 17:22:27 +0000: build 38-2: 4346 states (1 batches)
.
2018-01-07 17:22:27 +0000: reduce 40-2: 0.0MiB (0.0MiB max)
2018-01-07 17:22:27 +0000: build 38-3: 351688 states (1 batches)
.
2018-01-07 17:22:31 +0000: reduce 40-3: 1.1MiB (0.6MiB max)
2018-01-07 17:22:32 +0000: build 38-4: 134106 states (1 batches)
.
2018-01-07 17:22:33 +0000: reduce 40-4: 0.8MiB (0.3MiB max)
2018-01-07 17:22:33 +0000: build 38-5: 316 states (1 batches)
.
2018-01-07 17:22:33 +0000: reduce 40-5: 0.0MiB (0.0MiB max)
2018-01-07 17:22:33 +0000: reduce 40-6: 0.0MiB (0.0MiB max)
2018-01-07 17:22:33 +0000: build 40-2: 2799 states (1 batches)
.
2018-01-07 17:22:34 +0000: reduce 42-2: 0.0MiB (0.0MiB max)
2018-01-07 17:22:34 +0000: build 40-3: 461966 states (1 batches)
.
2018-01-07 17:22:39 +0000: reduce 42-3: 1.4MiB (0.7MiB max)
2018-01-07 17:22:39 +0000: build 40-4: 221198 states (1 batches)
.
2018-01-07 17:22:42 +0000: reduce 42-4: 1.2MiB (0.4MiB max)
2018-01-07 17:22:42 +0000: build 40-5: 1059 states (1 batches)
.
2018-01-07 17:22:42 +0000: reduce 42-5: 0.0MiB (0.0MiB max)
2018-01-07 17:22:42 +0000: build 40-6: 0 states (0 batches)
2018-01-07 17:22:42 +0000: reduce 42-6: 0.0MiB (0.0MiB max)
2018-01-07 17:22:42 +0000: build 42-2: 1797 states (1 batches)
.
2018-01-07 17:22:42 +0000: reduce 44-2: 0.0MiB (0.0MiB max)
2018-01-07 17:22:42 +0000: build 42-3: 589857 states (1 batches)
.
2018-01-07 17:22:49 +0000: reduce 44-3: 1.7MiB (0.9MiB max)
2018-01-07 17:22:49 +0000: build 42-4: 353035 states (1 batches)
.
2018-01-07 17:22:54 +0000: reduce 44-4: 1.8MiB (0.7MiB max)
2018-01-07 17:22:54 +0000: build 42-5: 2524 states (1 batches)
.
2018-01-07 17:22:54 +0000: reduce 44-5: 0.0MiB (0.0MiB max)
2018-01-07 17:22:54 +0000: build 42-6: 0 states (0 batches)
2018-01-07 17:22:54 +0000: reduce 44-6: 0.0MiB (0.0MiB max)
2018-01-07 17:22:54 +0000: build 44-2: 939 states (1 batches)
.
2018-01-07 17:22:54 +0000: reduce 46-2: 0.0MiB (0.0MiB max)
2018-01-07 17:22:54 +0000: build 44-3: 734897 states (1 batches)
.
2018-01-07 17:23:02 +0000: reduce 46-3: 2.0MiB (1.1MiB max)
2018-01-07 17:23:02 +0000: build 44-4: 545456 states (1 batches)
.
2018-01-07 17:23:09 +0000: reduce 46-4: 2.6MiB (1.0MiB max)
2018-01-07 17:23:10 +0000: build 44-5: 5680 states (1 batches)
.
2018-01-07 17:23:10 +0000: reduce 46-5: 0.1MiB (0.0MiB max)
2018-01-07 17:23:10 +0000: build 44-6: 0 states (0 batches)
2018-01-07 17:23:10 +0000: reduce 46-6: 0.0MiB (0.0MiB max)
2018-01-07 17:23:10 +0000: build 46-2: 386 states (1 batches)
.
2018-01-07 17:23:10 +0000: reduce 48-2: 0.0MiB (0.0MiB max)
2018-01-07 17:23:10 +0000: build 46-3: 892705 states (1 batches)
.
2018-01-07 17:23:20 +0000: reduce 48-3: 2.3MiB (1.3MiB max)
2018-01-07 17:23:20 +0000: build 46-4: 820987 states (1 batches)
.
2018-01-07 17:23:31 +0000: reduce 48-4: 3.8MiB (1.5MiB max)
2018-01-07 17:23:31 +0000: build 46-5: 11902 states (1 batches)
.
2018-01-07 17:23:32 +0000: reduce 48-5: 0.1MiB (0.0MiB max)
2018-01-07 17:23:32 +0000: build 46-6: 0 states (0 batches)
2018-01-07 17:23:32 +0000: reduce 48-6: 0.0MiB (0.0MiB max)
2018-01-07 17:23:32 +0000: build 48-2: 177 states (1 batches)
.
2018-01-07 17:23:32 +0000: reduce 50-2: 0.0MiB (0.0MiB max)
2018-01-07 17:23:32 +0000: build 48-3: 1056030 states (1 batches)
.
2018-01-07 17:23:44 +0000: reduce 50-3: 2.7MiB (1.5MiB max)
2018-01-07 17:23:44 +0000: build 48-4: 1204496 states (1 batches)
.
2018-01-07 17:24:00 +0000: reduce 50-4: 5.3MiB (2.1MiB max)
2018-01-07 17:24:00 +0000: build 48-5: 23302 states (1 batches)
.
2018-01-07 17:24:01 +0000: reduce 50-5: 0.2MiB (0.1MiB max)
2018-01-07 17:24:01 +0000: build 48-6: 0 states (0 batches)
2018-01-07 17:24:01 +0000: reduce 50-6: 0.0MiB (0.0MiB max)
2018-01-07 17:24:01 +0000: build 50-2: 31 states (1 batches)
.
2018-01-07 17:24:01 +0000: reduce 52-2: 0.0MiB (0.0MiB max)
2018-01-07 17:24:01 +0000: build 50-3: 1218391 states (1 batches)
.
2018-01-07 17:24:15 +0000: reduce 52-3: 3.0MiB (1.6MiB max)
2018-01-07 17:24:15 +0000: build 50-4: 1726315 states (1 batches)
.
2018-01-07 17:24:38 +0000: reduce 52-4: 7.3MiB (2.9MiB max)
2018-01-07 17:24:38 +0000: build 50-5: 43592 states (1 batches)
.
2018-01-07 17:24:39 +0000: reduce 52-5: 0.3MiB (0.1MiB max)
2018-01-07 17:24:39 +0000: build 50-6: 0 states (0 batches)
2018-01-07 17:24:39 +0000: reduce 52-6: 0.0MiB (0.0MiB max)
2018-01-07 17:24:39 +0000: build 52-2: 0 states (0 batches)
2018-01-07 17:24:39 +0000: reduce 54-2: 0.0MiB (0.0MiB max)
2018-01-07 17:24:39 +0000: build 52-3: 1369262 states (1 batches)
.
2018-01-07 17:24:55 +0000: reduce 54-3: 3.3MiB (1.8MiB max)
2018-01-07 17:24:55 +0000: build 52-4: 2422602 states (1 batches)
.
2018-01-07 17:25:28 +0000: reduce 54-4: 9.8MiB (3.9MiB max)
2018-01-07 17:25:29 +0000: build 52-5: 78645 states (1 batches)
.
2018-01-07 17:25:30 +0000: reduce 54-5: 0.5MiB (0.2MiB max)
2018-01-07 17:25:30 +0000: build 52-6: 0 states (0 batches)
2018-01-07 17:25:30 +0000: reduce 54-6: 0.0MiB (0.0MiB max)
2018-01-07 17:25:30 +0000: build 54-2: 0 states (0 batches)
2018-01-07 17:25:30 +0000: build 54-3: 1495187 states (1 batches)
.
2018-01-07 17:25:47 +0000: reduce 56-3: 3.6MiB (1.9MiB max)
2018-01-07 17:25:47 +0000: build 54-4: 3323177 states (1 batches)
.
2018-01-07 17:26:33 +0000: reduce 56-4: 12.9MiB (5.3MiB max)
2018-01-07 17:26:34 +0000: build 54-5: 135307 states (1 batches)
.
2018-01-07 17:26:36 +0000: reduce 56-5: 0.8MiB (0.3MiB max)
2018-01-07 17:26:36 +0000: build 54-6: 0 states (0 batches)
2018-01-07 17:26:36 +0000: reduce 56-6: 0.0MiB (0.0MiB max)
2018-01-07 17:26:36 +0000: build 56-3: 1591238 states (1 batches)
.
2018-01-07 17:26:54 +0000: reduce 58-3: 3.7MiB (1.9MiB max)
2018-01-07 17:26:54 +0000: build 56-4: 4460679 states (1 batches)
.
2018-01-07 17:27:54 +0000: reduce 58-4: 16.6MiB (6.9MiB max)
2018-01-07 17:27:55 +0000: build 56-5: 224560 states (1 batches)
.
2018-01-07 17:27:58 +0000: reduce 58-5: 1.2MiB (0.5MiB max)
2018-01-07 17:27:58 +0000: build 56-6: 0 states (0 batches)
2018-01-07 17:27:58 +0000: reduce 58-6: 0.0MiB (0.0MiB max)
2018-01-07 17:27:58 +0000: build 58-3: 1647634 states (1 batches)
.
2018-01-07 17:28:17 +0000: reduce 60-3: 3.8MiB (1.9MiB max)
2018-01-07 17:28:17 +0000: build 58-4: 5871001 states (1 batches)
.
2018-01-07 17:29:39 +0000: reduce 60-4: 21.0MiB (8.8MiB max)
2018-01-07 17:29:40 +0000: build 58-5: 361851 states (1 batches)
.
2018-01-07 17:29:45 +0000: reduce 60-5: 1.9MiB (0.7MiB max)
2018-01-07 17:29:45 +0000: build 58-6: 0 states (0 batches)
2018-01-07 17:29:45 +0000: reduce 60-6: 0.0MiB (0.0MiB max)
2018-01-07 17:29:45 +0000: build 60-3: 1656782 states (1 batches)
.
2018-01-07 17:30:02 +0000: reduce 62-3: 3.7MiB (1.9MiB max)
2018-01-07 17:30:03 +0000: build 60-4: 7567524 states (1 batches)
.
2018-01-07 17:31:44 +0000: reduce 62-4: 26.0MiB (11.0MiB max)
2018-01-07 17:31:45 +0000: build 60-5: 566877 states (1 batches)
.
2018-01-07 17:31:52 +0000: reduce 62-5: 2.8MiB (1.1MiB max)
2018-01-07 17:31:52 +0000: build 60-6: 0 states (0 batches)
2018-01-07 17:31:52 +0000: reduce 62-6: 0.0MiB (0.0MiB max)
2018-01-07 17:31:52 +0000: build 62-3: 1617354 states (1 batches)
.
2018-01-07 17:32:09 +0000: reduce 64-3: 3.6MiB (1.8MiB max)
2018-01-07 17:32:09 +0000: build 62-4: 9568130 states (1 batches)
.
2018-01-07 17:34:22 +0000: reduce 64-4: 31.7MiB (13.6MiB max)
2018-01-07 17:34:23 +0000: build 62-5: 867814 states (1 batches)
.
2018-01-07 17:34:34 +0000: reduce 64-5: 4.2MiB (1.6MiB max)
2018-01-07 17:34:35 +0000: build 62-6: 0 states (0 batches)
2018-01-07 17:34:35 +0000: reduce 64-6: 0.0MiB (0.0MiB max)
2018-01-07 17:34:35 +0000: build 64-3: 1530275 states (1 batches)
.
2018-01-07 17:34:50 +0000: reduce 66-3: 3.3MiB (1.7MiB max)
2018-01-07 17:34:51 +0000: build 64-4: 11902712 states (2 batches)
..
2018-01-07 17:37:07 +0000: reduce 66-4: 46.5MiB (14.7MiB max)
2018-01-07 17:37:09 +0000: build 64-5: 1299069 states (1 batches)
.
2018-01-07 17:37:26 +0000: reduce 66-5: 6.3MiB (2.3MiB max)
2018-01-07 17:37:26 +0000: build 64-6: 0 states (0 batches)
2018-01-07 17:37:26 +0000: reduce 66-6: 0.0MiB (0.0MiB max)
2018-01-07 17:37:26 +0000: build 66-3: 1398860 states (1 batches)
.
2018-01-07 17:37:40 +0000: reduce 68-3: 3.0MiB (1.5MiB max)
2018-01-07 17:37:40 +0000: build 66-4: 14552869 states (2 batches)
..
2018-01-07 17:40:05 +0000: reduce 68-4: 64.6MiB (15.9MiB max)
2018-01-07 17:40:07 +0000: build 66-5: 1906144 states (1 batches)
.
2018-01-07 17:40:33 +0000: reduce 68-5: 9.5MiB (3.3MiB max)
2018-01-07 17:40:34 +0000: build 66-6: 0 states (0 batches)
2018-01-07 17:40:34 +0000: reduce 68-6: 0.0MiB (0.0MiB max)
2018-01-07 17:40:34 +0000: build 68-3: 1232145 states (1 batches)
.
2018-01-07 17:40:46 +0000: reduce 70-3: 2.5MiB (1.4MiB max)
2018-01-07 17:40:46 +0000: build 68-4: 17499088 states (2 batches)
..
2018-01-07 17:43:28 +0000: reduce 70-4: 76.3MiB (19.1MiB max)
2018-01-07 17:43:31 +0000: build 68-5: 2747767 states (1 batches)
.
2018-01-07 17:44:09 +0000: reduce 70-5: 13.5MiB (4.7MiB max)
2018-01-07 17:44:10 +0000: build 68-6: 0 states (0 batches)
2018-01-07 17:44:10 +0000: reduce 70-6: 0.0MiB (0.0MiB max)
2018-01-07 17:44:10 +0000: build 70-3: 1041329 states (1 batches)
.
2018-01-07 17:44:20 +0000: reduce 72-3: 2.1MiB (1.1MiB max)
2018-01-07 17:44:20 +0000: build 70-4: 20742059 states (3 batches)
...
2018-01-07 17:46:57 +0000: reduce 72-4: 92.3MiB (22.6MiB max)
2018-01-07 17:47:00 +0000: build 70-5: 3887190 states (1 batches)
.
2018-01-07 17:47:53 +0000: reduce 72-5: 19.0MiB (6.4MiB max)
2018-01-07 17:47:54 +0000: build 70-6: 0 states (0 batches)
2018-01-07 17:47:54 +0000: reduce 72-6: 0.0MiB (0.0MiB max)
2018-01-07 17:47:54 +0000: build 72-3: 841744 states (1 batches)
.
2018-01-07 17:48:01 +0000: reduce 74-3: 1.6MiB (0.9MiB max)
2018-01-07 17:48:02 +0000: build 72-4: 24221958 states (3 batches)
...
2018-01-07 17:50:45 +0000: reduce 74-4: 117.2MiB (23.1MiB max)
2018-01-07 17:50:49 +0000: build 72-5: 5397679 states (1 batches)
.
2018-01-07 17:52:04 +0000: reduce 74-5: 27.0MiB (8.7MiB max)
2018-01-07 17:52:05 +0000: build 72-6: 0 states (0 batches)
2018-01-07 17:52:05 +0000: reduce 74-6: 0.0MiB (0.0MiB max)
2018-01-07 17:52:05 +0000: build 74-3: 646406 states (1 batches)
.
2018-01-07 17:52:11 +0000: reduce 76-3: 1.2MiB (0.7MiB max)
2018-01-07 17:52:11 +0000: build 74-4: 27872644 states (3 batches)
...
2018-01-07 17:54:53 +0000: reduce 76-4: 140.5MiB (27.3MiB max)
2018-01-07 17:54:58 +0000: build 74-5: 7379125 states (1 batches)
.
2018-01-07 17:56:41 +0000: reduce 76-5: 37.4MiB (11.6MiB max)
2018-01-07 17:56:43 +0000: build 74-6: 0 states (0 batches)
2018-01-07 17:56:43 +0000: reduce 76-6: 0.0MiB (0.0MiB max)
2018-01-07 17:56:43 +0000: build 76-3: 469112 states (1 batches)
.
2018-01-07 17:56:47 +0000: reduce 78-3: 0.9MiB (0.5MiB max)
2018-01-07 17:56:47 +0000: build 76-4: 31669316 states (4 batches)
....
2018-01-07 17:59:37 +0000: reduce 78-4: 163.9MiB (30.7MiB max)
2018-01-07 17:59:43 +0000: build 76-5: 9924527 states (1 batches)
.
2018-01-07 18:02:13 +0000: reduce 78-5: 50.2MiB (15.3MiB max)
2018-01-07 18:02:15 +0000: build 76-6: 0 states (0 batches)
2018-01-07 18:02:15 +0000: reduce 78-6: 0.0MiB (0.0MiB max)
2018-01-07 18:02:15 +0000: build 78-3: 319526 states (1 batches)
.
2018-01-07 18:02:18 +0000: reduce 80-3: 0.6MiB (0.3MiB max)
2018-01-07 18:02:18 +0000: build 78-4: 35540434 states (4 batches)
....
2018-01-07 18:05:15 +0000: reduce 80-4: 194.7MiB (32.2MiB max)
2018-01-07 18:05:22 +0000: build 78-5: 13142230 states (2 batches)
..
2018-01-07 18:08:00 +0000: reduce 80-5: 77.2MiB (17.1MiB max)
2018-01-07 18:08:03 +0000: build 78-6: 0 states (0 batches)
2018-01-07 18:08:03 +0000: reduce 80-6: 0.0MiB (0.0MiB max)
2018-01-07 18:08:03 +0000: build 80-3: 203334 states (1 batches)
.
2018-01-07 18:08:05 +0000: reduce 82-3: 0.4MiB (0.2MiB max)
2018-01-07 18:08:05 +0000: build 80-4: 39403367 states (4 batches)
....
2018-01-07 18:11:03 +0000: reduce 82-4: 220.4MiB (33.7MiB max)
2018-01-07 18:11:11 +0000: build 80-5: 17183625 states (2 batches)
..
2018-01-07 18:14:08 +0000: reduce 82-5: 111.3MiB (19.3MiB max)
2018-01-07 18:14:12 +0000: build 80-6: 0 states (0 batches)
2018-01-07 18:14:12 +0000: reduce 82-6: 0.0MiB (0.0MiB max)
2018-01-07 18:14:12 +0000: build 82-3: 119573 states (1 batches)
.
2018-01-07 18:14:13 +0000: reduce 84-3: 0.2MiB (0.1MiB max)
2018-01-07 18:14:13 +0000: build 82-4: 43210795 states (5 batches)
.....
2018-01-07 18:17:13 +0000: reduce 84-4: 251.9MiB (36.6MiB max)
2018-01-07 18:17:22 +0000: build 82-5: 22165755 states (3 batches)
...
2018-01-07 18:20:32 +0000: reduce 84-5: 155.6MiB (25.6MiB max)
2018-01-07 18:20:38 +0000: build 82-6: 0 states (0 batches)
2018-01-07 18:20:38 +0000: reduce 84-6: 0.0MiB (0.0MiB max)
2018-01-07 18:20:38 +0000: build 84-3: 64457 states (1 batches)
.
2018-01-07 18:20:39 +0000: reduce 86-3: 0.1MiB (0.1MiB max)
2018-01-07 18:20:39 +0000: build 84-4: 46874625 states (5 batches)
.....
2018-01-07 18:23:52 +0000: reduce 86-4: 291.8MiB (39.7MiB max)
2018-01-07 18:24:02 +0000: build 84-5: 28188682 states (3 batches)
...
2018-01-07 18:27:19 +0000: reduce 86-5: 214.0MiB (29.4MiB max)
2018-01-07 18:27:27 +0000: build 84-6: 0 states (0 batches)
2018-01-07 18:27:27 +0000: reduce 86-6: 0.0MiB (0.0MiB max)
2018-01-07 18:27:27 +0000: build 86-3: 31408 states (1 batches)
.
2018-01-07 18:27:27 +0000: reduce 88-3: 0.0MiB (0.0MiB max)
2018-01-07 18:27:27 +0000: build 86-4: 50299541 states (6 batches)
......
2018-01-07 18:30:38 +0000: reduce 88-4: 320.6MiB (39.8MiB max)
2018-01-07 18:30:50 +0000: build 86-5: 35422027 states (4 batches)
....
2018-01-07 18:34:03 +0000: reduce 88-5: 289.8MiB (33.1MiB max)
2018-01-07 18:34:14 +0000: build 86-6: 0 states (0 batches)
2018-01-07 18:34:14 +0000: reduce 88-6: 0.0MiB (0.0MiB max)
2018-01-07 18:34:14 +0000: build 88-3: 13535 states (1 batches)
.
2018-01-07 18:34:14 +0000: reduce 90-3: 0.0MiB (0.0MiB max)
2018-01-07 18:34:14 +0000: build 88-4: 53446456 states (6 batches)
......
2018-01-07 18:37:22 +0000: reduce 90-4: 343.9MiB (40.0MiB max)
2018-01-07 18:37:35 +0000: build 88-5: 43965501 states (5 batches)
.....
2018-01-07 18:40:49 +0000: reduce 90-5: 393.5MiB (41.6MiB max)
2018-01-07 18:41:05 +0000: build 88-6: 0 states (0 batches)
2018-01-07 18:41:05 +0000: reduce 90-6: 0.0MiB (0.0MiB max)
2018-01-07 18:41:05 +0000: build 90-3: 5070 states (1 batches)
.
2018-01-07 18:41:05 +0000: reduce 92-3: 0.0MiB (0.0MiB max)
2018-01-07 18:41:05 +0000: build 90-4: 56248718 states (6 batches)
......
2018-01-07 18:44:24 +0000: reduce 92-4: 368.1MiB (40.0MiB max)
2018-01-07 18:44:37 +0000: build 90-5: 53889209 states (6 batches)
......
2018-01-07 18:47:50 +0000: reduce 92-5: 522.7MiB (48.4MiB max)
2018-01-07 18:48:11 +0000: build 90-6: 0 states (0 batches)
2018-01-07 18:48:11 +0000: reduce 92-6: 0.0MiB (0.0MiB max)
2018-01-07 18:48:11 +0000: build 92-3: 1571 states (1 batches)
.
2018-01-07 18:48:11 +0000: reduce 94-3: 0.0MiB (0.0MiB max)
2018-01-07 18:48:11 +0000: build 92-4: 58606282 states (6 batches)
......
2018-01-07 18:51:15 +0000: reduce 94-4: 388.1MiB (39.8MiB max)
2018-01-07 18:51:29 +0000: build 92-5: 65365113 states (7 batches)
.......
2018-01-07 18:54:45 +0000: reduce 94-5: 681.9MiB (55.7MiB max)
2018-01-07 18:55:12 +0000: build 92-6: 0 states (0 batches)
2018-01-07 18:55:12 +0000: reduce 94-6: 0.0MiB (0.0MiB max)
2018-01-07 18:55:12 +0000: build 94-3: 318 states (1 batches)
.
2018-01-07 18:55:12 +0000: reduce 96-3: 0.0MiB (0.0MiB max)
2018-01-07 18:55:12 +0000: build 94-4: 60498699 states (7 batches)
.......
2018-01-07 18:58:20 +0000: reduce 96-4: 403.9MiB (39.6MiB max)
2018-01-07 18:58:35 +0000: build 94-5: 78491776 states (8 batches)
........
2018-01-07 19:02:06 +0000: reduce 96-5: 866.4MiB (60.9MiB max)
2018-01-07 19:02:39 +0000: build 94-6: 0 states (0 batches)
2018-01-07 19:02:39 +0000: reduce 96-6: 0.0MiB (0.0MiB max)
2018-01-07 19:02:39 +0000: build 96-3: 29 states (1 batches)
.
2018-01-07 19:02:39 +0000: reduce 98-3: 0.0MiB (0.0MiB max)
2018-01-07 19:02:39 +0000: build 96-4: 61892589 states (7 batches)
.......
2018-01-07 19:05:46 +0000: reduce 98-4: 419.8MiB (39.4MiB max)
2018-01-07 19:06:02 +0000: build 96-5: 93271018 states (10 batches)
..........
2018-01-07 19:09:42 +0000: reduce 98-5: 1095.0MiB (66.4MiB max)
2018-01-07 19:10:26 +0000: build 96-6: 0 states (0 batches)
2018-01-07 19:10:26 +0000: reduce 98-6: 0.0MiB (0.0MiB max)
2018-01-07 19:10:26 +0000: build 98-3: 0 states (0 batches)
2018-01-07 19:10:26 +0000: reduce 100-3: 0.0MiB (0.0MiB max)
2018-01-07 19:10:26 +0000: build 98-4: 62663572 states (7 batches)
.......
2018-01-07 19:13:37 +0000: reduce 100-4: 427.1MiB (39.1MiB max)
2018-01-07 19:13:53 +0000: build 98-5: 109801182 states (11 batches)
...........
2018-01-07 19:17:28 +0000: reduce 100-5: 1358.7MiB (71.3MiB max)
2018-01-07 19:18:24 +0000: build 98-6: 0 states (0 batches)
2018-01-07 19:18:24 +0000: reduce 100-6: 0.0MiB (0.0MiB max)
2018-01-07 19:18:24 +0000: build 100-3: 0 states (0 batches)
2018-01-07 19:18:24 +0000: build 100-4: 62812882 states (7 batches)
.......
2018-01-07 19:21:38 +0000: reduce 102-4: 423.6MiB (38.4MiB max)
2018-01-07 19:21:53 +0000: build 100-5: 128076249 states (13 batches)
.............
2018-01-07 19:25:54 +0000: reduce 102-5: 1650.6MiB (75.5MiB max)
2018-01-07 19:27:04 +0000: build 100-6: 0 states (0 batches)
2018-01-07 19:27:04 +0000: reduce 102-6: 0.0MiB (0.0MiB max)
2018-01-07 19:27:04 +0000: build 102-4: 62380433 states (7 batches)
.......
2018-01-07 19:30:16 +0000: reduce 104-4: 414.7MiB (38.2MiB max)
2018-01-07 19:30:30 +0000: build 102-5: 148008829 states (15 batches)
...............
2018-01-07 19:34:10 +0000: reduce 104-5: 1961.5MiB (77.6MiB max)
2018-01-07 19:35:31 +0000: build 102-6: 0 states (0 batches)
2018-01-07 19:35:31 +0000: reduce 104-6: 0.0MiB (0.0MiB max)
2018-01-07 19:35:31 +0000: build 104-4: 61373511 states (7 batches)
.......
2018-01-07 19:38:35 +0000: reduce 106-4: 400.0MiB (38.2MiB max)
2018-01-07 19:38:49 +0000: build 104-5: 169648709 states (17 batches)
.................
2018-01-07 19:43:50 +0000: reduce 106-5: 2317.9MiB (82.8MiB max)
2018-01-07 19:45:28 +0000: build 104-6: 0 states (0 batches)
2018-01-07 19:45:28 +0000: reduce 106-6: 0.0MiB (0.0MiB max)
2018-01-07 19:45:28 +0000: build 106-4: 59731075 states (6 batches)
......
2018-01-07 19:48:39 +0000: reduce 108-4: 374.7MiB (37.6MiB max)
2018-01-07 19:48:52 +0000: build 106-5: 192990971 states (20 batches)
....................
2018-01-07 19:54:49 +0000: reduce 108-5: 2730.9MiB (87.5MiB max)
2018-01-07 19:56:45 +0000: build 106-6: 0 states (0 batches)
2018-01-07 19:56:45 +0000: reduce 108-6: 0.0MiB (0.0MiB max)
2018-01-07 19:56:45 +0000: build 108-4: 57618159 states (6 batches)
......
2018-01-07 20:00:09 +0000: reduce 110-4: 346.8MiB (36.3MiB max)
2018-01-07 20:00:21 +0000: build 108-5: 217810556 states (22 batches)
......................
2018-01-07 20:06:15 +0000: reduce 110-5: 3162.5MiB (90.6MiB max)
2018-01-07 20:08:28 +0000: build 108-6: 0 states (0 batches)
2018-01-07 20:08:28 +0000: reduce 110-6: 0.0MiB (0.0MiB max)
2018-01-07 20:08:28 +0000: build 110-4: 55074310 states (6 batches)
......
2018-01-07 20:11:40 +0000: reduce 112-4: 319.4MiB (35.1MiB max)
2018-01-07 20:11:52 +0000: build 110-5: 244134397 states (25 batches)
.........................
2018-01-07 20:18:19 +0000: reduce 112-5: 3589.6MiB (92.5MiB max)
2018-01-07 20:20:57 +0000: build 110-6: 0 states (0 batches)
2018-01-07 20:20:57 +0000: reduce 112-6: 0.0MiB (0.0MiB max)
2018-01-07 20:20:57 +0000: build 112-4: 52024431 states (6 batches)
......
2018-01-07 20:24:24 +0000: reduce 114-4: 291.4MiB (31.2MiB max)
2018-01-07 20:24:35 +0000: build 112-5: 271827254 states (28 batches)
............................
2018-01-07 20:31:14 +0000: reduce 114-5: 4056.1MiB (94.7MiB max)
2018-01-07 20:34:20 +0000: build 112-6: 0 states (0 batches)
2018-01-07 20:34:20 +0000: reduce 114-6: 0.0MiB (0.0MiB max)
2018-01-07 20:34:20 +0000: build 114-4: 48618460 states (5 batches)
.....
2018-01-07 20:37:26 +0000: reduce 116-4: 258.2MiB (29.7MiB max)
2018-01-07 20:37:35 +0000: build 114-5: 300500078 states (31 batches)
...............................
2018-01-07 20:44:44 +0000: reduce 116-5: 4545.6MiB (96.9MiB max)
2018-01-07 20:48:04 +0000: build 114-6: 0 states (0 batches)
2018-01-07 20:48:04 +0000: reduce 116-6: 0.0MiB (0.0MiB max)
2018-01-07 20:48:04 +0000: build 116-4: 45027957 states (5 batches)
.....
2018-01-07 20:51:21 +0000: reduce 118-4: 226.2MiB (29.1MiB max)
2018-01-07 20:51:29 +0000: build 116-5: 330041914 states (34 batches)
..................................
2018-01-07 20:59:03 +0000: reduce 118-5: 5022.4MiB (98.2MiB max)
2018-01-07 21:02:54 +0000: build 116-6: 0 states (0 batches)
2018-01-07 21:02:54 +0000: reduce 118-6: 0.0MiB (0.0MiB max)
2018-01-07 21:02:54 +0000: build 118-4: 41230645 states (5 batches)
.....
2018-01-07 21:06:00 +0000: reduce 120-4: 197.1MiB (27.2MiB max)
2018-01-07 21:06:07 +0000: build 118-5: 360483129 states (37 batches)
.....................................
2018-01-07 21:14:43 +0000: reduce 120-5: 5492.8MiB (99.8MiB max)
2018-01-07 21:19:03 +0000: build 118-6: 0 states (0 batches)
2018-01-07 21:19:03 +0000: reduce 120-6: 0.0MiB (0.0MiB max)
2018-01-07 21:19:03 +0000: build 120-4: 37256691 states (4 batches)
....
2018-01-07 21:22:14 +0000: reduce 122-4: 164.6MiB (23.6MiB max)
2018-01-07 21:22:20 +0000: build 120-5: 391642066 states (40 batches)
........................................
2018-01-07 21:31:37 +0000: reduce 122-5: 5989.5MiB (100.9MiB max)
2018-01-07 21:36:16 +0000: build 120-6: 0 states (0 batches)
2018-01-07 21:36:16 +0000: reduce 122-6: 0.0MiB (0.0MiB max)
2018-01-07 21:36:16 +0000: build 122-4: 33391296 states (4 batches)
....
2018-01-07 21:39:14 +0000: reduce 124-4: 139.1MiB (21.6MiB max)
2018-01-07 21:39:19 +0000: build 122-5: 423043132 states (43 batches)
...........................................
2018-01-07 21:49:06 +0000: reduce 124-5: 6512.1MiB (99.4MiB max)
2018-01-07 21:54:13 +0000: build 122-6: 0 states (0 batches)
2018-01-07 21:54:13 +0000: reduce 124-6: 0.0MiB (0.0MiB max)
2018-01-07 21:54:13 +0000: build 124-4: 29573932 states (3 batches)
...
2018-01-07 21:56:59 +0000: reduce 126-4: 116.0MiB (20.8MiB max)
2018-01-07 21:57:03 +0000: build 124-5: 454771350 states (46 batches)
..............................................
2018-01-07 22:06:34 +0000: reduce 126-5: 6991.5MiB (100.9MiB max)
2018-01-07 22:12:01 +0000: build 124-6: 0 states (0 batches)
2018-01-07 22:12:01 +0000: reduce 126-6: 0.0MiB (0.0MiB max)
2018-01-07 22:12:01 +0000: build 126-4: 25791713 states (3 batches)
...
2018-01-07 22:14:47 +0000: reduce 128-4: 92.6MiB (18.8MiB max)
2018-01-07 22:14:50 +0000: build 126-5: 486643950 states (49 batches)
.................................................
2018-01-07 22:24:59 +0000: reduce 128-5: 7452.9MiB (102.5MiB max)
2018-01-07 22:30:52 +0000: build 126-6: 0 states (0 batches)
2018-01-07 22:30:52 +0000: reduce 128-6: 0.0MiB (0.0MiB max)
2018-01-07 22:30:52 +0000: build 128-4: 22233149 states (3 batches)
...
2018-01-07 22:33:41 +0000: reduce 130-4: 74.6MiB (16.4MiB max)
2018-01-07 22:33:43 +0000: build 128-5: 517983757 states (52 batches)
....................................................
2018-01-07 22:44:51 +0000: reduce 130-5: 7974.4MiB (106.5MiB max)
2018-01-07 22:51:10 +0000: build 128-6: 0 states (0 batches)
2018-01-07 22:51:10 +0000: reduce 130-6: 0.0MiB (0.0MiB max)
2018-01-07 22:51:10 +0000: build 130-4: 18966831 states (2 batches)
..
2018-01-07 22:53:35 +0000: reduce 132-4: 57.3MiB (14.9MiB max)
2018-01-07 22:53:37 +0000: build 130-5: 548586346 states (55 batches)
.......................................................
2018-01-07 23:04:45 +0000: reduce 132-5: 8440.5MiB (105.0MiB max)
2018-01-07 23:11:19 +0000: build 130-6: 0 states (0 batches)
2018-01-07 23:11:19 +0000: reduce 132-6: 0.0MiB (0.0MiB max)
2018-01-07 23:11:19 +0000: build 132-4: 15916525 states (2 batches)
..
2018-01-07 23:13:39 +0000: reduce 134-4: 44.8MiB (13.2MiB max)
2018-01-07 23:13:40 +0000: build 132-5: 578857593 states (58 batches)
..........................................................
2018-01-07 23:25:20 +0000: reduce 134-5: 8858.1MiB (105.7MiB max)
2018-01-07 23:32:22 +0000: build 132-6: 0 states (0 batches)
2018-01-07 23:32:22 +0000: reduce 134-6: 0.0MiB (0.0MiB max)
2018-01-07 23:32:22 +0000: build 134-4: 13151048 states (2 batches)
..
2018-01-07 23:34:30 +0000: reduce 136-4: 35.2MiB (10.5MiB max)
2018-01-07 23:34:31 +0000: build 134-5: 608494472 states (61 batches)
.............................................................
2018-01-07 23:46:16 +0000: reduce 136-5: 9286.3MiB (106.5MiB max)
2018-01-07 23:53:37 +0000: build 134-6: 0 states (0 batches)
2018-01-07 23:53:37 +0000: reduce 136-6: 0.0MiB (0.0MiB max)
2018-01-07 23:53:37 +0000: build 136-4: 10766143 states (2 batches)
..
2018-01-07 23:55:38 +0000: reduce 138-4: 25.9MiB (9.5MiB max)
2018-01-07 23:55:39 +0000: build 136-5: 636725654 states (64 batches)
................................................................
2018-01-08 00:07:38 +0000: reduce 138-5: 9679.1MiB (106.9MiB max)
2018-01-08 00:15:41 +0000: build 136-6: 0 states (0 batches)
2018-01-08 00:15:41 +0000: reduce 138-6: 0.0MiB (0.0MiB max)
2018-01-08 00:15:41 +0000: build 138-4: 8649778 states (1 batches)
.
2018-01-08 00:17:18 +0000: reduce 140-4: 18.2MiB (8.7MiB max)
2018-01-08 00:17:19 +0000: build 138-5: 664053917 states (67 batches)
...................................................................
2018-01-08 00:29:48 +0000: reduce 140-5: 10040.1MiB (106.8MiB max)
2018-01-08 00:37:48 +0000: build 138-6: 0 states (0 batches)
2018-01-08 00:37:48 +0000: reduce 140-6: 0.0MiB (0.0MiB max)
2018-01-08 00:37:48 +0000: build 140-4: 6817980 states (1 batches)
.
2018-01-08 00:39:03 +0000: reduce 142-4: 13.2MiB (7.3MiB max)
2018-01-08 00:39:03 +0000: build 140-5: 690213914 states (70 batches)
......................................................................
2018-01-08 00:51:49 +0000: reduce 142-5: 10381.3MiB (108.1MiB max)
2018-01-08 01:00:20 +0000: build 140-6: 0 states (0 batches)
2018-01-08 01:00:20 +0000: reduce 142-6: 0.0MiB (0.0MiB max)
2018-01-08 01:00:20 +0000: build 142-4: 5289587 states (1 batches)
.
2018-01-08 01:01:16 +0000: reduce 144-4: 10.3MiB (5.7MiB max)
2018-01-08 01:01:16 +0000: build 142-5: 714412577 states (72 batches)
........................................................................
2018-01-08 01:14:03 +0000: reduce 144-5: 10711.7MiB (102.3MiB max)
2018-01-08 01:22:54 +0000: build 142-6: 0 states (0 batches)
2018-01-08 01:22:54 +0000: reduce 144-6: 0.0MiB (0.0MiB max)
2018-01-08 01:22:54 +0000: build 144-4: 4045361 states (1 batches)
.
2018-01-08 01:23:35 +0000: reduce 146-4: 7.8MiB (4.4MiB max)
2018-01-08 01:23:36 +0000: build 144-5: 736636353 states (74 batches)
..........................................................................
2018-01-08 01:36:21 +0000: reduce 146-5: 10988.6MiB (105.4MiB max)
2018-01-08 01:45:42 +0000: build 144-6: 0 states (0 batches)
2018-01-08 01:45:42 +0000: reduce 146-6: 0.0MiB (0.0MiB max)
2018-01-08 01:45:42 +0000: build 146-4: 3018342 states (1 batches)
.
2018-01-08 01:46:11 +0000: reduce 148-4: 5.9MiB (3.3MiB max)
2018-01-08 01:46:11 +0000: build 146-5: 757472469 states (76 batches)
............................................................................
2018-01-08 01:58:42 +0000: reduce 148-5: 11235.9MiB (106.8MiB max)
2018-01-08 02:07:57 +0000: build 146-6: 0 states (0 batches)
2018-01-08 02:07:57 +0000: reduce 148-6: 0.0MiB (0.0MiB max)
2018-01-08 02:07:57 +0000: build 148-4: 2211749 states (1 batches)
.
2018-01-08 02:08:17 +0000: reduce 150-4: 4.3MiB (2.5MiB max)
2018-01-08 02:08:18 +0000: build 148-5: 776818358 states (78 batches)
..............................................................................
2018-01-08 02:20:56 +0000: reduce 150-5: 11459.1MiB (105.3MiB max)
2018-01-08 02:30:32 +0000: build 148-6: 0 states (0 batches)
2018-01-08 02:30:32 +0000: reduce 150-6: 0.0MiB (0.0MiB max)
2018-01-08 02:30:32 +0000: build 150-4: 1596193 states (1 batches)
.
2018-01-08 02:30:46 +0000: reduce 152-4: 3.1MiB (1.8MiB max)
2018-01-08 02:30:46 +0000: build 150-5: 794222177 states (80 batches)
................................................................................
2018-01-08 02:43:36 +0000: reduce 152-5: 11654.8MiB (103.5MiB max)
2018-01-08 02:53:32 +0000: build 150-6: 0 states (0 batches)
2018-01-08 02:53:32 +0000: reduce 152-6: 0.0MiB (0.0MiB max)
2018-01-08 02:53:32 +0000: build 152-4: 1122085 states (1 batches)
.
2018-01-08 02:53:41 +0000: reduce 154-4: 2.2MiB (1.3MiB max)
2018-01-08 02:53:41 +0000: build 152-5: 809323922 states (81 batches)
.................................................................................
2018-01-08 03:06:06 +0000: reduce 154-5: 11778.4MiB (102.9MiB max)
2018-01-08 03:16:11 +0000: build 152-6: 0 states (0 batches)
2018-01-08 03:16:11 +0000: reduce 154-6: 0.0MiB (0.0MiB max)
2018-01-08 03:16:11 +0000: build 154-4: 766906 states (1 batches)
.
2018-01-08 03:16:17 +0000: reduce 156-4: 1.5MiB (0.9MiB max)
2018-01-08 03:16:17 +0000: build 154-5: 822754787 states (83 batches)
...................................................................................
2018-01-08 03:28:35 +0000: reduce 156-5: 11855.8MiB (102.5MiB max)
2018-01-08 03:38:40 +0000: build 154-6: 0 states (0 batches)
2018-01-08 03:38:40 +0000: reduce 156-6: 0.0MiB (0.0MiB max)
2018-01-08 03:38:40 +0000: build 156-4: 508748 states (1 batches)
.
2018-01-08 03:38:43 +0000: reduce 158-4: 1.0MiB (0.6MiB max)
2018-01-08 03:38:44 +0000: build 156-5: 834038772 states (84 batches)
....................................................................................
2018-01-08 03:51:05 +0000: reduce 158-5: 11908.1MiB (102.4MiB max)
2018-01-08 04:01:11 +0000: build 156-6: 0 states (0 batches)
2018-01-08 04:01:11 +0000: reduce 158-6: 0.0MiB (0.0MiB max)
2018-01-08 04:01:11 +0000: build 158-4: 330550 states (1 batches)
.
2018-01-08 04:01:13 +0000: reduce 160-4: 0.6MiB (0.4MiB max)
2018-01-08 04:01:13 +0000: build 158-5: 842290859 states (85 batches)
.....................................................................................
2018-01-08 04:13:09 +0000: reduce 160-5: 11910.3MiB (98.7MiB max)
2018-01-08 04:23:25 +0000: build 158-6: 0 states (0 batches)
2018-01-08 04:23:25 +0000: reduce 160-6: 0.0MiB (0.0MiB max)
2018-01-08 04:23:26 +0000: build 160-4: 205515 states (1 batches)
.
2018-01-08 04:23:27 +0000: reduce 162-4: 0.4MiB (0.2MiB max)
2018-01-08 04:23:27 +0000: build 160-5: 848430242 states (85 batches)
.....................................................................................
2018-01-08 04:35:01 +0000: reduce 162-5: 11931.1MiB (96.6MiB max)
2018-01-08 04:45:05 +0000: build 160-6: 0 states (0 batches)
2018-01-08 04:45:05 +0000: reduce 162-6: 0.0MiB (0.0MiB max)
2018-01-08 04:45:05 +0000: build 162-4: 124700 states (1 batches)
.
2018-01-08 04:45:06 +0000: reduce 164-4: 0.2MiB (0.1MiB max)
2018-01-08 04:45:06 +0000: build 162-5: 853792082 states (86 batches)
......................................................................................
2018-01-08 04:56:50 +0000: reduce 164-5: 11922.5MiB (96.3MiB max)
2018-01-08 05:07:15 +0000: build 162-6: 0 states (0 batches)
2018-01-08 05:07:15 +0000: reduce 164-6: 0.0MiB (0.0MiB max)
2018-01-08 05:07:15 +0000: build 164-4: 73040 states (1 batches)
.
2018-01-08 05:07:15 +0000: reduce 166-4: 0.1MiB (0.1MiB max)
2018-01-08 05:07:15 +0000: build 164-5: 856386976 states (86 batches)
......................................................................................
2018-01-08 05:18:36 +0000: reduce 166-5: 11803.4MiB (95.0MiB max)
2018-01-08 05:29:01 +0000: build 164-6: 0 states (0 batches)
2018-01-08 05:29:01 +0000: reduce 166-6: 0.0MiB (0.0MiB max)
2018-01-08 05:29:01 +0000: build 166-4: 41466 states (1 batches)
.
2018-01-08 05:29:01 +0000: reduce 168-4: 0.1MiB (0.0MiB max)
2018-01-08 05:29:01 +0000: build 166-5: 856111822 states (86 batches)
......................................................................................
2018-01-08 05:39:58 +0000: reduce 168-5: 11632.4MiB (95.0MiB max)
2018-01-08 05:49:48 +0000: build 166-6: 0 states (0 batches)
2018-01-08 05:49:48 +0000: reduce 168-6: 0.0MiB (0.0MiB max)
2018-01-08 05:49:48 +0000: build 168-4: 22284 states (1 batches)
.
2018-01-08 05:49:49 +0000: reduce 170-4: 0.0MiB (0.0MiB max)
2018-01-08 05:49:49 +0000: build 168-5: 854268077 states (86 batches)
......................................................................................
2018-01-08 06:00:20 +0000: reduce 170-5: 11458.7MiB (93.4MiB max)
2018-01-08 06:09:54 +0000: build 168-6: 0 states (0 batches)
2018-01-08 06:09:54 +0000: reduce 170-6: 0.0MiB (0.0MiB max)
2018-01-08 06:09:54 +0000: build 170-4: 11525 states (1 batches)
.
2018-01-08 06:09:54 +0000: reduce 172-4: 0.0MiB (0.0MiB max)
2018-01-08 06:09:54 +0000: build 170-5: 849960999 states (85 batches)
.....................................................................................
2018-01-08 06:20:03 +0000: reduce 172-5: 11257.5MiB (91.6MiB max)
2018-01-08 06:30:06 +0000: build 170-6: 0 states (0 batches)
2018-01-08 06:30:06 +0000: reduce 172-6: 0.0MiB (0.0MiB max)
2018-01-08 06:30:06 +0000: build 172-4: 5640 states (1 batches)
.
2018-01-08 06:30:06 +0000: reduce 174-4: 0.0MiB (0.0MiB max)
2018-01-08 06:30:06 +0000: build 172-5: 842440580 states (85 batches)
.....................................................................................
2018-01-08 06:40:01 +0000: reduce 174-5: 11007.2MiB (90.7MiB max)
2018-01-08 06:49:14 +0000: build 172-6: 0 states (0 batches)
2018-01-08 06:49:14 +0000: reduce 174-6: 0.0MiB (0.0MiB max)
2018-01-08 06:49:14 +0000: build 174-4: 2453 states (1 batches)
.
2018-01-08 06:49:15 +0000: reduce 176-4: 0.0MiB (0.0MiB max)
2018-01-08 06:49:15 +0000: build 174-5: 832984435 states (84 batches)
....................................................................................
2018-01-08 06:58:46 +0000: reduce 176-5: 10731.1MiB (90.5MiB max)
2018-01-08 07:07:48 +0000: build 174-6: 0 states (0 batches)
2018-01-08 07:07:48 +0000: reduce 176-6: 0.0MiB (0.0MiB max)
2018-01-08 07:07:48 +0000: build 176-4: 1076 states (1 batches)
.
2018-01-08 07:07:48 +0000: reduce 178-4: 0.0MiB (0.0MiB max)
2018-01-08 07:07:48 +0000: build 176-5: 822424342 states (83 batches)
...................................................................................
2018-01-08 07:16:52 +0000: reduce 178-5: 10468.7MiB (86.0MiB max)
2018-01-08 07:25:54 +0000: build 176-6: 0 states (0 batches)
2018-01-08 07:25:54 +0000: reduce 178-6: 0.0MiB (0.0MiB max)
2018-01-08 07:25:54 +0000: build 178-4: 367 states (1 batches)
.
2018-01-08 07:25:54 +0000: reduce 180-4: 0.0MiB (0.0MiB max)
2018-01-08 07:25:54 +0000: build 178-5: 810215388 states (82 batches)
..................................................................................
2018-01-08 07:34:33 +0000: reduce 180-5: 10148.9MiB (86.9MiB max)
2018-01-08 07:43:18 +0000: build 178-6: 0 states (0 batches)
2018-01-08 07:43:18 +0000: reduce 180-6: 0.0MiB (0.0MiB max)
2018-01-08 07:43:18 +0000: build 180-4: 143 states (1 batches)
.
2018-01-08 07:43:18 +0000: reduce 182-4: 0.0MiB (0.0MiB max)
2018-01-08 07:43:18 +0000: build 180-5: 795433541 states (80 batches)
................................................................................
2018-01-08 07:51:43 +0000: reduce 182-5: 9774.0MiB (85.4MiB max)
2018-01-08 07:59:53 +0000: build 180-6: 0 states (0 batches)
2018-01-08 07:59:53 +0000: reduce 182-6: 0.0MiB (0.0MiB max)
2018-01-08 07:59:53 +0000: build 182-4: 26 states (1 batches)
.
2018-01-08 07:59:53 +0000: reduce 184-4: 0.0MiB (0.0MiB max)
2018-01-08 07:59:53 +0000: build 182-5: 778351630 states (78 batches)
..............................................................................
2018-01-08 08:07:47 +0000: reduce 184-5: 9431.0MiB (82.5MiB max)
2018-01-08 08:15:40 +0000: build 182-6: 0 states (0 batches)
2018-01-08 08:15:40 +0000: reduce 184-6: 0.0MiB (0.0MiB max)
2018-01-08 08:15:40 +0000: build 184-4: 13 states (1 batches)
.
2018-01-08 08:15:40 +0000: reduce 186-4: 0.0MiB (0.0MiB max)
2018-01-08 08:15:40 +0000: build 184-5: 760309100 states (77 batches)
.............................................................................
2018-01-08 08:23:41 +0000: reduce 186-5: 9059.8MiB (81.8MiB max)
2018-01-08 08:31:29 +0000: build 184-6: 0 states (0 batches)
2018-01-08 08:31:29 +0000: reduce 186-6: 0.0MiB (0.0MiB max)
2018-01-08 08:31:29 +0000: build 186-4: 0 states (0 batches)
2018-01-08 08:31:29 +0000: reduce 188-4: 0.0MiB (0.0MiB max)
2018-01-08 08:31:29 +0000: build 186-5: 740350663 states (75 batches)
...........................................................................
2018-01-08 08:38:33 +0000: reduce 188-5: 8645.8MiB (80.9MiB max)
2018-01-08 08:45:58 +0000: build 186-6: 0 states (0 batches)
2018-01-08 08:45:58 +0000: reduce 188-6: 0.0MiB (0.0MiB max)
2018-01-08 08:45:59 +0000: build 188-4: 0 states (0 batches)
2018-01-08 08:45:59 +0000: build 188-5: 717879070 states (72 batches)
........................................................................
2018-01-08 08:52:41 +0000: reduce 190-5: 8247.3MiB (80.6MiB max)
2018-01-08 08:59:31 +0000: build 188-6: 0 states (0 batches)
2018-01-08 08:59:31 +0000: reduce 190-6: 0.0MiB (0.0MiB max)
2018-01-08 08:59:31 +0000: build 190-5: 695678461 states (70 batches)
......................................................................
2018-01-08 09:05:47 +0000: reduce 192-5: 7846.8MiB (76.5MiB max)
2018-01-08 09:12:08 +0000: build 190-6: 0 states (0 batches)
2018-01-08 09:12:08 +0000: reduce 192-6: 0.0MiB (0.0MiB max)
2018-01-08 09:12:08 +0000: build 192-5: 673877465 states (68 batches)
....................................................................
2018-01-08 09:18:00 +0000: reduce 194-5: 7460.1MiB (74.3MiB max)
2018-01-08 09:24:03 +0000: build 192-6: 0 states (0 batches)
2018-01-08 09:24:03 +0000: reduce 194-6: 0.0MiB (0.0MiB max)
2018-01-08 09:24:03 +0000: build 194-5: 649263415 states (65 batches)
.................................................................
2018-01-08 09:29:36 +0000: reduce 196-5: 7052.4MiB (76.2MiB max)
2018-01-08 09:35:20 +0000: build 194-6: 0 states (0 batches)
2018-01-08 09:35:20 +0000: reduce 196-6: 0.0MiB (0.0MiB max)
2018-01-08 09:35:20 +0000: build 196-5: 623542930 states (63 batches)
...............................................................
2018-01-08 09:40:28 +0000: reduce 198-5: 6634.3MiB (72.2MiB max)
2018-01-08 09:45:54 +0000: build 196-6: 0 states (0 batches)
2018-01-08 09:45:54 +0000: reduce 198-6: 0.0MiB (0.0MiB max)
2018-01-08 09:45:54 +0000: build 198-5: 597972039 states (60 batches)
............................................................
2018-01-08 09:50:43 +0000: reduce 200-5: 6233.5MiB (73.5MiB max)
2018-01-08 09:55:33 +0000: build 198-6: 0 states (0 batches)
2018-01-08 09:55:33 +0000: reduce 200-6: 0.0MiB (0.0MiB max)
2018-01-08 09:55:33 +0000: build 200-5: 571485110 states (58 batches)
..........................................................
2018-01-08 09:59:55 +0000: reduce 202-5: 5820.4MiB (70.2MiB max)
2018-01-08 10:04:27 +0000: build 200-6: 0 states (0 batches)
2018-01-08 10:04:27 +0000: reduce 202-6: 0.0MiB (0.0MiB max)
2018-01-08 10:04:27 +0000: build 202-5: 543655992 states (55 batches)
.......................................................
2018-01-08 10:08:34 +0000: reduce 204-5: 5433.1MiB (66.8MiB max)
2018-01-08 10:12:50 +0000: build 202-6: 0 states (0 batches)
2018-01-08 10:12:50 +0000: reduce 204-6: 0.0MiB (0.0MiB max)
2018-01-08 10:12:50 +0000: build 204-5: 516715641 states (52 batches)
....................................................
2018-01-08 10:16:39 +0000: reduce 206-5: 5045.8MiB (68.4MiB max)
2018-01-08 10:20:33 +0000: build 204-6: 0 states (0 batches)
2018-01-08 10:20:33 +0000: reduce 206-6: 0.0MiB (0.0MiB max)
2018-01-08 10:20:33 +0000: build 206-5: 490657067 states (50 batches)
..................................................
2018-01-08 10:24:29 +0000: reduce 208-5: 4677.2MiB (65.4MiB max)
2018-01-08 10:28:07 +0000: build 206-6: 0 states (0 batches)
2018-01-08 10:28:07 +0000: reduce 208-6: 0.0MiB (0.0MiB max)
2018-01-08 10:28:07 +0000: build 208-5: 464448491 states (47 batches)
...............................................
2018-01-08 10:31:17 +0000: reduce 210-5: 4326.1MiB (64.9MiB max)
2018-01-08 10:34:33 +0000: build 208-6: 0 states (0 batches)
2018-01-08 10:34:33 +0000: reduce 210-6: 0.0MiB (0.0MiB max)
2018-01-08 10:34:33 +0000: build 210-5: 436986980 states (44 batches)
............................................
2018-01-08 10:37:29 +0000: reduce 212-5: 3960.9MiB (62.6MiB max)
2018-01-08 10:40:35 +0000: build 210-6: 0 states (0 batches)
2018-01-08 10:40:35 +0000: reduce 212-6: 0.0MiB (0.0MiB max)
2018-01-08 10:40:35 +0000: build 212-5: 409841499 states (41 batches)
.........................................
2018-01-08 10:43:29 +0000: reduce 214-5: 3611.3MiB (61.6MiB max)
2018-01-08 10:46:14 +0000: build 212-6: 0 states (0 batches)
2018-01-08 10:46:14 +0000: reduce 214-6: 0.0MiB (0.0MiB max)
2018-01-08 10:46:14 +0000: build 214-5: 384024591 states (39 batches)
.......................................
2018-01-08 10:48:42 +0000: reduce 216-5: 3304.5MiB (57.0MiB max)
2018-01-08 10:51:10 +0000: build 214-6: 0 states (0 batches)
2018-01-08 10:51:10 +0000: reduce 216-6: 0.0MiB (0.0MiB max)
2018-01-08 10:51:10 +0000: build 216-5: 358199859 states (36 batches)
....................................
2018-01-08 10:53:23 +0000: reduce 218-5: 3007.0MiB (57.3MiB max)
2018-01-08 10:55:38 +0000: build 216-6: 0 states (0 batches)
2018-01-08 10:55:38 +0000: reduce 218-6: 0.0MiB (0.0MiB max)
2018-01-08 10:55:38 +0000: build 218-5: 332316845 states (34 batches)
..................................
2018-01-08 10:57:36 +0000: reduce 220-5: 2726.1MiB (56.3MiB max)
2018-01-08 10:59:34 +0000: build 218-6: 0 states (0 batches)
2018-01-08 10:59:34 +0000: reduce 220-6: 0.0MiB (0.0MiB max)
2018-01-08 10:59:34 +0000: build 220-5: 309052682 states (31 batches)
...............................
2018-01-08 11:01:22 +0000: reduce 222-5: 2463.2MiB (55.5MiB max)
2018-01-08 11:03:10 +0000: build 220-6: 0 states (0 batches)
2018-01-08 11:03:10 +0000: reduce 222-6: 0.0MiB (0.0MiB max)
2018-01-08 11:03:10 +0000: build 222-5: 286755246 states (29 batches)
.............................
2018-01-08 11:04:50 +0000: reduce 224-5: 2213.0MiB (53.5MiB max)
2018-01-08 11:06:22 +0000: build 222-6: 0 states (0 batches)
2018-01-08 11:06:22 +0000: reduce 224-6: 0.0MiB (0.0MiB max)
2018-01-08 11:06:22 +0000: build 224-5: 263753415 states (27 batches)
...........................
2018-01-08 11:07:52 +0000: reduce 226-5: 1972.0MiB (50.5MiB max)
2018-01-08 11:09:15 +0000: build 224-6: 0 states (0 batches)
2018-01-08 11:09:15 +0000: reduce 226-6: 0.0MiB (0.0MiB max)
2018-01-08 11:09:15 +0000: build 226-5: 241495406 states (25 batches)
.........................
2018-01-08 11:10:34 +0000: reduce 228-5: 1750.8MiB (49.7MiB max)
2018-01-08 11:11:46 +0000: build 226-6: 0 states (0 batches)
2018-01-08 11:11:46 +0000: reduce 228-6: 0.0MiB (0.0MiB max)
2018-01-08 11:11:46 +0000: build 228-5: 221145374 states (23 batches)
.......................
2018-01-08 11:12:53 +0000: reduce 230-5: 1552.7MiB (48.5MiB max)
2018-01-08 11:13:56 +0000: build 228-6: 0 states (0 batches)
2018-01-08 11:13:56 +0000: reduce 230-6: 0.0MiB (0.0MiB max)
2018-01-08 11:13:56 +0000: build 230-5: 201624165 states (21 batches)
.....................
2018-01-08 11:15:01 +0000: reduce 232-5: 1374.9MiB (46.2MiB max)
2018-01-08 11:15:57 +0000: build 230-6: 0 states (0 batches)
2018-01-08 11:15:57 +0000: reduce 232-6: 0.0MiB (0.0MiB max)
2018-01-08 11:15:57 +0000: build 232-5: 182809723 states (19 batches)
...................
2018-01-08 11:16:48 +0000: reduce 234-5: 1210.4MiB (43.6MiB max)
2018-01-08 11:17:36 +0000: build 232-6: 0 states (0 batches)
2018-01-08 11:17:36 +0000: reduce 234-6: 0.0MiB (0.0MiB max)
2018-01-08 11:17:36 +0000: build 234-5: 165720072 states (17 batches)
.................
2018-01-08 11:18:22 +0000: reduce 236-5: 1065.6MiB (40.9MiB max)
2018-01-08 11:19:13 +0000: build 234-6: 0 states (0 batches)
2018-01-08 11:19:13 +0000: reduce 236-6: 0.0MiB (0.0MiB max)
2018-01-08 11:19:13 +0000: build 236-5: 150116595 states (16 batches)
................
2018-01-08 11:19:57 +0000: reduce 238-5: 934.6MiB (40.5MiB max)
2018-01-08 11:20:35 +0000: build 236-6: 0 states (0 batches)
2018-01-08 11:20:35 +0000: reduce 238-6: 0.0MiB (0.0MiB max)
2018-01-08 11:20:35 +0000: build 238-5: 135178539 states (14 batches)
..............
2018-01-08 11:21:19 +0000: reduce 240-5: 812.5MiB (38.6MiB max)
2018-01-08 11:21:51 +0000: build 238-6: 0 states (0 batches)
2018-01-08 11:21:51 +0000: reduce 240-6: 0.0MiB (0.0MiB max)
2018-01-08 11:21:51 +0000: build 240-5: 120377012 states (13 batches)
.............
2018-01-08 11:22:30 +0000: reduce 242-5: 697.9MiB (36.2MiB max)
2018-01-08 11:22:57 +0000: build 240-6: 0 states (0 batches)
2018-01-08 11:22:57 +0000: reduce 242-6: 0.0MiB (0.0MiB max)
2018-01-08 11:22:57 +0000: build 242-5: 106978154 states (11 batches)
...........
2018-01-08 11:23:38 +0000: reduce 244-5: 593.8MiB (35.8MiB max)
2018-01-08 11:24:01 +0000: build 242-6: 0 states (0 batches)
2018-01-08 11:24:01 +0000: reduce 244-6: 0.0MiB (0.0MiB max)
2018-01-08 11:24:01 +0000: build 244-5: 95179515 states (10 batches)
..........
2018-01-08 11:24:38 +0000: reduce 246-5: 504.6MiB (33.6MiB max)
2018-01-08 11:24:57 +0000: build 244-6: 0 states (0 batches)
2018-01-08 11:24:57 +0000: reduce 246-6: 0.0MiB (0.0MiB max)
2018-01-08 11:24:57 +0000: build 246-5: 84088173 states (9 batches)
.........
2018-01-08 11:25:33 +0000: reduce 248-5: 429.2MiB (32.4MiB max)
2018-01-08 11:25:50 +0000: build 246-6: 0 states (0 batches)
2018-01-08 11:25:50 +0000: reduce 248-6: 0.0MiB (0.0MiB max)
2018-01-08 11:25:51 +0000: build 248-5: 73688949 states (8 batches)
........
2018-01-08 11:26:24 +0000: reduce 250-5: 368.2MiB (29.5MiB max)
2018-01-08 11:26:38 +0000: build 248-6: 0 states (0 batches)
2018-01-08 11:26:38 +0000: reduce 250-6: 0.0MiB (0.0MiB max)
2018-01-08 11:26:39 +0000: build 250-5: 64888108 states (7 batches)
.......
2018-01-08 11:27:09 +0000: reduce 252-5: 308.6MiB (29.6MiB max)
2018-01-08 11:27:20 +0000: build 250-6: 0 states (0 batches)
2018-01-08 11:27:20 +0000: reduce 252-6: 0.0MiB (0.0MiB max)
2018-01-08 11:27:20 +0000: build 252-5: 56784613 states (6 batches)
......
2018-01-08 11:27:51 +0000: reduce 254-5: 254.8MiB (27.9MiB max)
2018-01-08 11:28:00 +0000: build 252-6: 0 states (0 batches)
2018-01-08 11:28:00 +0000: reduce 254-6: 0.0MiB (0.0MiB max)
2018-01-08 11:28:00 +0000: build 254-5: 49008094 states (5 batches)
.....
2018-01-08 11:28:29 +0000: reduce 256-5: 209.5MiB (24.7MiB max)
2018-01-08 11:28:36 +0000: build 254-6: 0 states (0 batches)
2018-01-08 11:28:36 +0000: reduce 256-6: 0.0MiB (0.0MiB max)
2018-01-08 11:28:36 +0000: build 256-5: 41965057 states (5 batches)
.....
2018-01-08 11:29:03 +0000: reduce 258-5: 172.3MiB (24.7MiB max)
2018-01-08 11:29:09 +0000: build 256-6: 0 states (0 batches)
2018-01-08 11:29:09 +0000: reduce 258-6: 0.0MiB (0.0MiB max)
2018-01-08 11:29:09 +0000: build 258-5: 36207269 states (4 batches)
....
2018-01-08 11:29:34 +0000: reduce 260-5: 140.8MiB (22.8MiB max)
2018-01-08 11:29:38 +0000: build 258-6: 0 states (0 batches)
2018-01-08 11:29:38 +0000: reduce 260-6: 0.0MiB (0.0MiB max)
2018-01-08 11:29:38 +0000: build 260-5: 31007913 states (4 batches)
....
2018-01-08 11:30:02 +0000: reduce 262-5: 115.1MiB (18.8MiB max)
2018-01-08 11:30:05 +0000: build 260-6: 0 states (0 batches)
2018-01-08 11:30:05 +0000: reduce 262-6: 0.0MiB (0.0MiB max)
2018-01-08 11:30:05 +0000: build 262-5: 26395890 states (3 batches)
...
2018-01-08 11:30:29 +0000: reduce 264-5: 90.4MiB (17.4MiB max)
2018-01-08 11:30:32 +0000: build 262-6: 0 states (0 batches)
2018-01-08 11:30:32 +0000: reduce 264-6: 0.0MiB (0.0MiB max)
2018-01-08 11:30:33 +0000: build 264-5: 22347685 states (3 batches)
...
2018-01-08 11:30:52 +0000: reduce 266-5: 73.9MiB (16.4MiB max)
2018-01-08 11:30:55 +0000: build 264-6: 0 states (0 batches)
2018-01-08 11:30:55 +0000: reduce 266-6: 0.0MiB (0.0MiB max)
2018-01-08 11:30:55 +0000: build 266-5: 18985525 states (2 batches)
..
2018-01-08 11:31:14 +0000: reduce 268-5: 58.9MiB (15.1MiB max)
2018-01-08 11:31:17 +0000: build 266-6: 0 states (0 batches)
2018-01-08 11:31:17 +0000: reduce 268-6: 0.0MiB (0.0MiB max)
2018-01-08 11:31:17 +0000: build 268-5: 15883655 states (2 batches)
..
2018-01-08 11:31:32 +0000: reduce 270-5: 46.0MiB (13.2MiB max)
2018-01-08 11:31:34 +0000: build 268-6: 0 states (0 batches)
2018-01-08 11:31:34 +0000: reduce 270-6: 0.0MiB (0.0MiB max)
2018-01-08 11:31:34 +0000: build 270-5: 13106436 states (2 batches)
..
2018-01-08 11:31:49 +0000: reduce 272-5: 36.2MiB (11.7MiB max)
2018-01-08 11:31:51 +0000: build 270-6: 0 states (0 batches)
2018-01-08 11:31:51 +0000: reduce 272-6: 0.0MiB (0.0MiB max)
2018-01-08 11:31:51 +0000: build 272-5: 10793141 states (2 batches)
..
2018-01-08 11:32:05 +0000: reduce 274-5: 27.4MiB (10.8MiB max)
2018-01-08 11:32:06 +0000: build 272-6: 0 states (0 batches)
2018-01-08 11:32:06 +0000: reduce 274-6: 0.0MiB (0.0MiB max)
2018-01-08 11:32:06 +0000: build 274-5: 8985325 states (1 batches)
.
2018-01-08 11:32:18 +0000: reduce 276-5: 20.6MiB (10.3MiB max)
2018-01-08 11:32:19 +0000: build 274-6: 0 states (0 batches)
2018-01-08 11:32:19 +0000: reduce 276-6: 0.0MiB (0.0MiB max)
2018-01-08 11:32:19 +0000: build 276-5: 7349210 states (1 batches)
.
2018-01-08 11:32:28 +0000: reduce 278-5: 16.1MiB (8.7MiB max)
2018-01-08 11:32:29 +0000: build 276-6: 0 states (0 batches)
2018-01-08 11:32:29 +0000: reduce 278-6: 0.0MiB (0.0MiB max)
2018-01-08 11:32:29 +0000: build 278-5: 5937292 states (1 batches)
.
2018-01-08 11:32:36 +0000: reduce 280-5: 13.0MiB (7.1MiB max)
2018-01-08 11:32:37 +0000: build 278-6: 0 states (0 batches)
2018-01-08 11:32:37 +0000: reduce 280-6: 0.0MiB (0.0MiB max)
2018-01-08 11:32:37 +0000: build 280-5: 4807336 states (1 batches)
.
2018-01-08 11:32:43 +0000: reduce 282-5: 10.8MiB (5.9MiB max)
2018-01-08 11:32:43 +0000: build 280-6: 0 states (0 batches)
2018-01-08 11:32:43 +0000: reduce 282-6: 0.0MiB (0.0MiB max)
2018-01-08 11:32:43 +0000: build 282-5: 3889151 states (1 batches)
.
2018-01-08 11:32:48 +0000: reduce 284-5: 8.5MiB (4.8MiB max)
2018-01-08 11:32:48 +0000: build 282-6: 0 states (0 batches)
2018-01-08 11:32:48 +0000: reduce 284-6: 0.0MiB (0.0MiB max)
2018-01-08 11:32:48 +0000: build 284-5: 3044377 states (1 batches)
.
2018-01-08 11:32:52 +0000: reduce 286-5: 6.8MiB (3.7MiB max)
2018-01-08 11:32:52 +0000: build 284-6: 0 states (0 batches)
2018-01-08 11:32:52 +0000: reduce 286-6: 0.0MiB (0.0MiB max)
2018-01-08 11:32:52 +0000: build 286-5: 2382979 states (1 batches)
.
2018-01-08 11:32:55 +0000: reduce 288-5: 5.4MiB (3.0MiB max)
2018-01-08 11:32:55 +0000: build 286-6: 0 states (0 batches)
2018-01-08 11:32:55 +0000: reduce 288-6: 0.0MiB (0.0MiB max)
2018-01-08 11:32:55 +0000: build 288-5: 1899383 states (1 batches)
.
2018-01-08 11:32:57 +0000: reduce 290-5: 4.4MiB (2.4MiB max)
2018-01-08 11:32:58 +0000: build 288-6: 0 states (0 batches)
2018-01-08 11:32:58 +0000: reduce 290-6: 0.0MiB (0.0MiB max)
2018-01-08 11:32:58 +0000: build 290-5: 1499866 states (1 batches)
.
2018-01-08 11:32:59 +0000: reduce 292-5: 3.4MiB (1.9MiB max)
2018-01-08 11:33:00 +0000: build 290-6: 0 states (0 batches)
2018-01-08 11:33:00 +0000: reduce 292-6: 0.0MiB (0.0MiB max)
2018-01-08 11:33:00 +0000: build 292-5: 1153508 states (1 batches)
.
2018-01-08 11:33:01 +0000: reduce 294-5: 2.7MiB (1.4MiB max)
2018-01-08 11:33:01 +0000: build 292-6: 0 states (0 batches)
2018-01-08 11:33:01 +0000: reduce 294-6: 0.0MiB (0.0MiB max)
2018-01-08 11:33:01 +0000: build 294-5: 887072 states (1 batches)
.
2018-01-08 11:33:02 +0000: reduce 296-5: 2.0MiB (1.2MiB max)
2018-01-08 11:33:02 +0000: build 294-6: 0 states (0 batches)
2018-01-08 11:33:02 +0000: reduce 296-6: 0.0MiB (0.0MiB max)
2018-01-08 11:33:02 +0000: build 296-5: 689137 states (1 batches)
.
2018-01-08 11:33:03 +0000: reduce 298-5: 1.6MiB (0.9MiB max)
2018-01-08 11:33:03 +0000: build 296-6: 0 states (0 batches)
2018-01-08 11:33:03 +0000: reduce 298-6: 0.0MiB (0.0MiB max)
2018-01-08 11:33:03 +0000: build 298-5: 516369 states (1 batches)
.
2018-01-08 11:33:04 +0000: reduce 300-5: 1.2MiB (0.7MiB max)
2018-01-08 11:33:04 +0000: build 298-6: 0 states (0 batches)
2018-01-08 11:33:04 +0000: reduce 300-6: 0.0MiB (0.0MiB max)
2018-01-08 11:33:04 +0000: build 300-5: 382631 states (1 batches)
.
2018-01-08 11:33:04 +0000: reduce 302-5: 0.9MiB (0.5MiB max)
2018-01-08 11:33:05 +0000: build 300-6: 0 states (0 batches)
2018-01-08 11:33:05 +0000: reduce 302-6: 0.0MiB (0.0MiB max)
2018-01-08 11:33:05 +0000: build 302-5: 284344 states (1 batches)
.
2018-01-08 11:33:05 +0000: reduce 304-5: 0.7MiB (0.4MiB max)
2018-01-08 11:33:05 +0000: build 302-6: 0 states (0 batches)
2018-01-08 11:33:05 +0000: reduce 304-6: 0.0MiB (0.0MiB max)
2018-01-08 11:33:05 +0000: build 304-5: 217506 states (1 batches)
.
2018-01-08 11:33:05 +0000: reduce 306-5: 0.5MiB (0.3MiB max)
2018-01-08 11:33:05 +0000: build 304-6: 0 states (0 batches)
2018-01-08 11:33:05 +0000: reduce 306-6: 0.0MiB (0.0MiB max)
2018-01-08 11:33:05 +0000: build 306-5: 157013 states (1 batches)
.
2018-01-08 11:33:06 +0000: reduce 308-5: 0.4MiB (0.2MiB max)
2018-01-08 11:33:06 +0000: build 306-6: 0 states (0 batches)
2018-01-08 11:33:06 +0000: reduce 308-6: 0.0MiB (0.0MiB max)
2018-01-08 11:33:06 +0000: build 308-5: 111583 states (1 batches)
.
2018-01-08 11:33:06 +0000: reduce 310-5: 0.3MiB (0.1MiB max)
2018-01-08 11:33:06 +0000: build 308-6: 0 states (0 batches)
2018-01-08 11:33:06 +0000: reduce 310-6: 0.0MiB (0.0MiB max)
2018-01-08 11:33:06 +0000: build 310-5: 78715 states (1 batches)
.
2018-01-08 11:33:06 +0000: reduce 312-5: 0.2MiB (0.1MiB max)
2018-01-08 11:33:06 +0000: build 310-6: 0 states (0 batches)
2018-01-08 11:33:06 +0000: reduce 312-6: 0.0MiB (0.0MiB max)
2018-01-08 11:33:06 +0000: build 312-5: 58205 states (1 batches)
.
2018-01-08 11:33:06 +0000: reduce 314-5: 0.1MiB (0.1MiB max)
2018-01-08 11:33:06 +0000: build 312-6: 0 states (0 batches)
2018-01-08 11:33:06 +0000: reduce 314-6: 0.0MiB (0.0MiB max)
2018-01-08 11:33:06 +0000: build 314-5: 37770 states (1 batches)
.
2018-01-08 11:33:06 +0000: reduce 316-5: 0.1MiB (0.1MiB max)
2018-01-08 11:33:07 +0000: build 314-6: 0 states (0 batches)
2018-01-08 11:33:07 +0000: reduce 316-6: 0.0MiB (0.0MiB max)
2018-01-08 11:33:07 +0000: build 316-5: 25210 states (1 batches)
.
2018-01-08 11:33:07 +0000: reduce 318-5: 0.1MiB (0.0MiB max)
2018-01-08 11:33:07 +0000: build 316-6: 0 states (0 batches)
2018-01-08 11:33:07 +0000: reduce 318-6: 0.0MiB (0.0MiB max)
2018-01-08 11:33:07 +0000: build 318-5: 17582 states (1 batches)
.
2018-01-08 11:33:07 +0000: reduce 320-5: 0.0MiB (0.0MiB max)
2018-01-08 11:33:07 +0000: build 318-6: 0 states (0 batches)
2018-01-08 11:33:07 +0000: reduce 320-6: 0.0MiB (0.0MiB max)
2018-01-08 11:33:07 +0000: build 320-5: 12611 states (1 batches)
.
2018-01-08 11:33:07 +0000: reduce 322-5: 0.0MiB (0.0MiB max)
2018-01-08 11:33:07 +0000: build 320-6: 0 states (0 batches)
2018-01-08 11:33:07 +0000: reduce 322-6: 0.0MiB (0.0MiB max)
2018-01-08 11:33:07 +0000: build 322-5: 6894 states (1 batches)
.
2018-01-08 11:33:07 +0000: reduce 324-5: 0.0MiB (0.0MiB max)
2018-01-08 11:33:07 +0000: build 322-6: 0 states (0 batches)
2018-01-08 11:33:07 +0000: reduce 324-6: 0.0MiB (0.0MiB max)
2018-01-08 11:33:07 +0000: build 324-5: 4819 states (1 batches)
.
2018-01-08 11:33:07 +0000: reduce 326-5: 0.0MiB (0.0MiB max)
2018-01-08 11:33:07 +0000: build 324-6: 0 states (0 batches)
2018-01-08 11:33:07 +0000: reduce 326-6: 0.0MiB (0.0MiB max)
2018-01-08 11:33:07 +0000: build 326-5: 3168 states (1 batches)
.
2018-01-08 11:33:07 +0000: reduce 328-5: 0.0MiB (0.0MiB max)
2018-01-08 11:33:07 +0000: build 326-6: 0 states (0 batches)
2018-01-08 11:33:07 +0000: reduce 328-6: 0.0MiB (0.0MiB max)
2018-01-08 11:33:07 +0000: build 328-5: 1901 states (1 batches)
.
2018-01-08 11:33:07 +0000: reduce 330-5: 0.0MiB (0.0MiB max)
2018-01-08 11:33:07 +0000: build 328-6: 0 states (0 batches)
2018-01-08 11:33:07 +0000: reduce 330-6: 0.0MiB (0.0MiB max)
2018-01-08 11:33:07 +0000: build 330-5: 792 states (1 batches)
.
2018-01-08 11:33:07 +0000: reduce 332-5: 0.0MiB (0.0MiB max)
2018-01-08 11:33:07 +0000: build 330-6: 0 states (0 batches)
2018-01-08 11:33:07 +0000: reduce 332-6: 0.0MiB (0.0MiB max)
2018-01-08 11:33:07 +0000: build 332-5: 756 states (1 batches)
.
2018-01-08 11:33:07 +0000: reduce 334-5: 0.0MiB (0.0MiB max)
2018-01-08 11:33:07 +0000: build 332-6: 0 states (0 batches)
2018-01-08 11:33:07 +0000: reduce 334-6: 0.0MiB (0.0MiB max)
2018-01-08 11:33:07 +0000: build 334-5: 371 states (1 batches)
.
2018-01-08 11:33:08 +0000: reduce 336-5: 0.0MiB (0.0MiB max)
2018-01-08 11:33:08 +0000: build 334-6: 0 states (0 batches)
2018-01-08 11:33:08 +0000: reduce 336-6: 0.0MiB (0.0MiB max)
2018-01-08 11:33:08 +0000: build 336-5: 194 states (1 batches)
.
2018-01-08 11:33:08 +0000: reduce 338-5: 0.0MiB (0.0MiB max)
2018-01-08 11:33:08 +0000: build 336-6: 0 states (0 batches)
2018-01-08 11:33:08 +0000: reduce 338-6: 0.0MiB (0.0MiB max)
2018-01-08 11:33:08 +0000: build 338-5: 71 states (1 batches)
.
2018-01-08 11:33:08 +0000: reduce 340-5: 0.0MiB (0.0MiB max)
2018-01-08 11:33:08 +0000: build 338-6: 0 states (0 batches)
2018-01-08 11:33:08 +0000: reduce 340-6: 0.0MiB (0.0MiB max)
2018-01-08 11:33:08 +0000: build 340-5: 78 states (1 batches)
.
2018-01-08 11:33:08 +0000: reduce 342-5: 0.0MiB (0.0MiB max)
2018-01-08 11:33:08 +0000: build 340-6: 0 states (0 batches)
2018-01-08 11:33:08 +0000: reduce 342-6: 0.0MiB (0.0MiB max)
2018-01-08 11:33:08 +0000: build 342-5: 10 states (1 batches)
.
2018-01-08 11:33:08 +0000: reduce 344-5: 0.0MiB (0.0MiB max)
2018-01-08 11:33:08 +0000: build 342-6: 0 states (0 batches)
2018-01-08 11:33:08 +0000: reduce 344-6: 0.0MiB (0.0MiB max)
2018-01-08 11:33:08 +0000: build 344-5: 7 states (1 batches)
.
2018-01-08 11:33:08 +0000: reduce 346-5: 0.0MiB (0.0MiB max)
2018-01-08 11:33:08 +0000: build 344-6: 0 states (0 batches)
2018-01-08 11:33:08 +0000: reduce 346-6: 0.0MiB (0.0MiB max)
2018-01-08 11:33:08 +0000: build 346-5: 4 states (1 batches)
.
2018-01-08 11:33:08 +0000: reduce 348-5: 0.0MiB (0.0MiB max)
2018-01-08 11:33:08 +0000: build 346-6: 0 states (0 batches)
2018-01-08 11:33:08 +0000: reduce 348-6: 0.0MiB (0.0MiB max)
2018-01-08 11:33:08 +0000: build 348-5: 4 states (1 batches)
.
2018-01-08 11:33:08 +0000: reduce 350-5: 0.0MiB (0.0MiB max)
2018-01-08 11:33:08 +0000: build 348-6: 0 states (0 batches)
2018-01-08 11:33:08 +0000: reduce 350-6: 0.0MiB (0.0MiB max)
2018-01-08 11:33:08 +0000: build 350-5: 0 states (0 batches)
2018-01-08 11:33:08 +0000: reduce 352-5: 0.0MiB (0.0MiB max)
2018-01-08 11:33:08 +0000: build 350-6: 0 states (0 batches)
2018-01-08 11:33:08 +0000: reduce 352-6: 0.0MiB (0.0MiB max)
2018-01-08 11:33:08 +0000: build 352-5: 0 states (0 batches)
2018-01-08 11:33:08 +0000: build 352-6: 0 states (0 batches)
