{:board_size=>4, :max_exponent=>6, :max_depth=>0}
2018-01-08 21:46:15 +0000: solve 348-5: 4 states (1 batches)
.
2018-01-08 21:46:15 +0000: reduce 348-5
2018-01-08 21:46:15 +0000: solve 346-5: 4 states (1 batches)
.
2018-01-08 21:46:15 +0000: reduce 346-5
2018-01-08 21:46:15 +0000: solve 344-5: 7 states (1 batches)
.
2018-01-08 21:46:16 +0000: reduce 344-5
2018-01-08 21:46:16 +0000: solve 342-5: 10 states (1 batches)
.
2018-01-08 21:46:16 +0000: reduce 342-5
2018-01-08 21:46:16 +0000: solve 340-5: 78 states (1 batches)
.
2018-01-08 21:46:16 +0000: reduce 340-5
2018-01-08 21:46:16 +0000: solve 338-5: 71 states (1 batches)
.
2018-01-08 21:46:16 +0000: reduce 338-5
2018-01-08 21:46:16 +0000: solve 336-5: 194 states (1 batches)
.
2018-01-08 21:46:16 +0000: reduce 336-5
2018-01-08 21:46:16 +0000: solve 334-5: 371 states (1 batches)
.
2018-01-08 21:46:16 +0000: reduce 334-5
2018-01-08 21:46:16 +0000: solve 332-5: 756 states (1 batches)
.
2018-01-08 21:46:16 +0000: reduce 332-5
2018-01-08 21:46:16 +0000: solve 330-5: 792 states (1 batches)
.
2018-01-08 21:46:16 +0000: reduce 330-5
2018-01-08 21:46:16 +0000: solve 328-5: 1901 states (1 batches)
.
2018-01-08 21:46:16 +0000: reduce 328-5
2018-01-08 21:46:16 +0000: solve 326-5: 3168 states (1 batches)
.
2018-01-08 21:46:16 +0000: reduce 326-5
2018-01-08 21:46:17 +0000: solve 324-5: 4819 states (1 batches)
.
2018-01-08 21:46:17 +0000: reduce 324-5
2018-01-08 21:46:17 +0000: solve 322-5: 6894 states (1 batches)
.
2018-01-08 21:46:17 +0000: reduce 322-5
2018-01-08 21:46:17 +0000: solve 320-5: 12611 states (1 batches)
.
2018-01-08 21:46:17 +0000: reduce 320-5
2018-01-08 21:46:17 +0000: solve 318-5: 17582 states (1 batches)
.
2018-01-08 21:46:17 +0000: reduce 318-5
2018-01-08 21:46:17 +0000: solve 316-5: 25210 states (1 batches)
.
2018-01-08 21:46:17 +0000: reduce 316-5
2018-01-08 21:46:17 +0000: solve 314-5: 37770 states (1 batches)
.
2018-01-08 21:46:18 +0000: reduce 314-5
2018-01-08 21:46:18 +0000: solve 312-5: 58205 states (1 batches)
.
2018-01-08 21:46:18 +0000: reduce 312-5
2018-01-08 21:46:18 +0000: solve 310-5: 78715 states (1 batches)
.
2018-01-08 21:46:18 +0000: reduce 310-5
2018-01-08 21:46:18 +0000: solve 308-5: 111583 states (1 batches)
.
2018-01-08 21:46:19 +0000: reduce 308-5
2018-01-08 21:46:19 +0000: solve 306-5: 157013 states (1 batches)
.
2018-01-08 21:46:19 +0000: reduce 306-5
2018-01-08 21:46:19 +0000: solve 304-5: 217506 states (1 batches)
.
2018-01-08 21:46:20 +0000: reduce 304-5
2018-01-08 21:46:20 +0000: solve 302-5: 284344 states (1 batches)
.
2018-01-08 21:46:20 +0000: reduce 302-5
2018-01-08 21:46:21 +0000: solve 300-5: 382631 states (1 batches)
.
2018-01-08 21:46:21 +0000: reduce 300-5
2018-01-08 21:46:21 +0000: solve 298-5: 516369 states (1 batches)
.
2018-01-08 21:46:23 +0000: reduce 298-5
2018-01-08 21:46:23 +0000: solve 296-5: 689137 states (1 batches)
.
2018-01-08 21:46:24 +0000: reduce 296-5
2018-01-08 21:46:24 +0000: solve 294-5: 887072 states (1 batches)
.
2018-01-08 21:46:26 +0000: reduce 294-5
2018-01-08 21:46:26 +0000: solve 292-5: 1153508 states (1 batches)
.
2018-01-08 21:46:29 +0000: reduce 292-5
2018-01-08 21:46:29 +0000: solve 290-5: 1499866 states (1 batches)
.
2018-01-08 21:46:32 +0000: reduce 290-5
2018-01-08 21:46:32 +0000: solve 288-5: 1899383 states (1 batches)
.
2018-01-08 21:46:36 +0000: reduce 288-5
2018-01-08 21:46:36 +0000: solve 286-5: 2382979 states (1 batches)
.
2018-01-08 21:46:42 +0000: reduce 286-5
2018-01-08 21:46:42 +0000: solve 284-5: 3044377 states (1 batches)
.
2018-01-08 21:46:49 +0000: reduce 284-5
2018-01-08 21:46:49 +0000: solve 282-5: 3889151 states (1 batches)
.
2018-01-08 21:46:57 +0000: reduce 282-5
2018-01-08 21:46:58 +0000: solve 280-5: 4807336 states (1 batches)
.
2018-01-08 21:47:09 +0000: reduce 280-5
2018-01-08 21:47:09 +0000: solve 278-5: 5937292 states (1 batches)
.
2018-01-08 21:47:24 +0000: reduce 278-5
2018-01-08 21:47:24 +0000: solve 276-5: 7349210 states (1 batches)
.
2018-01-08 21:47:42 +0000: reduce 276-5
2018-01-08 21:47:42 +0000: solve 274-5: 8985325 states (1 batches)
.
2018-01-08 21:48:05 +0000: reduce 274-5
2018-01-08 21:48:05 +0000: solve 272-5: 10793141 states (2 batches)
..
2018-01-08 21:48:33 +0000: reduce 272-5
2018-01-08 21:48:33 +0000: solve 270-5: 13106436 states (2 batches)
..
2018-01-08 21:49:02 +0000: reduce 270-5
2018-01-08 21:49:03 +0000: solve 268-5: 15883655 states (2 batches)
..
2018-01-08 21:49:36 +0000: reduce 268-5
2018-01-08 21:49:36 +0000: solve 266-5: 18985525 states (2 batches)
..
2018-01-08 21:50:11 +0000: reduce 266-5
2018-01-08 21:50:11 +0000: solve 264-5: 22347685 states (3 batches)
...
2018-01-08 21:50:54 +0000: reduce 264-5
2018-01-08 21:50:55 +0000: solve 262-5: 26395890 states (3 batches)
...
2018-01-08 21:51:38 +0000: reduce 262-5
2018-01-08 21:51:38 +0000: solve 260-5: 31007913 states (4 batches)
....
2018-01-08 21:52:26 +0000: reduce 260-5
2018-01-08 21:52:27 +0000: solve 258-5: 36207269 states (4 batches)
....
2018-01-08 21:53:17 +0000: reduce 258-5
2018-01-08 21:53:18 +0000: solve 256-5: 41965057 states (5 batches)
.....
2018-01-08 21:54:11 +0000: reduce 256-5
2018-01-08 21:54:12 +0000: solve 254-5: 49008094 states (5 batches)
.....
2018-01-08 21:55:08 +0000: reduce 254-5
2018-01-08 21:55:10 +0000: solve 252-5: 56784613 states (6 batches)
......
2018-01-08 21:56:07 +0000: reduce 252-5
2018-01-08 21:56:09 +0000: solve 250-5: 64888108 states (7 batches)
.......
2018-01-08 21:57:12 +0000: reduce 250-5
2018-01-08 21:57:14 +0000: solve 248-5: 73688949 states (8 batches)
........
2018-01-08 21:58:19 +0000: reduce 248-5
2018-01-08 21:58:21 +0000: solve 246-5: 84088173 states (9 batches)
.........
2018-01-08 21:59:31 +0000: reduce 246-5
2018-01-08 21:59:33 +0000: solve 244-5: 95179515 states (10 batches)
..........
2018-01-08 22:00:44 +0000: reduce 244-5
2018-01-08 22:00:47 +0000: solve 242-5: 106978154 states (11 batches)
...........
2018-01-08 22:02:07 +0000: reduce 242-5
2018-01-08 22:02:11 +0000: solve 240-5: 120377012 states (13 batches)
.............
2018-01-08 22:03:28 +0000: reduce 240-5
2018-01-08 22:03:31 +0000: solve 238-5: 135178539 states (14 batches)
..............
2018-01-08 22:04:57 +0000: reduce 238-5
2018-01-08 22:05:01 +0000: solve 236-5: 150116595 states (16 batches)
................
2018-01-08 22:06:32 +0000: reduce 236-5
2018-01-08 22:06:37 +0000: solve 234-5: 165720072 states (17 batches)
.................
2018-01-08 22:08:11 +0000: reduce 234-5
2018-01-08 22:08:17 +0000: solve 232-5: 182809723 states (19 batches)
...................
2018-01-08 22:10:06 +0000: reduce 232-5
2018-01-08 22:10:13 +0000: solve 230-5: 201624165 states (21 batches)
.....................
2018-01-08 22:12:23 +0000: reduce 230-5
2018-01-08 22:12:30 +0000: solve 228-5: 221145374 states (23 batches)
.......................
2018-01-08 22:14:55 +0000: reduce 228-5
2018-01-08 22:15:04 +0000: solve 226-5: 241495406 states (25 batches)
.........................
2018-01-08 22:17:53 +0000: reduce 226-5
2018-01-08 22:18:02 +0000: solve 224-5: 263753415 states (27 batches)
...........................
2018-01-08 22:21:22 +0000: reduce 224-5
2018-01-08 22:21:33 +0000: solve 222-5: 286755246 states (29 batches)
.............................
2018-01-08 22:25:37 +0000: reduce 222-5
2018-01-08 22:25:48 +0000: solve 220-5: 309052682 states (31 batches)
...............................
2018-01-08 22:29:59 +0000: reduce 220-5
2018-01-08 22:30:12 +0000: solve 218-5: 332316845 states (34 batches)
..................................
2018-01-08 22:34:35 +0000: reduce 218-5
2018-01-08 22:34:48 +0000: solve 216-5: 358199859 states (36 batches)
....................................
2018-01-08 22:39:42 +0000: reduce 216-5
2018-01-08 22:39:56 +0000: solve 214-5: 384024591 states (39 batches)
.......................................
2018-01-08 22:45:52 +0000: reduce 214-5
2018-01-08 22:46:07 +0000: solve 212-5: 409841499 states (41 batches)
.........................................
2018-01-08 22:52:08 +0000: reduce 212-5
2018-01-08 22:52:26 +0000: solve 210-5: 436986980 states (44 batches)
............................................
2018-01-08 22:59:10 +0000: reduce 210-5
2018-01-08 22:59:30 +0000: solve 208-5: 464448491 states (47 batches)
...............................................
2018-01-08 23:06:45 +0000: reduce 208-5
2018-01-08 23:07:04 +0000: solve 206-5: 490657067 states (50 batches)
..................................................
2018-01-08 23:15:31 +0000: reduce 206-5
2018-01-08 23:15:53 +0000: solve 204-5: 516715641 states (52 batches)
....................................................
2018-01-08 23:25:33 +0000: reduce 204-5
2018-01-08 23:25:59 +0000: solve 202-5: 543655992 states (55 batches)
.......................................................
2018-01-08 23:35:58 +0000: reduce 202-5
2018-01-08 23:36:25 +0000: solve 200-5: 571485110 states (58 batches)
..........................................................
2018-01-08 23:47:54 +0000: reduce 200-5
2018-01-08 23:48:23 +0000: solve 198-5: 597972039 states (60 batches)
............................................................
2018-01-09 00:00:22 +0000: reduce 198-5
2018-01-09 00:00:55 +0000: solve 196-5: 623542930 states (63 batches)
...............................................................
2018-01-09 00:13:40 +0000: reduce 196-5
2018-01-09 00:14:12 +0000: solve 194-5: 649263415 states (65 batches)
.................................................................
2018-01-09 00:28:23 +0000: reduce 194-5
2018-01-09 00:28:58 +0000: solve 192-5: 673877465 states (68 batches)
....................................................................
2018-01-09 00:44:39 +0000: reduce 192-5
2018-01-09 00:45:11 +0000: solve 190-5: 695678461 states (70 batches)
......................................................................
2018-01-09 01:01:44 +0000: reduce 190-5
2018-01-09 01:02:21 +0000: solve 188-5: 717879070 states (72 batches)
........................................................................
2018-01-09 01:19:55 +0000: reduce 188-5
2018-01-09 01:20:31 +0000: solve 186-5: 740350663 states (75 batches)
...........................................................................
2018-01-09 01:39:12 +0000: reduce 186-5
2018-01-09 01:39:51 +0000: solve 184-4: 13 states (1 batches)
.
2018-01-09 01:39:51 +0000: reduce 184-4
2018-01-09 01:39:51 +0000: solve 184-5: 760309100 states (77 batches)
.............................................................................
2018-01-09 02:00:00 +0000: reduce 184-5
2018-01-09 02:00:41 +0000: solve 182-4: 26 states (1 batches)
.
2018-01-09 02:00:41 +0000: reduce 182-4
2018-01-09 02:00:41 +0000: solve 182-5: 778351630 states (78 batches)
..............................................................................
2018-01-09 02:22:26 +0000: reduce 182-5
2018-01-09 02:23:07 +0000: solve 180-4: 143 states (1 batches)
.
2018-01-09 02:23:08 +0000: reduce 180-4
2018-01-09 02:23:09 +0000: solve 180-5: 795433541 states (80 batches)
................................................................................
2018-01-09 02:46:12 +0000: reduce 180-5
2018-01-09 02:47:07 +0000: solve 178-4: 367 states (1 batches)
.
2018-01-09 02:47:08 +0000: reduce 178-4
2018-01-09 02:47:08 +0000: solve 178-5: 810215388 states (82 batches)
..................................................................................
2018-01-09 03:11:00 +0000: reduce 178-5
2018-01-09 03:11:44 +0000: solve 176-4: 1076 states (1 batches)
.
2018-01-09 03:11:46 +0000: reduce 176-4
2018-01-09 03:11:46 +0000: solve 176-5: 822424342 states (83 batches)
...................................................................................
2018-01-09 03:37:13 +0000: reduce 176-5
2018-01-09 03:38:11 +0000: solve 174-4: 2453 states (1 batches)
.
2018-01-09 03:38:15 +0000: reduce 174-4
2018-01-09 03:38:15 +0000: solve 174-5: 832984435 states (84 batches)
....................................................................................
2018-01-09 04:05:05 +0000: reduce 174-5
2018-01-09 04:05:48 +0000: solve 172-4: 5640 states (1 batches)
.
2018-01-09 04:05:51 +0000: reduce 172-4
2018-01-09 04:05:51 +0000: solve 172-5: 842440580 states (85 batches)
.....................................................................................
2018-01-09 04:34:02 +0000: reduce 172-5
2018-01-09 04:35:02 +0000: solve 170-4: 11525 states (1 batches)
.
2018-01-09 04:35:12 +0000: reduce 170-4
2018-01-09 04:35:12 +0000: solve 170-5: 849960999 states (85 batches)
.....................................................................................
2018-01-09 05:04:19 +0000: reduce 170-5
2018-01-09 05:05:01 +0000: solve 168-4: 22284 states (1 batches)
.
2018-01-09 05:05:20 +0000: reduce 168-4
2018-01-09 05:05:20 +0000: solve 168-5: 854268077 states (86 batches)
......................................................................................
2018-01-09 05:35:19 +0000: reduce 168-5
2018-01-09 05:36:14 +0000: solve 166-4: 41466 states (1 batches)
.
2018-01-09 05:36:35 +0000: reduce 166-4
2018-01-09 05:36:35 +0000: solve 166-5: 856111822 states (86 batches)
......................................................................................
2018-01-09 06:08:42 +0000: reduce 166-5
2018-01-09 06:09:23 +0000: solve 164-4: 73040 states (1 batches)
.
2018-01-09 06:09:50 +0000: reduce 164-4
2018-01-09 06:09:50 +0000: solve 164-5: 856386976 states (86 batches)
......................................................................................
2018-01-09 06:42:19 +0000: reduce 164-5
2018-01-09 06:43:08 +0000: solve 162-4: 124700 states (1 batches)
.
2018-01-09 06:43:36 +0000: reduce 162-4
2018-01-09 06:43:37 +0000: solve 162-5: 853792082 states (86 batches)
......................................................................................
2018-01-09 07:16:41 +0000: reduce 162-5
2018-01-09 07:17:22 +0000: solve 160-4: 205515 states (1 batches)
.
2018-01-09 07:17:37 +0000: reduce 160-4
2018-01-09 07:17:37 +0000: solve 160-5: 848430242 states (85 batches)
.....................................................................................
2018-01-09 07:51:22 +0000: reduce 160-5
2018-01-09 07:52:19 +0000: solve 158-4: 330550 states (1 batches)
.
2018-01-09 07:52:54 +0000: reduce 158-4
2018-01-09 07:52:54 +0000: solve 158-5: 842290859 states (85 batches)
.....................................................................................
2018-01-09 08:27:20 +0000: reduce 158-5
2018-01-09 08:28:00 +0000: solve 156-4: 508748 states (1 batches)
.
2018-01-09 08:28:41 +0000: reduce 156-4
2018-01-09 08:28:41 +0000: solve 156-5: 834038772 states (84 batches)
....................................................................................
2018-01-09 09:03:10 +0000: reduce 156-5
2018-01-09 09:03:55 +0000: solve 154-4: 766906 states (1 batches)
.
2018-01-09 09:04:54 +0000: reduce 154-4
2018-01-09 09:04:54 +0000: solve 154-5: 822754787 states (83 batches)
...................................................................................
2018-01-09 09:41:03 +0000: reduce 154-5
2018-01-09 09:41:41 +0000: solve 152-4: 1122085 states (1 batches)
.
2018-01-09 09:42:33 +0000: reduce 152-4
2018-01-09 09:42:33 +0000: solve 152-5: 809323922 states (81 batches)
.................................................................................
2018-01-09 10:18:05 +0000: reduce 152-5
2018-01-09 10:18:44 +0000: solve 150-4: 1596193 states (1 batches)
.
2018-01-09 10:20:13 +0000: reduce 150-4
2018-01-09 10:20:14 +0000: solve 150-5: 794222177 states (80 batches)
................................................................................
2018-01-09 10:56:55 +0000: reduce 150-5
2018-01-09 10:57:33 +0000: solve 148-4: 2211749 states (1 batches)
.
2018-01-09 10:58:51 +0000: reduce 148-4
2018-01-09 10:58:51 +0000: solve 148-5: 776818358 states (78 batches)
..............................................................................
2018-01-09 11:34:48 +0000: reduce 148-5
2018-01-09 11:35:28 +0000: solve 146-4: 3018342 states (1 batches)
.
2018-01-09 11:37:36 +0000: reduce 146-4
2018-01-09 11:37:36 +0000: solve 146-5: 757472469 states (76 batches)
............................................................................
2018-01-09 12:12:50 +0000: reduce 146-5
2018-01-09 12:13:30 +0000: solve 144-4: 4045361 states (1 batches)
.
2018-01-09 12:15:45 +0000: reduce 144-4
2018-01-09 12:15:45 +0000: solve 144-5: 736636353 states (74 batches)
..........................................................................
2018-01-09 12:52:42 +0000: reduce 144-5
2018-01-09 12:53:20 +0000: solve 142-4: 5289587 states (1 batches)
.
2018-01-09 12:56:17 +0000: reduce 142-4
2018-01-09 12:56:17 +0000: solve 142-5: 714412577 states (72 batches)
........................................................................
2018-01-09 13:31:49 +0000: reduce 142-5
2018-01-09 13:32:25 +0000: solve 140-4: 6817980 states (1 batches)
.
2018-01-09 13:36:33 +0000: reduce 140-4
2018-01-09 13:36:34 +0000: solve 140-5: 690213914 states (70 batches)
......................................................................
2018-01-09 14:10:57 +0000: reduce 140-5
2018-01-09 14:11:33 +0000: solve 138-4: 8649778 states (1 batches)
.
2018-01-09 14:16:05 +0000: reduce 138-4
2018-01-09 14:16:05 +0000: solve 138-5: 664053917 states (67 batches)
...................................................................
2018-01-09 14:50:27 +0000: reduce 138-5
2018-01-09 14:51:03 +0000: solve 136-4: 10766143 states (2 batches)
..
2018-01-09 14:56:16 +0000: reduce 136-4
2018-01-09 14:56:16 +0000: solve 136-5: 636725654 states (64 batches)
................................................................
2018-01-09 15:28:10 +0000: reduce 136-5
2018-01-09 15:28:43 +0000: solve 134-4: 13151048 states (2 batches)
..
2018-01-09 15:34:25 +0000: reduce 134-4
2018-01-09 15:34:26 +0000: solve 134-5: 608494472 states (61 batches)
.............................................................
2018-01-09 16:05:14 +0000: reduce 134-5
2018-01-09 16:05:40 +0000: solve 132-4: 15916525 states (2 batches)
..
2018-01-09 16:11:28 +0000: reduce 132-4
2018-01-09 16:11:28 +0000: solve 132-5: 578857593 states (58 batches)
..........................................................
2018-01-09 16:41:39 +0000: reduce 132-5
2018-01-09 16:42:04 +0000: solve 130-4: 18966831 states (2 batches)
..
2018-01-09 16:48:40 +0000: reduce 130-4
2018-01-09 16:48:41 +0000: solve 130-5: 548586346 states (55 batches)
.......................................................
2018-01-09 17:17:27 +0000: reduce 130-5
2018-01-09 17:17:56 +0000: solve 128-4: 22233149 states (3 batches)
...
2018-01-09 17:24:34 +0000: reduce 128-4
2018-01-09 17:24:35 +0000: solve 128-5: 517983757 states (52 batches)
....................................................
2018-01-09 17:53:13 +0000: reduce 128-5
2018-01-09 17:53:41 +0000: solve 126-4: 25791713 states (3 batches)
...
2018-01-09 18:00:41 +0000: reduce 126-4
2018-01-09 18:00:42 +0000: solve 126-5: 486643950 states (49 batches)
.................................................
2018-01-09 18:26:19 +0000: reduce 126-5
2018-01-09 18:26:47 +0000: solve 124-4: 29573932 states (3 batches)
...
2018-01-09 18:33:44 +0000: reduce 124-4
2018-01-09 18:33:45 +0000: solve 124-5: 454771350 states (46 batches)
..............................................
2018-01-09 18:58:49 +0000: reduce 124-5
2018-01-09 18:59:10 +0000: solve 122-4: 33391296 states (4 batches)
....
2018-01-09 19:07:02 +0000: reduce 122-4
2018-01-09 19:07:03 +0000: solve 122-5: 423043132 states (43 batches)
...........................................
2018-01-09 19:31:33 +0000: reduce 122-5
2018-01-09 19:31:51 +0000: solve 120-4: 37256691 states (4 batches)
....
2018-01-09 19:39:33 +0000: reduce 120-4
2018-01-09 19:39:35 +0000: solve 120-5: 391642066 states (40 batches)
........................................
2018-01-09 20:02:42 +0000: reduce 120-5
2018-01-09 20:03:03 +0000: solve 118-4: 41230645 states (5 batches)
.....
2018-01-09 20:11:08 +0000: reduce 118-4
2018-01-09 20:11:09 +0000: solve 118-5: 360483129 states (37 batches)
.....................................
2018-01-09 20:33:02 +0000: reduce 118-5
2018-01-09 20:33:21 +0000: solve 116-4: 45027957 states (5 batches)
.....
2018-01-09 20:40:49 +0000: reduce 116-4
2018-01-09 20:40:50 +0000: solve 116-5: 330041914 states (34 batches)
..................................
2018-01-09 20:59:39 +0000: reduce 116-5
2018-01-09 20:59:53 +0000: solve 114-4: 48618460 states (5 batches)
.....
2018-01-09 21:07:14 +0000: reduce 114-4
2018-01-09 21:07:16 +0000: solve 114-5: 300500078 states (31 batches)
...............................
2018-01-09 21:24:09 +0000: reduce 114-5
2018-01-09 21:24:22 +0000: solve 112-4: 52024431 states (6 batches)
......
2018-01-09 21:32:15 +0000: reduce 112-4
2018-01-09 21:32:17 +0000: solve 112-5: 271827254 states (28 batches)
............................
2018-01-09 21:47:44 +0000: reduce 112-5
2018-01-09 21:47:55 +0000: solve 110-4: 55074310 states (6 batches)
......
2018-01-09 21:55:14 +0000: reduce 110-4
2018-01-09 21:55:16 +0000: solve 110-5: 244134397 states (25 batches)
.........................
2018-01-09 22:09:51 +0000: reduce 110-5
2018-01-09 22:10:01 +0000: solve 108-4: 57618159 states (6 batches)
......
2018-01-09 22:17:43 +0000: reduce 108-4
2018-01-09 22:17:45 +0000: solve 108-5: 217810556 states (22 batches)
......................
2018-01-09 22:31:59 +0000: reduce 108-5
2018-01-09 22:32:07 +0000: solve 106-4: 59731075 states (6 batches)
......
2018-01-09 22:39:28 +0000: reduce 106-4
2018-01-09 22:39:30 +0000: solve 106-5: 192990971 states (20 batches)
....................
2018-01-09 22:52:57 +0000: reduce 106-5
2018-01-09 22:53:05 +0000: solve 104-4: 61373511 states (7 batches)
.......
2018-01-09 23:00:30 +0000: reduce 104-4
2018-01-09 23:00:33 +0000: solve 104-5: 169648709 states (17 batches)
.................
2018-01-09 23:11:06 +0000: reduce 104-5
2018-01-09 23:11:14 +0000: solve 102-4: 62380433 states (7 batches)
.......
2018-01-09 23:18:26 +0000: reduce 102-4
2018-01-09 23:18:29 +0000: solve 102-5: 148008829 states (15 batches)
...............
2018-01-09 23:27:31 +0000: reduce 102-5
2018-01-09 23:27:37 +0000: solve 100-4: 62812882 states (7 batches)
.......
2018-01-09 23:34:40 +0000: reduce 100-4
2018-01-09 23:34:42 +0000: solve 100-5: 128076249 states (13 batches)
.............
2018-01-09 23:42:50 +0000: reduce 100-5
2018-01-09 23:42:55 +0000: solve 98-4: 62663572 states (7 batches)
.......
2018-01-09 23:50:34 +0000: reduce 98-4
2018-01-09 23:50:36 +0000: solve 98-5: 109801182 states (11 batches)
...........
2018-01-09 23:58:12 +0000: reduce 98-5
2018-01-09 23:58:17 +0000: solve 96-3: 29 states (1 batches)
.
2018-01-09 23:58:17 +0000: reduce 96-3
2018-01-09 23:58:17 +0000: solve 96-4: 61892589 states (7 batches)
.......
2018-01-10 00:05:06 +0000: reduce 96-4
2018-01-10 00:05:08 +0000: solve 96-5: 93271018 states (10 batches)
..........
2018-01-10 00:12:35 +0000: reduce 96-5
2018-01-10 00:12:38 +0000: solve 94-3: 318 states (1 batches)
.
2018-01-10 00:12:38 +0000: reduce 94-3
2018-01-10 00:12:38 +0000: solve 94-4: 60498699 states (7 batches)
.......
2018-01-10 00:19:49 +0000: reduce 94-4
2018-01-10 00:19:52 +0000: solve 94-5: 78491776 states (8 batches)
........
2018-01-10 00:27:39 +0000: reduce 94-5
2018-01-10 00:27:43 +0000: solve 92-3: 1571 states (1 batches)
.
2018-01-10 00:27:43 +0000: reduce 92-3
2018-01-10 00:27:43 +0000: solve 92-4: 58606282 states (6 batches)
......
2018-01-10 00:35:08 +0000: reduce 92-4
2018-01-10 00:35:10 +0000: solve 92-5: 65365113 states (7 batches)
.......
2018-01-10 00:42:45 +0000: reduce 92-5
2018-01-10 00:42:48 +0000: solve 90-3: 5070 states (1 batches)
.
2018-01-10 00:42:48 +0000: reduce 90-3
2018-01-10 00:42:48 +0000: solve 90-4: 56248718 states (6 batches)
......
2018-01-10 00:49:53 +0000: reduce 90-4
2018-01-10 00:49:55 +0000: solve 90-5: 53889209 states (6 batches)
......
2018-01-10 00:57:21 +0000: reduce 90-5
2018-01-10 00:57:23 +0000: solve 88-3: 13535 states (1 batches)
.
2018-01-10 00:57:24 +0000: reduce 88-3
2018-01-10 00:57:24 +0000: solve 88-4: 53446456 states (6 batches)
......
2018-01-10 01:04:30 +0000: reduce 88-4
2018-01-10 01:04:32 +0000: solve 88-5: 43965501 states (5 batches)
.....
2018-01-10 01:11:38 +0000: reduce 88-5
2018-01-10 01:11:39 +0000: solve 86-3: 31408 states (1 batches)
.
2018-01-10 01:11:41 +0000: reduce 86-3
2018-01-10 01:11:41 +0000: solve 86-4: 50299541 states (6 batches)
......
2018-01-10 01:18:28 +0000: reduce 86-4
2018-01-10 01:18:30 +0000: solve 86-5: 35422027 states (4 batches)
....
2018-01-10 01:25:20 +0000: reduce 86-5
2018-01-10 01:25:21 +0000: solve 84-3: 64457 states (1 batches)
.
2018-01-10 01:25:24 +0000: reduce 84-3
2018-01-10 01:25:24 +0000: solve 84-4: 46874625 states (5 batches)
.....
2018-01-10 01:31:48 +0000: reduce 84-4
2018-01-10 01:31:49 +0000: solve 84-5: 28188682 states (3 batches)
...
2018-01-10 01:38:30 +0000: reduce 84-5
2018-01-10 01:38:31 +0000: solve 82-3: 119573 states (1 batches)
.
2018-01-10 01:38:35 +0000: reduce 82-3
2018-01-10 01:38:36 +0000: solve 82-4: 43210795 states (5 batches)
.....
2018-01-10 01:45:05 +0000: reduce 82-4
2018-01-10 01:45:06 +0000: solve 82-5: 22165755 states (3 batches)
...
2018-01-10 01:51:32 +0000: reduce 82-5
2018-01-10 01:51:33 +0000: solve 80-3: 203334 states (1 batches)
.
2018-01-10 01:51:39 +0000: reduce 80-3
2018-01-10 01:51:39 +0000: solve 80-4: 39403367 states (4 batches)
....
2018-01-10 01:58:04 +0000: reduce 80-4
2018-01-10 01:58:05 +0000: solve 80-5: 17183625 states (2 batches)
..
2018-01-10 02:03:58 +0000: reduce 80-5
2018-01-10 02:03:59 +0000: solve 78-3: 319526 states (1 batches)
.
2018-01-10 02:04:08 +0000: reduce 78-3
2018-01-10 02:04:08 +0000: solve 78-4: 35540434 states (4 batches)
....
2018-01-10 02:10:29 +0000: reduce 78-4
2018-01-10 02:10:31 +0000: solve 78-5: 13142230 states (2 batches)
..
2018-01-10 02:16:02 +0000: reduce 78-5
2018-01-10 02:16:03 +0000: solve 76-3: 469112 states (1 batches)
.
2018-01-10 02:16:16 +0000: reduce 76-3
2018-01-10 02:16:16 +0000: solve 76-4: 31669316 states (4 batches)
....
2018-01-10 02:22:43 +0000: reduce 76-4
2018-01-10 02:22:44 +0000: solve 76-5: 9924527 states (1 batches)
.
2018-01-10 02:27:45 +0000: reduce 76-5
2018-01-10 02:27:45 +0000: solve 74-3: 646406 states (1 batches)
.
2018-01-10 02:28:03 +0000: reduce 74-3
2018-01-10 02:28:03 +0000: solve 74-4: 27872644 states (3 batches)
...
2018-01-10 02:34:04 +0000: reduce 74-4
2018-01-10 02:34:04 +0000: solve 74-5: 7379125 states (1 batches)
.
2018-01-10 02:37:46 +0000: reduce 74-5
2018-01-10 02:37:46 +0000: solve 72-3: 841744 states (1 batches)
.
2018-01-10 02:38:08 +0000: reduce 72-3
2018-01-10 02:38:08 +0000: solve 72-4: 24221958 states (3 batches)
...
2018-01-10 02:43:51 +0000: reduce 72-4
2018-01-10 02:43:52 +0000: solve 72-5: 5397679 states (1 batches)
.
2018-01-10 02:46:26 +0000: reduce 72-5
2018-01-10 02:46:26 +0000: solve 70-3: 1041329 states (1 batches)
.
2018-01-10 02:46:52 +0000: reduce 70-3
2018-01-10 02:46:52 +0000: solve 70-4: 20742059 states (3 batches)
...
2018-01-10 02:52:28 +0000: reduce 70-4
2018-01-10 02:52:29 +0000: solve 70-5: 3887190 states (1 batches)
.
2018-01-10 02:54:17 +0000: reduce 70-5
2018-01-10 02:54:17 +0000: solve 68-3: 1232145 states (1 batches)
.
2018-01-10 02:54:49 +0000: reduce 68-3
2018-01-10 02:54:49 +0000: solve 68-4: 17499088 states (2 batches)
..
2018-01-10 03:00:26 +0000: reduce 68-4
2018-01-10 03:00:27 +0000: solve 68-5: 2747767 states (1 batches)
.
2018-01-10 03:01:39 +0000: reduce 68-5
2018-01-10 03:01:39 +0000: solve 66-3: 1398860 states (1 batches)
.
2018-01-10 03:02:14 +0000: reduce 66-3
2018-01-10 03:02:14 +0000: solve 66-4: 14552869 states (2 batches)
..
2018-01-10 03:07:31 +0000: reduce 66-4
2018-01-10 03:07:32 +0000: solve 66-5: 1906144 states (1 batches)
.
2018-01-10 03:08:21 +0000: reduce 66-5
2018-01-10 03:08:21 +0000: solve 64-3: 1530275 states (1 batches)
.
2018-01-10 03:08:59 +0000: reduce 64-3
2018-01-10 03:08:59 +0000: solve 64-4: 11902712 states (2 batches)
..
2018-01-10 03:13:58 +0000: reduce 64-4
2018-01-10 03:13:58 +0000: solve 64-5: 1299069 states (1 batches)
.
2018-01-10 03:14:30 +0000: reduce 64-5
2018-01-10 03:14:31 +0000: solve 62-3: 1617354 states (1 batches)
.
2018-01-10 03:15:10 +0000: reduce 62-3
2018-01-10 03:15:10 +0000: solve 62-4: 9568130 states (1 batches)
.
2018-01-10 03:19:34 +0000: reduce 62-4
2018-01-10 03:19:34 +0000: solve 62-5: 867814 states (1 batches)
.
2018-01-10 03:19:55 +0000: reduce 62-5
2018-01-10 03:19:55 +0000: solve 60-3: 1656782 states (1 batches)
.
2018-01-10 03:20:36 +0000: reduce 60-3
2018-01-10 03:20:36 +0000: solve 60-4: 7567524 states (1 batches)
.
2018-01-10 03:24:07 +0000: reduce 60-4
2018-01-10 03:24:07 +0000: solve 60-5: 566877 states (1 batches)
.
2018-01-10 03:24:20 +0000: reduce 60-5
2018-01-10 03:24:20 +0000: solve 58-3: 1647634 states (1 batches)
.
2018-01-10 03:25:01 +0000: reduce 58-3
2018-01-10 03:25:01 +0000: solve 58-4: 5871001 states (1 batches)
.
2018-01-10 03:27:38 +0000: reduce 58-4
2018-01-10 03:27:38 +0000: solve 58-5: 361851 states (1 batches)
.
2018-01-10 03:27:46 +0000: reduce 58-5
2018-01-10 03:27:47 +0000: solve 56-3: 1591238 states (1 batches)
.
2018-01-10 03:28:26 +0000: reduce 56-3
2018-01-10 03:28:26 +0000: solve 56-4: 4460679 states (1 batches)
.
2018-01-10 03:30:27 +0000: reduce 56-4
2018-01-10 03:30:27 +0000: solve 56-5: 224560 states (1 batches)
.
2018-01-10 03:30:32 +0000: reduce 56-5
2018-01-10 03:30:32 +0000: solve 54-3: 1495187 states (1 batches)
.
2018-01-10 03:31:08 +0000: reduce 54-3
2018-01-10 03:31:08 +0000: solve 54-4: 3323177 states (1 batches)
.
2018-01-10 03:32:34 +0000: reduce 54-4
2018-01-10 03:32:35 +0000: solve 54-5: 135307 states (1 batches)
.
2018-01-10 03:32:37 +0000: reduce 54-5
2018-01-10 03:32:38 +0000: solve 52-3: 1369262 states (1 batches)
.
2018-01-10 03:33:09 +0000: reduce 52-3
2018-01-10 03:33:10 +0000: solve 52-4: 2422602 states (1 batches)
.
2018-01-10 03:34:11 +0000: reduce 52-4
2018-01-10 03:34:11 +0000: solve 52-5: 78645 states (1 batches)
.
2018-01-10 03:34:13 +0000: reduce 52-5
2018-01-10 03:34:13 +0000: solve 50-2: 31 states (1 batches)
.
2018-01-10 03:34:13 +0000: reduce 50-2
2018-01-10 03:34:13 +0000: solve 50-3: 1218391 states (1 batches)
.
2018-01-10 03:34:41 +0000: reduce 50-3
2018-01-10 03:34:41 +0000: solve 50-4: 1726315 states (1 batches)
.
2018-01-10 03:35:25 +0000: reduce 50-4
2018-01-10 03:35:25 +0000: solve 50-5: 43592 states (1 batches)
.
2018-01-10 03:35:26 +0000: reduce 50-5
2018-01-10 03:35:26 +0000: solve 48-2: 177 states (1 batches)
.
2018-01-10 03:35:26 +0000: reduce 48-2
2018-01-10 03:35:26 +0000: solve 48-3: 1056030 states (1 batches)
.
2018-01-10 03:35:51 +0000: reduce 48-3
2018-01-10 03:35:51 +0000: solve 48-4: 1204496 states (1 batches)
.
2018-01-10 03:36:20 +0000: reduce 48-4
2018-01-10 03:36:20 +0000: solve 48-5: 23302 states (1 batches)
.
2018-01-10 03:36:20 +0000: reduce 48-5
2018-01-10 03:36:20 +0000: solve 46-2: 386 states (1 batches)
.
2018-01-10 03:36:21 +0000: reduce 46-2
2018-01-10 03:36:21 +0000: solve 46-3: 892705 states (1 batches)
.
2018-01-10 03:36:40 +0000: reduce 46-3
2018-01-10 03:36:41 +0000: solve 46-4: 820987 states (1 batches)
.
2018-01-10 03:37:00 +0000: reduce 46-4
2018-01-10 03:37:00 +0000: solve 46-5: 11902 states (1 batches)
.
2018-01-10 03:37:00 +0000: reduce 46-5
2018-01-10 03:37:00 +0000: solve 44-2: 939 states (1 batches)
.
2018-01-10 03:37:00 +0000: reduce 44-2
2018-01-10 03:37:01 +0000: solve 44-3: 734897 states (1 batches)
.
2018-01-10 03:37:17 +0000: reduce 44-3
2018-01-10 03:37:17 +0000: solve 44-4: 545456 states (1 batches)
.
2018-01-10 03:37:29 +0000: reduce 44-4
2018-01-10 03:37:29 +0000: solve 44-5: 5680 states (1 batches)
.
2018-01-10 03:37:29 +0000: reduce 44-5
2018-01-10 03:37:29 +0000: solve 42-2: 1797 states (1 batches)
.
2018-01-10 03:37:30 +0000: reduce 42-2
2018-01-10 03:37:30 +0000: solve 42-3: 589857 states (1 batches)
.
2018-01-10 03:37:42 +0000: reduce 42-3
2018-01-10 03:37:42 +0000: solve 42-4: 353035 states (1 batches)
.
2018-01-10 03:37:50 +0000: reduce 42-4
2018-01-10 03:37:50 +0000: solve 42-5: 2524 states (1 batches)
.
2018-01-10 03:37:51 +0000: reduce 42-5
2018-01-10 03:37:51 +0000: solve 40-2: 2799 states (1 batches)
.
2018-01-10 03:37:51 +0000: reduce 40-2
2018-01-10 03:37:51 +0000: solve 40-3: 461966 states (1 batches)
.
2018-01-10 03:38:01 +0000: reduce 40-3
2018-01-10 03:38:01 +0000: solve 40-4: 221198 states (1 batches)
.
2018-01-10 03:38:06 +0000: reduce 40-4
2018-01-10 03:38:06 +0000: solve 40-5: 1059 states (1 batches)
.
2018-01-10 03:38:06 +0000: reduce 40-5
2018-01-10 03:38:06 +0000: solve 38-2: 4346 states (1 batches)
.
2018-01-10 03:38:06 +0000: reduce 38-2
2018-01-10 03:38:06 +0000: solve 38-3: 351688 states (1 batches)
.
2018-01-10 03:38:14 +0000: reduce 38-3
2018-01-10 03:38:14 +0000: solve 38-4: 134106 states (1 batches)
.
2018-01-10 03:38:17 +0000: reduce 38-4
2018-01-10 03:38:17 +0000: solve 38-5: 316 states (1 batches)
.
2018-01-10 03:38:17 +0000: reduce 38-5
2018-01-10 03:38:17 +0000: solve 36-2: 6032 states (1 batches)
.
2018-01-10 03:38:17 +0000: reduce 36-2
2018-01-10 03:38:17 +0000: solve 36-3: 260597 states (1 batches)
.
2018-01-10 03:38:23 +0000: reduce 36-3
2018-01-10 03:38:23 +0000: solve 36-4: 78364 states (1 batches)
.
2018-01-10 03:38:24 +0000: reduce 36-4
2018-01-10 03:38:25 +0000: solve 34-2: 7376 states (1 batches)
.
2018-01-10 03:38:25 +0000: reduce 34-2
2018-01-10 03:38:25 +0000: solve 34-3: 187499 states (1 batches)
.
2018-01-10 03:38:29 +0000: reduce 34-3
2018-01-10 03:38:29 +0000: solve 34-4: 43592 states (1 batches)
.
2018-01-10 03:38:30 +0000: reduce 34-4
2018-01-10 03:38:30 +0000: solve 32-2: 8597 states (1 batches)
.
2018-01-10 03:38:31 +0000: reduce 32-2
2018-01-10 03:38:31 +0000: solve 32-3: 130380 states (1 batches)
.
2018-01-10 03:38:34 +0000: reduce 32-3
2018-01-10 03:38:34 +0000: solve 32-4: 23302 states (1 batches)
.
2018-01-10 03:38:34 +0000: reduce 32-4
2018-01-10 03:38:34 +0000: solve 30-2: 9087 states (1 batches)
.
2018-01-10 03:38:35 +0000: reduce 30-2
2018-01-10 03:38:35 +0000: solve 30-3: 87525 states (1 batches)
.
2018-01-10 03:38:37 +0000: reduce 30-3
2018-01-10 03:38:37 +0000: solve 30-4: 11902 states (1 batches)
.
2018-01-10 03:38:37 +0000: reduce 30-4
2018-01-10 03:38:37 +0000: solve 28-2: 8952 states (1 batches)
.
2018-01-10 03:38:38 +0000: reduce 28-2
2018-01-10 03:38:38 +0000: solve 28-3: 56357 states (1 batches)
.
2018-01-10 03:38:39 +0000: reduce 28-3
2018-01-10 03:38:39 +0000: solve 28-4: 5680 states (1 batches)
.
2018-01-10 03:38:39 +0000: reduce 28-4
2018-01-10 03:38:40 +0000: solve 26-2: 8419 states (1 batches)
.
2018-01-10 03:38:40 +0000: reduce 26-2
2018-01-10 03:38:40 +0000: solve 26-3: 34297 states (1 batches)
.
2018-01-10 03:38:41 +0000: reduce 26-3
2018-01-10 03:38:41 +0000: solve 26-4: 2524 states (1 batches)
.
2018-01-10 03:38:41 +0000: reduce 26-4
2018-01-10 03:38:41 +0000: solve 24-2: 7321 states (1 batches)
.
2018-01-10 03:38:41 +0000: reduce 24-2
2018-01-10 03:38:41 +0000: solve 24-3: 19763 states (1 batches)
.
2018-01-10 03:38:42 +0000: reduce 24-3
2018-01-10 03:38:42 +0000: solve 24-4: 1059 states (1 batches)
.
2018-01-10 03:38:42 +0000: reduce 24-4
2018-01-10 03:38:42 +0000: solve 22-2: 5922 states (1 batches)
.
2018-01-10 03:38:43 +0000: reduce 22-2
2018-01-10 03:38:43 +0000: solve 22-3: 10656 states (1 batches)
.
2018-01-10 03:38:43 +0000: reduce 22-3
2018-01-10 03:38:43 +0000: solve 22-4: 400 states (1 batches)
.
2018-01-10 03:38:43 +0000: reduce 22-4
2018-01-10 03:38:43 +0000: solve 20-2: 4555 states (1 batches)
.
2018-01-10 03:38:43 +0000: reduce 20-2
2018-01-10 03:38:43 +0000: solve 20-3: 5330 states (1 batches)
.
2018-01-10 03:38:44 +0000: reduce 20-3
2018-01-10 03:38:44 +0000: solve 20-4: 100 states (1 batches)
.
2018-01-10 03:38:44 +0000: reduce 20-4
2018-01-10 03:38:44 +0000: solve 18-2: 3225 states (1 batches)
.
2018-01-10 03:38:44 +0000: reduce 18-2
2018-01-10 03:38:44 +0000: solve 18-3: 2468 states (1 batches)
.
2018-01-10 03:38:44 +0000: reduce 18-3
2018-01-10 03:38:44 +0000: solve 16-2: 2104 states (1 batches)
.
2018-01-10 03:38:45 +0000: reduce 16-2
2018-01-10 03:38:45 +0000: solve 16-3: 1059 states (1 batches)
.
2018-01-10 03:38:45 +0000: reduce 16-3
2018-01-10 03:38:45 +0000: solve 14-2: 1259 states (1 batches)
.
2018-01-10 03:38:45 +0000: reduce 14-2
2018-01-10 03:38:45 +0000: solve 14-3: 400 states (1 batches)
.
2018-01-10 03:38:45 +0000: reduce 14-3
2018-01-10 03:38:45 +0000: solve 12-2: 714 states (1 batches)
.
2018-01-10 03:38:45 +0000: reduce 12-2
2018-01-10 03:38:45 +0000: solve 12-3: 124 states (1 batches)
.
2018-01-10 03:38:45 +0000: reduce 12-3
2018-01-10 03:38:45 +0000: solve 10-1: 6 states (1 batches)
.
2018-01-10 03:38:46 +0000: reduce 10-1
2018-01-10 03:38:46 +0000: solve 10-2: 356 states (1 batches)
.
2018-01-10 03:38:46 +0000: reduce 10-2
2018-01-10 03:38:46 +0000: solve 10-3: 24 states (1 batches)
.
2018-01-10 03:38:46 +0000: reduce 10-3
2018-01-10 03:38:46 +0000: solve 8-1: 25 states (1 batches)
.
2018-01-10 03:38:46 +0000: reduce 8-1
2018-01-10 03:38:46 +0000: solve 8-2: 145 states (1 batches)
.
2018-01-10 03:38:46 +0000: reduce 8-2
2018-01-10 03:38:46 +0000: solve 6-1: 35 states (1 batches)
.
2018-01-10 03:38:46 +0000: reduce 6-1
2018-01-10 03:38:46 +0000: solve 6-2: 33 states (1 batches)
.
2018-01-10 03:38:46 +0000: reduce 6-2
2018-01-10 03:38:46 +0000: solve 4-1: 21 states (1 batches)
.
2018-01-10 03:38:46 +0000: reduce 4-1
