{:board_size=>2, :max_exponent=>3, :max_depth=>0}
exists; skipping
{:board_size=>2, :max_exponent=>4, :max_depth=>0}
exists; skipping
{:board_size=>2, :max_exponent=>5, :max_depth=>0}
exists; skipping
{:board_size=>2, :max_exponent=>6, :max_depth=>0}
exists; skipping
{:board_size=>2, :max_exponent=>7, :max_depth=>0}
exists; skipping
{:board_size=>3, :max_exponent=>10, :max_depth=>0}
exists; skipping
{:board_size=>3, :max_exponent=>3, :max_depth=>0}
exists; skipping
{:board_size=>3, :max_exponent=>4, :max_depth=>0}
exists; skipping
{:board_size=>3, :max_exponent=>5, :max_depth=>0}
exists; skipping
{:board_size=>3, :max_exponent=>6, :max_depth=>0}
exists; skipping
{:board_size=>3, :max_exponent=>7, :max_depth=>0}
exists; skipping
{:board_size=>3, :max_exponent=>8, :max_depth=>0}
exists; skipping
{:board_size=>3, :max_exponent=>9, :max_depth=>0}
exists; skipping
{:board_size=>4, :max_exponent=>3, :max_depth=>0}
exists; skipping
{:board_size=>4, :max_exponent=>4, :max_depth=>0}
exists; skipping
{:board_size=>4, :max_exponent=>5, :max_depth=>0}
exists; skipping
{:board_size=>4, :max_exponent=>6, :max_depth=>0}
2018-01-01 22:08:16 +0000: solve 352-5: 0 states (1 batches)
2018-01-01 22:08:16 +0000: solve 352-6: 0 states (1 batches)
2018-01-01 22:08:16 +0000: reduce 350-5
2018-01-01 22:08:16 +0000: reduce 350-6
2018-01-01 22:08:16 +0000: solve 350-5: 0 states (2 batches)
2018-01-01 22:08:16 +0000: solve 350-6: 0 states (2 batches)
2018-01-01 22:08:16 +0000: reduce 348-5
2018-01-01 22:08:16 +0000: reduce 348-6
2018-01-01 22:08:16 +0000: solve 348-5: 4 states (2 batches)
2018-01-01 22:08:17 +0000: solve 348-6: 0 states (2 batches)
2018-01-01 22:08:17 +0000: reduce 346-5
2018-01-01 22:08:17 +0000: reduce 346-6
2018-01-01 22:08:17 +0000: solve 346-5: 4 states (2 batches)
2018-01-01 22:08:17 +0000: solve 346-6: 0 states (2 batches)
2018-01-01 22:08:17 +0000: reduce 344-5
2018-01-01 22:08:17 +0000: reduce 344-6
2018-01-01 22:08:17 +0000: solve 344-5: 7 states (2 batches)
2018-01-01 22:08:17 +0000: solve 344-6: 0 states (2 batches)
2018-01-01 22:08:17 +0000: reduce 342-5
2018-01-01 22:08:17 +0000: reduce 342-6
2018-01-01 22:08:17 +0000: solve 342-5: 10 states (2 batches)
2018-01-01 22:08:17 +0000: solve 342-6: 0 states (2 batches)
2018-01-01 22:08:17 +0000: reduce 340-5
2018-01-01 22:08:17 +0000: reduce 340-6
2018-01-01 22:08:17 +0000: solve 340-5: 78 states (2 batches)
2018-01-01 22:08:17 +0000: solve 340-6: 0 states (2 batches)
2018-01-01 22:08:17 +0000: reduce 338-5
2018-01-01 22:08:17 +0000: reduce 338-6
2018-01-01 22:08:17 +0000: solve 338-5: 71 states (2 batches)
2018-01-01 22:08:17 +0000: solve 338-6: 0 states (2 batches)
2018-01-01 22:08:17 +0000: reduce 336-5
2018-01-01 22:08:17 +0000: reduce 336-6
2018-01-01 22:08:17 +0000: solve 336-5: 194 states (2 batches)
2018-01-01 22:08:18 +0000: solve 336-6: 0 states (2 batches)
2018-01-01 22:08:18 +0000: reduce 334-5
2018-01-01 22:08:18 +0000: reduce 334-6
2018-01-01 22:08:18 +0000: solve 334-5: 371 states (2 batches)
2018-01-01 22:08:18 +0000: solve 334-6: 0 states (2 batches)
2018-01-01 22:08:18 +0000: reduce 332-5
2018-01-01 22:08:18 +0000: reduce 332-6
2018-01-01 22:08:18 +0000: solve 332-5: 756 states (2 batches)
2018-01-01 22:08:18 +0000: solve 332-6: 0 states (2 batches)
2018-01-01 22:08:18 +0000: reduce 330-5
2018-01-01 22:08:18 +0000: reduce 330-6
2018-01-01 22:08:18 +0000: solve 330-5: 792 states (2 batches)
2018-01-01 22:08:18 +0000: solve 330-6: 0 states (2 batches)
2018-01-01 22:08:18 +0000: reduce 328-5
2018-01-01 22:08:18 +0000: reduce 328-6
2018-01-01 22:08:18 +0000: solve 328-5: 1901 states (2 batches)
2018-01-01 22:08:18 +0000: solve 328-6: 0 states (2 batches)
2018-01-01 22:08:18 +0000: reduce 326-5
2018-01-01 22:08:18 +0000: reduce 326-6
2018-01-01 22:08:18 +0000: solve 326-5: 3168 states (2 batches)
2018-01-01 22:08:19 +0000: solve 326-6: 0 states (2 batches)
2018-01-01 22:08:19 +0000: reduce 324-5
2018-01-01 22:08:19 +0000: reduce 324-6
2018-01-01 22:08:19 +0000: solve 324-5: 4819 states (2 batches)
2018-01-01 22:08:19 +0000: solve 324-6: 0 states (2 batches)
2018-01-01 22:08:19 +0000: reduce 322-5
2018-01-01 22:08:19 +0000: reduce 322-6
2018-01-01 22:08:19 +0000: solve 322-5: 6894 states (2 batches)
2018-01-01 22:08:19 +0000: solve 322-6: 0 states (2 batches)
2018-01-01 22:08:19 +0000: reduce 320-5
2018-01-01 22:08:19 +0000: reduce 320-6
2018-01-01 22:08:19 +0000: solve 320-5: 12611 states (2 batches)
2018-01-01 22:08:19 +0000: solve 320-6: 0 states (2 batches)
2018-01-01 22:08:19 +0000: reduce 318-5
2018-01-01 22:08:19 +0000: reduce 318-6
2018-01-01 22:08:19 +0000: solve 318-5: 17582 states (2 batches)
2018-01-01 22:08:20 +0000: solve 318-6: 0 states (2 batches)
2018-01-01 22:08:20 +0000: reduce 316-5
2018-01-01 22:08:20 +0000: reduce 316-6
2018-01-01 22:08:20 +0000: solve 316-5: 25210 states (2 batches)
2018-01-01 22:08:20 +0000: solve 316-6: 0 states (2 batches)
2018-01-01 22:08:20 +0000: reduce 314-5
2018-01-01 22:08:20 +0000: reduce 314-6
2018-01-01 22:08:20 +0000: solve 314-5: 37770 states (2 batches)
2018-01-01 22:08:21 +0000: solve 314-6: 0 states (2 batches)
2018-01-01 22:08:21 +0000: reduce 312-5
2018-01-01 22:08:21 +0000: reduce 312-6
2018-01-01 22:08:21 +0000: solve 312-5: 58205 states (2 batches)
2018-01-01 22:08:21 +0000: solve 312-6: 0 states (2 batches)
2018-01-01 22:08:21 +0000: reduce 310-5
2018-01-01 22:08:22 +0000: reduce 310-6
2018-01-01 22:08:22 +0000: solve 310-5: 78715 states (2 batches)
2018-01-01 22:08:22 +0000: solve 310-6: 0 states (2 batches)
2018-01-01 22:08:22 +0000: reduce 308-5
2018-01-01 22:08:22 +0000: reduce 308-6
2018-01-01 22:08:22 +0000: solve 308-5: 111583 states (2 batches)
2018-01-01 22:08:23 +0000: solve 308-6: 0 states (2 batches)
2018-01-01 22:08:24 +0000: reduce 306-5
2018-01-01 22:08:24 +0000: reduce 306-6
2018-01-01 22:08:24 +0000: solve 306-5: 157013 states (2 batches)
2018-01-01 22:08:25 +0000: solve 306-6: 0 states (2 batches)
2018-01-01 22:08:25 +0000: reduce 304-5
2018-01-01 22:08:25 +0000: reduce 304-6
2018-01-01 22:08:25 +0000: solve 304-5: 217506 states (2 batches)
2018-01-01 22:08:26 +0000: solve 304-6: 0 states (2 batches)
2018-01-01 22:08:27 +0000: reduce 302-5
2018-01-01 22:08:27 +0000: reduce 302-6
2018-01-01 22:08:27 +0000: solve 302-5: 284344 states (2 batches)
2018-01-01 22:08:29 +0000: solve 302-6: 0 states (2 batches)
2018-01-01 22:08:30 +0000: reduce 300-5
2018-01-01 22:08:30 +0000: reduce 300-6
2018-01-01 22:08:30 +0000: solve 300-5: 382631 states (2 batches)
2018-01-01 22:08:32 +0000: solve 300-6: 0 states (2 batches)
2018-01-01 22:08:34 +0000: reduce 298-5
2018-01-01 22:08:34 +0000: reduce 298-6
2018-01-01 22:08:34 +0000: solve 298-5: 516369 states (2 batches)
2018-01-01 22:08:36 +0000: solve 298-6: 0 states (2 batches)
2018-01-01 22:08:39 +0000: reduce 296-5
2018-01-01 22:08:39 +0000: reduce 296-6
2018-01-01 22:08:39 +0000: solve 296-5: 689137 states (2 batches)
2018-01-01 22:08:42 +0000: solve 296-6: 0 states (2 batches)
2018-01-01 22:08:45 +0000: reduce 294-5
2018-01-01 22:08:45 +0000: reduce 294-6
2018-01-01 22:08:45 +0000: solve 294-5: 887072 states (2 batches)
2018-01-01 22:08:49 +0000: solve 294-6: 0 states (2 batches)
2018-01-01 22:08:53 +0000: reduce 292-5
2018-01-01 22:08:53 +0000: reduce 292-6
2018-01-01 22:08:53 +0000: solve 292-5: 1153508 states (2 batches)
2018-01-01 22:08:58 +0000: solve 292-6: 0 states (2 batches)
2018-01-01 22:09:03 +0000: reduce 290-5
2018-01-01 22:09:03 +0000: reduce 290-6
2018-01-01 22:09:03 +0000: solve 290-5: 1499866 states (2 batches)
2018-01-01 22:09:10 +0000: solve 290-6: 0 states (2 batches)
2018-01-01 22:09:16 +0000: reduce 288-5
2018-01-01 22:09:16 +0000: reduce 288-6
2018-01-01 22:09:16 +0000: solve 288-5: 1899383 states (2 batches)
2018-01-01 22:09:24 +0000: solve 288-6: 0 states (2 batches)
2018-01-01 22:09:33 +0000: reduce 286-5
2018-01-01 22:09:33 +0000: reduce 286-6
2018-01-01 22:09:33 +0000: solve 286-5: 2382979 states (2 batches)
2018-01-01 22:09:43 +0000: solve 286-6: 0 states (2 batches)
2018-01-01 22:09:54 +0000: reduce 284-5
2018-01-01 22:09:54 +0000: reduce 284-6
2018-01-01 22:09:54 +0000: solve 284-5: 3044377 states (2 batches)
2018-01-01 22:10:07 +0000: solve 284-6: 0 states (2 batches)
2018-01-01 22:10:20 +0000: reduce 282-5
2018-01-01 22:10:20 +0000: reduce 282-6
2018-01-01 22:10:20 +0000: solve 282-5: 3889151 states (2 batches)
2018-01-01 22:10:37 +0000: solve 282-6: 0 states (2 batches)
2018-01-01 22:10:54 +0000: reduce 280-5
2018-01-01 22:10:54 +0000: reduce 280-6
2018-01-01 22:10:54 +0000: solve 280-5: 4807336 states (2 batches)
2018-01-01 22:11:14 +0000: solve 280-6: 0 states (2 batches)
2018-01-01 22:11:35 +0000: reduce 278-5
2018-01-01 22:11:35 +0000: reduce 278-6
2018-01-01 22:11:35 +0000: solve 278-5: 5937292 states (2 batches)
2018-01-01 22:12:00 +0000: solve 278-6: 0 states (2 batches)
2018-01-01 22:12:25 +0000: reduce 276-5
2018-01-01 22:12:25 +0000: reduce 276-6
2018-01-01 22:12:25 +0000: solve 276-5: 7349210 states (3 batches)
2018-01-01 22:12:54 +0000: solve 276-6: 0 states (3 batches)
2018-01-01 22:13:22 +0000: reduce 274-5
2018-01-01 22:13:22 +0000: reduce 274-6
2018-01-01 22:13:22 +0000: solve 274-5: 8985325 states (4 batches)
2018-01-01 22:13:52 +0000: solve 274-6: 0 states (4 batches)
2018-01-01 22:14:23 +0000: reduce 272-5
2018-01-01 22:14:23 +0000: reduce 272-6
2018-01-01 22:14:23 +0000: solve 272-5: 10793141 states (4 batches)
2018-01-01 22:14:53 +0000: solve 272-6: 0 states (4 batches)
2018-01-01 22:15:26 +0000: reduce 270-5
2018-01-01 22:15:26 +0000: reduce 270-6
2018-01-01 22:15:26 +0000: solve 270-5: 13106436 states (4 batches)
2018-01-01 22:15:58 +0000: solve 270-6: 0 states (4 batches)
2018-01-01 22:16:30 +0000: reduce 268-5
2018-01-01 22:16:30 +0000: reduce 268-6
2018-01-01 22:16:30 +0000: solve 268-5: 15883655 states (5 batches)
2018-01-01 22:17:06 +0000: solve 268-6: 0 states (5 batches)
2018-01-01 22:17:40 +0000: reduce 266-5
2018-01-01 22:17:40 +0000: reduce 266-6
2018-01-01 22:17:40 +0000: solve 266-5: 18985525 states (6 batches)
2018-01-01 22:18:22 +0000: solve 266-6: 0 states (6 batches)
2018-01-01 22:19:06 +0000: reduce 264-5
2018-01-01 22:19:06 +0000: reduce 264-6
2018-01-01 22:19:06 +0000: solve 264-5: 22347685 states (7 batches)
2018-01-01 22:19:53 +0000: solve 264-6: 0 states (7 batches)
2018-01-01 22:20:36 +0000: reduce 262-5
2018-01-01 22:20:36 +0000: reduce 262-6
2018-01-01 22:20:36 +0000: solve 262-5: 26395890 states (8 batches)
2018-01-01 22:21:29 +0000: solve 262-6: 0 states (8 batches)
2018-01-01 22:22:18 +0000: reduce 260-5
2018-01-01 22:22:19 +0000: reduce 260-6
2018-01-01 22:22:19 +0000: solve 260-5: 31007913 states (9 batches)
2018-01-01 22:23:17 +0000: solve 260-6: 0 states (9 batches)
2018-01-01 22:24:13 +0000: reduce 258-5
2018-01-01 22:24:13 +0000: reduce 258-6
2018-01-01 22:24:13 +0000: solve 258-5: 36207269 states (10 batches)
2018-01-01 22:25:26 +0000: solve 258-6: 0 states (10 batches)
2018-01-01 22:26:37 +0000: reduce 256-5
2018-01-01 22:26:37 +0000: reduce 256-6
2018-01-01 22:26:37 +0000: solve 256-5: 41965057 states (11 batches)
2018-01-01 22:28:02 +0000: solve 256-6: 0 states (11 batches)
2018-01-01 22:29:22 +0000: reduce 254-5
2018-01-01 22:29:23 +0000: reduce 254-6
2018-01-01 22:29:23 +0000: solve 254-5: 49008094 states (13 batches)
2018-01-01 22:30:56 +0000: solve 254-6: 0 states (13 batches)
2018-01-01 22:32:17 +0000: reduce 252-5
2018-01-01 22:32:18 +0000: reduce 252-6
2018-01-01 22:32:18 +0000: solve 252-5: 56784613 states (15 batches)
2018-01-01 22:34:08 +0000: solve 252-6: 0 states (15 batches)
2018-01-01 22:35:44 +0000: reduce 250-5
2018-01-01 22:35:44 +0000: reduce 250-6
2018-01-01 22:35:44 +0000: solve 250-5: 64888108 states (17 batches)
2018-01-01 22:37:48 +0000: solve 250-6: 0 states (17 batches)
2018-01-01 22:39:34 +0000: reduce 248-5
2018-01-01 22:39:35 +0000: reduce 248-6
2018-01-01 22:39:35 +0000: solve 248-5: 73688949 states (19 batches)
2018-01-01 22:42:12 +0000: solve 248-6: 0 states (19 batches)
2018-01-01 22:44:18 +0000: reduce 246-5
2018-01-01 22:44:19 +0000: reduce 246-6
2018-01-01 22:44:19 +0000: solve 246-5: 84088173 states (21 batches)
2018-01-01 22:48:11 +0000: solve 246-6: 0 states (21 batches)
2018-01-01 22:50:33 +0000: reduce 244-5
2018-01-01 22:50:37 +0000: reduce 244-6
2018-01-01 22:50:37 +0000: solve 244-5: 95179515 states (24 batches)
2018-01-01 22:55:29 +0000: solve 244-6: 0 states (24 batches)
2018-01-01 22:58:06 +0000: reduce 242-5
2018-01-01 22:58:12 +0000: reduce 242-6
2018-01-01 22:58:12 +0000: solve 242-5: 106978154 states (27 batches)
2018-01-01 23:04:27 +0000: solve 242-6: 0 states (27 batches)
2018-01-01 23:07:19 +0000: reduce 240-5
2018-01-01 23:07:27 +0000: reduce 240-6
2018-01-01 23:07:27 +0000: solve 240-5: 120377012 states (30 batches)
2018-01-01 23:13:29 +0000: solve 240-6: 0 states (30 batches)
2018-01-01 23:16:38 +0000: reduce 238-5
2018-01-01 23:16:48 +0000: reduce 238-6
2018-01-01 23:16:48 +0000: solve 238-5: 135178539 states (33 batches)
2018-01-01 23:23:43 +0000: solve 238-6: 0 states (33 batches)
2018-01-01 23:27:12 +0000: reduce 236-5
2018-01-01 23:27:24 +0000: reduce 236-6
2018-01-01 23:27:24 +0000: solve 236-5: 150116595 states (36 batches)
2018-01-01 23:35:41 +0000: solve 236-6: 0 states (36 batches)
2018-01-01 23:39:53 +0000: reduce 234-5
2018-01-01 23:40:08 +0000: reduce 234-6
2018-01-01 23:40:08 +0000: solve 234-5: 165720072 states (40 batches)
2018-01-01 23:49:16 +0000: solve 234-6: 0 states (40 batches)
2018-01-01 23:54:38 +0000: reduce 232-5
2018-01-01 23:54:43 +0000: reduce 232-6
2018-01-01 23:54:43 +0000: solve 232-5: 182809723 states (44 batches)
2018-01-02 00:04:52 +0000: solve 232-6: 0 states (44 batches)
2018-01-02 00:11:04 +0000: reduce 230-5
2018-01-02 00:11:24 +0000: reduce 230-6
2018-01-02 00:11:24 +0000: solve 230-5: 201624165 states (48 batches)
2018-01-02 00:22:33 +0000: solve 230-6: 0 states (48 batches)
2018-01-02 00:30:11 +0000: reduce 228-5
2018-01-02 00:30:30 +0000: reduce 228-6
2018-01-02 00:30:30 +0000: solve 228-5: 221145374 states (52 batches)
2018-01-02 00:43:16 +0000: solve 228-6: 0 states (52 batches)
2018-01-02 00:53:03 +0000: reduce 226-5
2018-01-02 00:53:30 +0000: reduce 226-6
2018-01-02 00:53:31 +0000: solve 226-5: 241495406 states (56 batches)
2018-01-02 01:07:36 +0000: solve 226-6: 0 states (56 batches)
2018-01-02 01:21:04 +0000: reduce 224-5
2018-01-02 01:21:46 +0000: reduce 224-6
2018-01-02 01:21:46 +0000: solve 224-5: 263753415 states (60 batches)
2018-01-02 01:36:50 +0000: solve 224-6: 0 states (60 batches)
2018-01-02 01:52:06 +0000: reduce 222-5
2018-01-02 01:52:51 +0000: reduce 222-6
2018-01-02 01:52:51 +0000: solve 222-5: 286755246 states (65 batches)
2018-01-02 02:11:37 +0000: solve 222-6: 0 states (65 batches)
2018-01-02 02:28:45 +0000: reduce 220-5
2018-01-02 02:30:06 +0000: reduce 220-6
2018-01-02 02:30:06 +0000: solve 220-5: 309052682 states (70 batches)
2018-01-02 02:49:38 +0000: solve 220-6: 0 states (70 batches)
2018-01-02 03:08:33 +0000: reduce 218-5
2018-01-02 03:10:12 +0000: reduce 218-6
2018-01-02 03:10:12 +0000: solve 218-5: 332316845 states (75 batches)
2018-01-02 03:31:53 +0000: solve 218-6: 0 states (75 batches)
2018-01-02 03:52:45 +0000: reduce 216-5
2018-01-02 03:54:30 +0000: reduce 216-6
2018-01-02 03:54:30 +0000: solve 216-5: 358199859 states (80 batches)
2018-01-02 04:30:14 +0000: solve 216-6: 0 states (80 batches)
2018-01-02 04:53:08 +0000: reduce 214-5
2018-01-02 04:55:08 +0000: reduce 214-6
2018-01-02 04:55:08 +0000: solve 214-5: 384024591 states (85 batches)
2018-01-02 05:33:12 +0000: solve 214-6: 0 states (85 batches)
2018-01-02 05:58:43 +0000: reduce 212-5
2018-01-02 06:00:53 +0000: reduce 212-6
2018-01-02 06:00:53 +0000: solve 212-5: 409841499 states (91 batches)
2018-01-02 06:43:14 +0000: solve 212-6: 0 states (91 batches)
2018-01-02 07:11:47 +0000: reduce 210-5
2018-01-02 07:14:16 +0000: reduce 210-6
2018-01-02 07:14:16 +0000: solve 210-5: 436986980 states (97 batches)
2018-01-02 08:06:47 +0000: solve 210-6: 0 states (97 batches)
2018-01-02 08:39:31 +0000: reduce 208-5
2018-01-02 08:42:17 +0000: reduce 208-6
2018-01-02 08:42:17 +0000: solve 208-5: 464448491 states (102 batches)
2018-01-02 09:39:44 +0000: solve 208-6: 0 states (102 batches)
2018-01-02 10:14:31 +0000: reduce 206-5
2018-01-02 10:16:12 +0000: reduce 206-6
2018-01-02 10:16:12 +0000: solve 206-5: 490657067 states (107 batches)
2018-01-02 11:04:13 +0000: solve 206-6: 0 states (107 batches)
2018-01-02 11:38:01 +0000: reduce 204-5
2018-01-02 11:39:46 +0000: reduce 204-6
2018-01-02 11:39:46 +0000: solve 204-5: 516715641 states (113 batches)
2018-01-02 12:31:44 +0000: solve 204-6: 0 states (113 batches)
2018-01-02 13:05:24 +0000: reduce 202-5
2018-01-02 13:07:13 +0000: reduce 202-6
2018-01-02 13:07:13 +0000: solve 202-5: 543655992 states (118 batches)
2018-01-02 14:01:02 +0000: solve 202-6: 0 states (118 batches)
2018-01-02 14:37:02 +0000: reduce 200-5
2018-01-02 14:38:58 +0000: reduce 200-6
2018-01-02 14:38:58 +0000: solve 200-5: 571485110 states (123 batches)
2018-01-02 15:42:12 +0000: solve 200-6: 0 states (123 batches)
2018-01-02 16:20:55 +0000: reduce 198-5
2018-01-02 16:23:01 +0000: reduce 198-6
2018-01-02 16:23:01 +0000: solve 198-5: 597972039 states (128 batches)
2018-01-02 17:32:50 +0000: solve 198-6: 0 states (128 batches)
2018-01-02 18:14:06 +0000: reduce 196-5
2018-01-02 18:16:15 +0000: reduce 196-6
2018-01-02 18:16:15 +0000: solve 196-5: 623542930 states (133 batches)
2018-01-02 19:29:36 +0000: solve 196-6: 0 states (133 batches)
2018-01-02 20:14:01 +0000: reduce 194-5
2018-01-02 20:16:20 +0000: reduce 194-6
2018-01-02 20:16:20 +0000: solve 194-5: 649263415 states (138 batches)
2018-01-02 21:39:58 +0000: solve 194-6: 0 states (138 batches)
2018-01-02 22:26:30 +0000: reduce 192-5
2018-01-02 22:28:55 +0000: reduce 192-6
2018-01-02 22:28:55 +0000: solve 192-5: 673877465 states (142 batches)
2018-01-02 23:56:39 +0000: solve 192-6: 0 states (142 batches)
2018-01-03 00:44:51 +0000: reduce 190-5
2018-01-03 00:47:25 +0000: reduce 190-6
2018-01-03 00:47:25 +0000: solve 190-5: 695678461 states (147 batches)
2018-01-03 02:20:01 +0000: solve 190-6: 0 states (147 batches)
2018-01-03 02:57:46 +0000: reduce 188-4
2018-01-03 03:10:49 +0000: reduce 188-5
2018-01-03 03:13:30 +0000: reduce 188-6
2018-01-03 03:13:30 +0000: solve 188-4: 0 states (1 batches)
2018-01-03 03:13:31 +0000: solve 188-5: 717879070 states (153 batches)
2018-01-03 05:00:12 +0000: solve 188-6: 0 states (152 batches)
2018-01-03 05:39:49 +0000: reduce 186-4
2018-01-03 05:53:46 +0000: reduce 186-5
2018-01-03 05:56:34 +0000: reduce 186-6
2018-01-03 05:56:34 +0000: solve 186-4: 0 states (2 batches)
2018-01-03 05:56:35 +0000: solve 186-5: 740350663 states (157 batches)
2018-01-03 08:13:26 +0000: solve 186-6: 0 states (155 batches)
2018-01-03 08:54:50 +0000: reduce 184-4
2018-01-03 09:09:00 +0000: reduce 184-5
2018-01-03 09:11:55 +0000: reduce 184-6
2018-01-03 09:11:55 +0000: solve 184-4: 13 states (2 batches)
2018-01-03 09:11:56 +0000: solve 184-5: 760309100 states (160 batches)
2018-01-03 11:23:51 +0000: solve 184-6: 0 states (158 batches)
2018-01-03 12:07:01 +0000: reduce 182-4
2018-01-03 12:21:37 +0000: reduce 182-5
2018-01-03 12:24:39 +0000: reduce 182-6
2018-01-03 12:24:39 +0000: solve 182-4: 26 states (2 batches)
2018-01-03 12:24:39 +0000: solve 182-5: 778351630 states (164 batches)
2018-01-03 14:34:06 +0000: solve 182-6: 0 states (162 batches)
2018-01-03 15:19:08 +0000: reduce 180-4
2018-01-03 15:33:31 +0000: reduce 180-5
2018-01-03 15:36:37 +0000: reduce 180-6
2018-01-03 15:36:37 +0000: solve 180-4: 143 states (2 batches)
2018-01-03 15:36:38 +0000: solve 180-5: 795433541 states (167 batches)
2018-01-03 18:12:47 +0000: solve 180-6: 0 states (165 batches)
2018-01-03 18:59:14 +0000: reduce 178-4
2018-01-03 19:14:03 +0000: reduce 178-5
2018-01-03 19:17:20 +0000: reduce 178-6
2018-01-03 19:17:20 +0000: solve 178-4: 367 states (2 batches)
2018-01-03 19:17:20 +0000: solve 178-5: 810215388 states (169 batches)
2018-01-03 22:46:16 +0000: solve 178-6: 0 states (167 batches)
2018-01-03 23:34:13 +0000: reduce 176-4
2018-01-03 23:49:39 +0000: reduce 176-5
2018-01-03 23:52:59 +0000: reduce 176-6
2018-01-03 23:52:59 +0000: solve 176-4: 1076 states (2 batches)
2018-01-03 23:53:00 +0000: solve 176-5: 822424342 states (171 batches)
2018-01-04 03:12:05 +0000: solve 176-6: 0 states (169 batches)
2018-01-04 04:01:35 +0000: reduce 174-4
2018-01-04 04:17:27 +0000: reduce 174-5
2018-01-04 04:20:59 +0000: reduce 174-6
2018-01-04 04:20:59 +0000: solve 174-4: 2453 states (2 batches)
2018-01-04 04:21:00 +0000: solve 174-5: 832984435 states (172 batches)
2018-01-04 08:36:55 +0000: solve 174-6: 0 states (170 batches)
2018-01-04 09:27:03 +0000: reduce 172-4
2018-01-04 09:43:00 +0000: reduce 172-5
2018-01-04 09:46:28 +0000: reduce 172-6
2018-01-04 09:46:28 +0000: solve 172-4: 5640 states (2 batches)
2018-01-04 09:46:28 +0000: solve 172-5: 842440580 states (173 batches)
2018-01-04 13:12:44 +0000: solve 172-6: 0 states (171 batches)
2018-01-04 14:03:52 +0000: reduce 170-4
2018-01-04 14:20:01 +0000: reduce 170-5
2018-01-04 14:23:40 +0000: reduce 170-6
2018-01-04 14:23:40 +0000: solve 170-4: 11525 states (2 batches)
2018-01-04 14:23:40 +0000: solve 170-5: 849960999 states (174 batches)
2018-01-04 17:53:01 +0000: solve 170-6: 0 states (172 batches)
2018-01-04 18:45:06 +0000: reduce 168-4
2018-01-04 19:01:20 +0000: reduce 168-5
2018-01-04 19:05:05 +0000: reduce 168-6
2018-01-04 19:05:06 +0000: solve 168-4: 22284 states (2 batches)
2018-01-04 19:05:07 +0000: solve 168-5: 854268077 states (174 batches)
2018-01-04 22:33:21 +0000: solve 168-6: 0 states (172 batches)
2018-01-04 23:26:14 +0000: reduce 166-4
2018-01-04 23:42:28 +0000: reduce 166-5
2018-01-04 23:46:31 +0000: reduce 166-6
2018-01-04 23:46:31 +0000: solve 166-4: 41466 states (2 batches)
2018-01-04 23:46:32 +0000: solve 166-5: 856111822 states (174 batches)
2018-01-05 03:35:47 +0000: solve 166-6: 0 states (172 batches)
2018-01-05 04:29:36 +0000: reduce 164-4
2018-01-05 04:45:50 +0000: reduce 164-5
2018-01-05 04:50:04 +0000: reduce 164-6
2018-01-05 04:50:04 +0000: solve 164-4: 73040 states (2 batches)
2018-01-05 04:50:05 +0000: solve 164-5: 856386976 states (173 batches)
2018-01-05 08:58:33 +0000: solve 164-6: 0 states (171 batches)
2018-01-05 09:54:37 +0000: reduce 162-4
2018-01-05 10:11:21 +0000: reduce 162-5
2018-01-05 10:15:46 +0000: reduce 162-6
2018-01-05 10:15:46 +0000: solve 162-4: 124700 states (2 batches)
2018-01-05 10:15:47 +0000: solve 162-5: 853792082 states (172 batches)
2018-01-05 14:28:33 +0000: solve 162-6: 0 states (170 batches)
2018-01-05 15:26:25 +0000: reduce 160-4
2018-01-05 15:44:37 +0000: reduce 160-5
2018-01-05 15:49:02 +0000: reduce 160-6
2018-01-05 15:49:02 +0000: solve 160-4: 205515 states (2 batches)
2018-01-05 15:49:04 +0000: solve 160-5: 848430242 states (171 batches)
2018-01-05 20:33:06 +0000: solve 160-6: 0 states (169 batches)
2018-01-05 21:32:01 +0000: reduce 158-4
2018-01-05 21:50:57 +0000: reduce 158-5
2018-01-05 21:55:41 +0000: reduce 158-6
2018-01-05 21:55:41 +0000: solve 158-4: 330550 states (2 batches)
2018-01-05 21:55:43 +0000: solve 158-5: 842290859 states (169 batches)
2018-01-06 03:03:31 +0000: solve 158-6: 0 states (167 batches)
2018-01-06 04:05:52 +0000: reduce 156-4
2018-01-06 04:25:36 +0000: reduce 156-5
2018-01-06 04:30:21 +0000: reduce 156-6
2018-01-06 04:30:21 +0000: solve 156-4: 508748 states (2 batches)
2018-01-06 04:30:24 +0000: solve 156-5: 834038772 states (166 batches)
2018-01-06 07:51:47 +0000: solve 156-6: 0 states (164 batches)
2018-01-06 08:53:51 +0000: reduce 154-4
2018-01-06 09:13:08 +0000: reduce 154-5
2018-01-06 09:16:03 +0000: reduce 154-6
2018-01-06 09:16:04 +0000: solve 154-4: 766906 states (2 batches)
2018-01-06 09:16:17 +0000: solve 154-5: 822754787 states (163 batches)
2018-01-06 12:25:55 +0000: solve 154-6: 0 states (161 batches)
2018-01-06 13:19:33 +0000: reduce 152-4
2018-01-06 13:37:52 +0000: reduce 152-5
2018-01-06 13:40:45 +0000: reduce 152-6
2018-01-06 13:40:45 +0000: solve 152-4: 1122085 states (2 batches)
2018-01-06 13:40:52 +0000: solve 152-5: 809323922 states (160 batches)
2018-01-06 16:18:04 +0000: solve 152-6: 0 states (158 batches)
2018-01-06 17:04:01 +0000: reduce 150-4
2018-01-06 17:19:43 +0000: reduce 150-5
2018-01-06 17:22:51 +0000: reduce 150-6
2018-01-06 17:22:51 +0000: solve 150-4: 1596193 states (2 batches)
2018-01-06 17:23:00 +0000: solve 150-5: 794222177 states (156 batches)
2018-01-06 19:38:01 +0000: solve 150-6: 0 states (154 batches)
2018-01-06 20:23:03 +0000: reduce 148-4
2018-01-06 20:38:52 +0000: reduce 148-5
2018-01-06 20:41:41 +0000: reduce 148-6
2018-01-06 20:41:41 +0000: solve 148-4: 2211749 states (2 batches)
2018-01-06 20:42:08 +0000: solve 148-5: 776818358 states (152 batches)
2018-01-06 22:44:59 +0000: solve 148-6: 0 states (150 batches)
2018-01-06 23:28:22 +0000: reduce 146-4
2018-01-06 23:43:43 +0000: reduce 146-5
2018-01-06 23:46:39 +0000: reduce 146-6
2018-01-06 23:46:40 +0000: solve 146-4: 3018342 states (2 batches)
2018-01-06 23:47:05 +0000: solve 146-5: 757472469 states (148 batches)
2018-01-07 01:51:24 +0000: solve 146-6: 0 states (146 batches)
2018-01-07 02:33:48 +0000: reduce 144-4
2018-01-07 02:48:57 +0000: reduce 144-5
2018-01-07 02:51:45 +0000: reduce 144-6
2018-01-07 02:51:45 +0000: solve 144-4: 4045361 states (2 batches)
2018-01-07 02:52:07 +0000: solve 144-5: 736636353 states (144 batches)
2018-01-07 04:52:24 +0000: solve 144-6: 0 states (142 batches)
2018-01-07 05:33:16 +0000: reduce 142-4
2018-01-07 05:48:03 +0000: reduce 142-5
2018-01-07 05:50:44 +0000: reduce 142-6
2018-01-07 05:50:44 +0000: solve 142-4: 5289587 states (2 batches)
2018-01-07 05:51:15 +0000: solve 142-5: 714412577 states (139 batches)
2018-01-07 07:40:28 +0000: solve 142-6: 0 states (137 batches)
2018-01-07 08:19:49 +0000: reduce 140-4
2018-01-07 08:34:10 +0000: reduce 140-5
2018-01-07 08:37:03 +0000: reduce 140-6
2018-01-07 08:37:03 +0000: solve 140-4: 6817980 states (3 batches)
2018-01-07 08:37:41 +0000: solve 140-5: 690213914 states (134 batches)
2018-01-07 10:12:43 +0000: solve 140-6: 0 states (131 batches)
2018-01-07 10:50:17 +0000: reduce 138-4
2018-01-07 11:04:24 +0000: reduce 138-5
2018-01-07 11:07:05 +0000: reduce 138-6
2018-01-07 11:07:05 +0000: solve 138-4: 8649778 states (4 batches)
2018-01-07 11:07:57 +0000: solve 138-5: 664053917 states (129 batches)
2018-01-07 12:35:07 +0000: solve 138-6: 0 states (125 batches)
2018-01-07 13:10:39 +0000: reduce 136-4
2018-01-07 13:24:28 +0000: reduce 136-5
2018-01-07 13:27:01 +0000: reduce 136-6
2018-01-07 13:27:01 +0000: solve 136-4: 10766143 states (4 batches)
2018-01-07 13:27:54 +0000: solve 136-5: 636725654 states (123 batches)
2018-01-07 14:51:24 +0000: solve 136-6: 0 states (119 batches)
2018-01-07 15:25:49 +0000: reduce 134-4
2018-01-07 15:39:21 +0000: reduce 134-5
2018-01-07 15:41:43 +0000: reduce 134-6
2018-01-07 15:41:43 +0000: solve 134-4: 13151048 states (4 batches)
2018-01-07 15:42:42 +0000: solve 134-5: 608494472 states (117 batches)
2018-01-07 16:51:26 +0000: solve 134-6: 0 states (113 batches)
2018-01-07 17:23:32 +0000: reduce 132-4
2018-01-07 17:36:20 +0000: reduce 132-5
2018-01-07 17:38:41 +0000: reduce 132-6
2018-01-07 17:38:41 +0000: solve 132-4: 15916525 states (5 batches)
2018-01-07 17:39:46 +0000: solve 132-5: 578857593 states (112 batches)
2018-01-07 18:43:12 +0000: solve 132-6: 0 states (107 batches)
2018-01-07 19:13:07 +0000: reduce 130-4
2018-01-07 19:25:11 +0000: reduce 130-5
2018-01-07 19:27:26 +0000: reduce 130-6
2018-01-07 19:27:27 +0000: solve 130-4: 18966831 states (6 batches)
2018-01-07 19:28:45 +0000: solve 130-5: 548586346 states (107 batches)
2018-01-07 20:28:51 +0000: solve 130-6: 0 states (101 batches)
2018-01-07 20:56:06 +0000: reduce 128-4
2018-01-07 21:07:10 +0000: reduce 128-5
2018-01-07 21:09:21 +0000: reduce 128-6
2018-01-07 21:09:21 +0000: solve 128-4: 22233149 states (6 batches)
2018-01-07 21:10:46 +0000: solve 128-5: 517983757 states (101 batches)
2018-01-07 22:03:25 +0000: solve 128-6: 0 states (95 batches)
2018-01-07 22:28:19 +0000: reduce 126-4
2018-01-07 22:38:32 +0000: reduce 126-5
2018-01-07 22:40:44 +0000: reduce 126-6
2018-01-07 22:40:44 +0000: solve 126-4: 25791713 states (7 batches)
2018-01-07 22:42:19 +0000: solve 126-5: 486643950 states (96 batches)
2018-01-07 23:30:54 +0000: solve 126-6: 0 states (89 batches)
2018-01-07 23:54:33 +0000: reduce 124-4
2018-01-08 00:04:43 +0000: reduce 124-5
2018-01-08 00:06:35 +0000: reduce 124-6
2018-01-08 00:06:35 +0000: solve 124-4: 29573932 states (8 batches)
2018-01-08 00:08:42 +0000: solve 124-5: 454771350 states (91 batches)
2018-01-08 00:56:05 +0000: solve 124-6: 0 states (83 batches)
2018-01-08 01:19:28 +0000: reduce 122-4
2018-01-08 01:29:46 +0000: reduce 122-5
2018-01-08 01:30:45 +0000: reduce 122-6
2018-01-08 01:30:46 +0000: solve 122-4: 33391296 states (9 batches)
2018-01-08 01:33:22 +0000: solve 122-5: 423043132 states (86 batches)
2018-01-08 02:19:11 +0000: solve 122-6: 0 states (77 batches)
2018-01-08 02:39:58 +0000: reduce 120-4
2018-01-08 02:50:37 +0000: reduce 120-5
2018-01-08 02:51:20 +0000: reduce 120-6
2018-01-08 02:51:20 +0000: solve 120-4: 37256691 states (10 batches)
2018-01-08 02:54:22 +0000: solve 120-5: 391642066 states (81 batches)
2018-01-08 03:36:52 +0000: solve 120-6: 0 states (71 batches)
2018-01-08 03:55:46 +0000: reduce 118-4
2018-01-08 04:05:57 +0000: reduce 118-5
2018-01-08 04:06:44 +0000: reduce 118-6
2018-01-08 04:06:45 +0000: solve 118-4: 41230645 states (10 batches)
2018-01-08 04:10:03 +0000: solve 118-5: 360483129 states (75 batches)
2018-01-08 04:45:55 +0000: solve 118-6: 0 states (65 batches)
2018-01-08 05:01:46 +0000: reduce 116-4
2018-01-08 05:11:26 +0000: reduce 116-5
2018-01-08 05:12:06 +0000: reduce 116-6
2018-01-08 05:12:07 +0000: solve 116-4: 45027957 states (11 batches)
2018-01-08 05:15:52 +0000: solve 116-5: 330041914 states (70 batches)
2018-01-08 05:50:25 +0000: solve 116-6: 0 states (59 batches)
2018-01-08 06:04:46 +0000: reduce 114-4
2018-01-08 06:14:00 +0000: reduce 114-5
2018-01-08 06:14:46 +0000: reduce 114-6
2018-01-08 06:14:46 +0000: solve 114-4: 48618460 states (12 batches)
2018-01-08 06:18:46 +0000: solve 114-5: 300500078 states (65 batches)
2018-01-08 06:52:03 +0000: solve 114-6: 0 states (53 batches)
2018-01-08 07:06:35 +0000: reduce 112-4
2018-01-08 07:14:32 +0000: reduce 112-5
2018-01-08 07:15:24 +0000: reduce 112-6
2018-01-08 07:15:24 +0000: solve 112-4: 52024431 states (12 batches)
2018-01-08 07:19:38 +0000: solve 112-5: 271827254 states (59 batches)
2018-01-08 07:48:22 +0000: solve 112-6: 0 states (47 batches)
2018-01-08 07:59:38 +0000: reduce 110-4
2018-01-08 08:06:15 +0000: reduce 110-5
2018-01-08 08:07:06 +0000: reduce 110-6
2018-01-08 08:07:07 +0000: solve 110-4: 55074310 states (12 batches)
2018-01-08 08:10:47 +0000: solve 110-5: 244134397 states (54 batches)
2018-01-08 08:35:03 +0000: solve 110-6: 0 states (42 batches)
2018-01-08 08:42:40 +0000: reduce 108-4
2018-01-08 08:47:52 +0000: reduce 108-5
2018-01-08 08:48:07 +0000: reduce 108-6
2018-01-08 08:48:07 +0000: solve 108-4: 57618159 states (13 batches)
2018-01-08 08:51:34 +0000: solve 108-5: 217810556 states (50 batches)
2018-01-08 09:12:07 +0000: solve 108-6: 0 states (37 batches)
2018-01-08 09:18:04 +0000: reduce 106-4
2018-01-08 09:22:07 +0000: reduce 106-5
2018-01-08 09:22:17 +0000: reduce 106-6
2018-01-08 09:22:17 +0000: solve 106-4: 59731075 states (14 batches)
2018-01-08 09:26:19 +0000: solve 106-5: 192990971 states (46 batches)
2018-01-08 09:44:34 +0000: solve 106-6: 0 states (32 batches)
2018-01-08 09:49:41 +0000: reduce 104-4
2018-01-08 09:52:16 +0000: reduce 104-5
2018-01-08 09:52:35 +0000: reduce 104-6
2018-01-08 09:52:35 +0000: solve 104-4: 61373511 states (14 batches)
2018-01-08 09:56:10 +0000: solve 104-5: 169648709 states (42 batches)
2018-01-08 10:12:25 +0000: solve 104-6: 0 states (28 batches)
2018-01-08 10:17:17 +0000: reduce 102-4
2018-01-08 10:18:02 +0000: reduce 102-5
2018-01-08 10:18:17 +0000: reduce 102-6
2018-01-08 10:18:17 +0000: solve 102-4: 62380433 states (14 batches)
2018-01-08 10:21:58 +0000: solve 102-5: 148008829 states (38 batches)
2018-01-08 10:36:37 +0000: solve 102-6: 0 states (24 batches)
2018-01-08 10:39:58 +0000: reduce 100-3
2018-01-08 10:40:35 +0000: reduce 100-4
2018-01-08 10:40:51 +0000: reduce 100-5
2018-01-08 10:40:57 +0000: reduce 100-6
2018-01-08 10:40:57 +0000: solve 100-3: 0 states (1 batches)
2018-01-08 10:40:57 +0000: solve 100-4: 62812882 states (15 batches)
2018-01-08 10:44:27 +0000: solve 100-5: 128076249 states (35 batches)
2018-01-08 10:57:19 +0000: solve 100-6: 0 states (21 batches)
2018-01-08 11:00:21 +0000: reduce 98-3
2018-01-08 11:00:38 +0000: reduce 98-4
2018-01-08 11:00:41 +0000: reduce 98-5
2018-01-08 11:00:50 +0000: reduce 98-6
2018-01-08 11:00:50 +0000: solve 98-3: 0 states (2 batches)
2018-01-08 11:00:52 +0000: solve 98-4: 62663572 states (16 batches)
2018-01-08 11:04:30 +0000: solve 98-5: 109801182 states (32 batches)
2018-01-08 11:14:59 +0000: solve 98-6: 0 states (18 batches)
2018-01-08 11:17:30 +0000: reduce 96-3
2018-01-08 11:17:46 +0000: reduce 96-4
2018-01-08 11:17:49 +0000: reduce 96-5
2018-01-08 11:17:54 +0000: reduce 96-6
2018-01-08 11:17:54 +0000: solve 96-3: 29 states (2 batches)
2018-01-08 11:17:56 +0000: solve 96-4: 61892589 states (15 batches)
2018-01-08 11:21:33 +0000: solve 96-5: 93271018 states (28 batches)
2018-01-08 11:31:01 +0000: solve 96-6: 0 states (15 batches)
2018-01-08 11:33:12 +0000: reduce 94-3
2018-01-08 11:33:13 +0000: reduce 94-4
2018-01-08 11:33:17 +0000: reduce 94-5
2018-01-08 11:33:18 +0000: reduce 94-6
2018-01-08 11:33:18 +0000: solve 94-3: 318 states (2 batches)
2018-01-08 11:33:19 +0000: solve 94-4: 60498699 states (14 batches)
2018-01-08 11:37:01 +0000: solve 94-5: 78491776 states (25 batches)
2018-01-08 11:45:42 +0000: solve 94-6: 0 states (13 batches)
2018-01-08 11:47:36 +0000: reduce 92-3
2018-01-08 11:47:37 +0000: reduce 92-4
2018-01-08 11:47:39 +0000: reduce 92-5
2018-01-08 11:47:39 +0000: reduce 92-6
2018-01-08 11:47:39 +0000: solve 92-3: 1571 states (2 batches)
2018-01-08 11:47:40 +0000: solve 92-4: 58606282 states (14 batches)
2018-01-08 11:51:26 +0000: solve 92-5: 65365113 states (23 batches)
2018-01-08 11:58:38 +0000: solve 92-6: 0 states (11 batches)
2018-01-08 12:00:23 +0000: reduce 90-3
2018-01-08 12:00:24 +0000: reduce 90-4
2018-01-08 12:00:26 +0000: reduce 90-5
2018-01-08 12:00:29 +0000: reduce 90-6
2018-01-08 12:00:29 +0000: solve 90-3: 5070 states (2 batches)
2018-01-08 12:00:29 +0000: solve 90-4: 56248718 states (14 batches)
2018-01-08 12:04:12 +0000: solve 90-5: 53889209 states (21 batches)
2018-01-08 12:10:31 +0000: solve 90-6: 0 states (9 batches)
2018-01-08 12:11:47 +0000: reduce 88-3
2018-01-08 12:11:48 +0000: reduce 88-4
2018-01-08 12:11:50 +0000: reduce 88-5
2018-01-08 12:11:50 +0000: reduce 88-6
2018-01-08 12:11:50 +0000: solve 88-3: 13535 states (2 batches)
2018-01-08 12:11:51 +0000: solve 88-4: 53446456 states (13 batches)
2018-01-08 12:15:35 +0000: solve 88-5: 43965501 states (18 batches)
2018-01-08 12:21:04 +0000: solve 88-6: 0 states (7 batches)
2018-01-08 12:22:11 +0000: reduce 86-3
2018-01-08 12:22:12 +0000: reduce 86-4
2018-01-08 12:22:13 +0000: reduce 86-5
2018-01-08 12:22:13 +0000: reduce 86-6
2018-01-08 12:22:14 +0000: solve 86-3: 31408 states (2 batches)
2018-01-08 12:22:15 +0000: solve 86-4: 50299541 states (12 batches)
2018-01-08 12:25:35 +0000: solve 86-5: 35422027 states (16 batches)
2018-01-08 12:30:38 +0000: solve 86-6: 0 states (6 batches)
2018-01-08 12:31:37 +0000: reduce 84-3
2018-01-08 12:31:38 +0000: reduce 84-4
2018-01-08 12:31:39 +0000: reduce 84-5
2018-01-08 12:31:39 +0000: reduce 84-6
2018-01-08 12:31:39 +0000: solve 84-3: 64457 states (2 batches)
2018-01-08 12:31:40 +0000: solve 84-4: 46874625 states (11 batches)
2018-01-08 12:34:27 +0000: solve 84-5: 28188682 states (14 batches)
2018-01-08 12:38:24 +0000: solve 84-6: 0 states (5 batches)
2018-01-08 12:39:14 +0000: reduce 82-3
2018-01-08 12:39:15 +0000: reduce 82-4
2018-01-08 12:39:16 +0000: reduce 82-5
2018-01-08 12:39:16 +0000: reduce 82-6
2018-01-08 12:39:16 +0000: solve 82-3: 119573 states (2 batches)
2018-01-08 12:39:17 +0000: solve 82-4: 43210795 states (10 batches)
2018-01-08 12:41:59 +0000: solve 82-5: 22165755 states (12 batches)
2018-01-08 12:45:45 +0000: solve 82-6: 0 states (4 batches)
2018-01-08 12:46:30 +0000: reduce 80-3
2018-01-08 12:46:31 +0000: reduce 80-4
2018-01-08 12:46:32 +0000: reduce 80-5
2018-01-08 12:46:32 +0000: reduce 80-6
2018-01-08 12:46:32 +0000: solve 80-3: 203334 states (2 batches)
2018-01-08 12:46:34 +0000: solve 80-4: 39403367 states (10 batches)
2018-01-08 12:49:15 +0000: solve 80-5: 17183625 states (11 batches)
2018-01-08 12:52:39 +0000: solve 80-6: 0 states (3 batches)
2018-01-08 12:53:26 +0000: reduce 78-3
2018-01-08 12:53:26 +0000: reduce 78-4
2018-01-08 12:53:27 +0000: reduce 78-5
2018-01-08 12:53:27 +0000: reduce 78-6
2018-01-08 12:53:28 +0000: solve 78-3: 319526 states (2 batches)
2018-01-08 12:53:30 +0000: solve 78-4: 35540434 states (9 batches)
2018-01-08 12:56:01 +0000: solve 78-5: 13142230 states (9 batches)
2018-01-08 12:58:36 +0000: solve 78-6: 0 states (2 batches)
2018-01-08 12:59:21 +0000: reduce 76-3
2018-01-08 12:59:22 +0000: reduce 76-4
2018-01-08 12:59:23 +0000: reduce 76-5
2018-01-08 12:59:23 +0000: reduce 76-6
2018-01-08 12:59:23 +0000: solve 76-3: 469112 states (2 batches)
2018-01-08 12:59:26 +0000: solve 76-4: 31669316 states (8 batches)
2018-01-08 13:01:50 +0000: solve 76-5: 9924527 states (8 batches)
2018-01-08 13:03:46 +0000: solve 76-6: 0 states (2 batches)
2018-01-08 13:04:23 +0000: reduce 74-3
2018-01-08 13:04:24 +0000: reduce 74-4
2018-01-08 13:04:25 +0000: reduce 74-5
2018-01-08 13:04:25 +0000: reduce 74-6
2018-01-08 13:04:25 +0000: solve 74-3: 646406 states (2 batches)
2018-01-08 13:04:29 +0000: solve 74-4: 27872644 states (8 batches)
2018-01-08 13:06:42 +0000: solve 74-5: 7379125 states (8 batches)
2018-01-08 13:08:12 +0000: solve 74-6: 0 states (2 batches)
2018-01-08 13:08:38 +0000: reduce 72-3
2018-01-08 13:08:39 +0000: reduce 72-4
2018-01-08 13:08:39 +0000: reduce 72-5
2018-01-08 13:08:39 +0000: reduce 72-6
2018-01-08 13:08:39 +0000: solve 72-3: 841744 states (2 batches)
2018-01-08 13:08:45 +0000: solve 72-4: 24221958 states (7 batches)
2018-01-08 13:10:50 +0000: solve 72-5: 5397679 states (7 batches)
2018-01-08 13:12:00 +0000: solve 72-6: 0 states (2 batches)
2018-01-08 13:12:22 +0000: reduce 70-3
2018-01-08 13:12:23 +0000: reduce 70-4
2018-01-08 13:12:24 +0000: reduce 70-5
2018-01-08 13:12:24 +0000: reduce 70-6
2018-01-08 13:12:24 +0000: solve 70-3: 1041329 states (2 batches)
2018-01-08 13:12:30 +0000: solve 70-4: 20742059 states (6 batches)
2018-01-08 13:14:36 +0000: solve 70-5: 3887190 states (6 batches)
2018-01-08 13:15:46 +0000: solve 70-6: 0 states (2 batches)
2018-01-08 13:16:00 +0000: reduce 68-3
2018-01-08 13:16:01 +0000: reduce 68-4
2018-01-08 13:16:01 +0000: reduce 68-5
2018-01-08 13:16:01 +0000: reduce 68-6
2018-01-08 13:16:01 +0000: solve 68-3: 1232145 states (2 batches)
2018-01-08 13:16:10 +0000: solve 68-4: 17499088 states (6 batches)
2018-01-08 13:18:13 +0000: solve 68-5: 2747767 states (6 batches)
2018-01-08 13:19:13 +0000: solve 68-6: 0 states (2 batches)
2018-01-08 13:19:23 +0000: reduce 66-3
2018-01-08 13:19:24 +0000: reduce 66-4
2018-01-08 13:19:24 +0000: reduce 66-5
2018-01-08 13:19:24 +0000: reduce 66-6
2018-01-08 13:19:24 +0000: solve 66-3: 1398860 states (2 batches)
2018-01-08 13:19:33 +0000: solve 66-4: 14552869 states (5 batches)
2018-01-08 13:21:30 +0000: solve 66-5: 1906144 states (5 batches)
2018-01-08 13:22:19 +0000: solve 66-6: 0 states (2 batches)
2018-01-08 13:22:28 +0000: reduce 64-3
2018-01-08 13:22:30 +0000: reduce 64-4
2018-01-08 13:22:30 +0000: reduce 64-5
2018-01-08 13:22:30 +0000: reduce 64-6
2018-01-08 13:22:30 +0000: solve 64-3: 1530275 states (2 batches)
2018-01-08 13:22:40 +0000: solve 64-4: 11902712 states (4 batches)
2018-01-08 13:24:30 +0000: solve 64-5: 1299069 states (4 batches)
2018-01-08 13:25:17 +0000: solve 64-6: 0 states (2 batches)
2018-01-08 13:25:23 +0000: reduce 62-3
2018-01-08 13:25:23 +0000: reduce 62-4
2018-01-08 13:25:23 +0000: reduce 62-5
2018-01-08 13:25:23 +0000: reduce 62-6
2018-01-08 13:25:24 +0000: solve 62-3: 1617354 states (2 batches)
2018-01-08 13:25:34 +0000: solve 62-4: 9568130 states (4 batches)
2018-01-08 13:27:02 +0000: solve 62-5: 867814 states (4 batches)
2018-01-08 13:27:39 +0000: solve 62-6: 0 states (2 batches)
2018-01-08 13:27:42 +0000: reduce 60-3
2018-01-08 13:27:43 +0000: reduce 60-4
2018-01-08 13:27:43 +0000: reduce 60-5
2018-01-08 13:27:43 +0000: reduce 60-6
2018-01-08 13:27:43 +0000: solve 60-3: 1656782 states (2 batches)
2018-01-08 13:27:56 +0000: solve 60-4: 7567524 states (4 batches)
2018-01-08 13:29:05 +0000: solve 60-5: 566877 states (4 batches)
2018-01-08 13:29:34 +0000: solve 60-6: 0 states (2 batches)
2018-01-08 13:29:39 +0000: reduce 58-3
2018-01-08 13:29:39 +0000: reduce 58-4
2018-01-08 13:29:39 +0000: reduce 58-5
2018-01-08 13:29:39 +0000: reduce 58-6
2018-01-08 13:29:39 +0000: solve 58-3: 1647634 states (2 batches)
2018-01-08 13:29:51 +0000: solve 58-4: 5871001 states (4 batches)
2018-01-08 13:30:44 +0000: solve 58-5: 361851 states (4 batches)
2018-01-08 13:31:07 +0000: solve 58-6: 0 states (2 batches)
2018-01-08 13:31:08 +0000: reduce 56-3
2018-01-08 13:31:09 +0000: reduce 56-4
2018-01-08 13:31:09 +0000: reduce 56-5
2018-01-08 13:31:09 +0000: reduce 56-6
2018-01-08 13:31:09 +0000: solve 56-3: 1591238 states (2 batches)
2018-01-08 13:31:20 +0000: solve 56-4: 4460679 states (4 batches)
2018-01-08 13:32:00 +0000: solve 56-5: 224560 states (4 batches)
2018-01-08 13:32:17 +0000: solve 56-6: 0 states (2 batches)
2018-01-08 13:32:18 +0000: reduce 54-2
2018-01-08 13:32:18 +0000: reduce 54-3
2018-01-08 13:32:19 +0000: reduce 54-4
2018-01-08 13:32:19 +0000: reduce 54-5
2018-01-08 13:32:19 +0000: reduce 54-6
2018-01-08 13:32:19 +0000: solve 54-2: 0 states (1 batches)
2018-01-08 13:32:19 +0000: solve 54-3: 1495187 states (3 batches)
2018-01-08 13:32:29 +0000: solve 54-4: 3323177 states (4 batches)
2018-01-08 13:32:59 +0000: solve 54-5: 135307 states (4 batches)
2018-01-08 13:33:13 +0000: solve 54-6: 0 states (2 batches)
2018-01-08 13:33:13 +0000: reduce 52-2
2018-01-08 13:33:14 +0000: reduce 52-3
2018-01-08 13:33:14 +0000: reduce 52-4
2018-01-08 13:33:14 +0000: reduce 52-5
2018-01-08 13:33:14 +0000: reduce 52-6
2018-01-08 13:33:14 +0000: solve 52-2: 0 states (2 batches)
2018-01-08 13:33:14 +0000: solve 52-3: 1369262 states (4 batches)
2018-01-08 13:33:24 +0000: solve 52-4: 2422602 states (4 batches)
2018-01-08 13:33:46 +0000: solve 52-5: 78645 states (4 batches)
2018-01-08 13:33:56 +0000: solve 52-6: 0 states (2 batches)
2018-01-08 13:33:56 +0000: reduce 50-2
2018-01-08 13:33:56 +0000: reduce 50-3
2018-01-08 13:33:57 +0000: reduce 50-4
2018-01-08 13:33:57 +0000: reduce 50-5
2018-01-08 13:33:57 +0000: reduce 50-6
2018-01-08 13:33:57 +0000: solve 50-2: 31 states (2 batches)
2018-01-08 13:33:57 +0000: solve 50-3: 1218391 states (4 batches)
2018-01-08 13:34:06 +0000: solve 50-4: 1726315 states (4 batches)
2018-01-08 13:34:21 +0000: solve 50-5: 43592 states (4 batches)
2018-01-08 13:34:28 +0000: solve 50-6: 0 states (2 batches)
2018-01-08 13:34:28 +0000: reduce 48-2
2018-01-08 13:34:29 +0000: reduce 48-3
2018-01-08 13:34:29 +0000: reduce 48-4
2018-01-08 13:34:29 +0000: reduce 48-5
2018-01-08 13:34:29 +0000: reduce 48-6
2018-01-08 13:34:29 +0000: solve 48-2: 177 states (2 batches)
2018-01-08 13:34:30 +0000: solve 48-3: 1056030 states (4 batches)
2018-01-08 13:34:41 +0000: solve 48-4: 1204496 states (4 batches)
2018-01-08 13:34:53 +0000: solve 48-5: 23302 states (4 batches)
2018-01-08 13:34:58 +0000: solve 48-6: 0 states (2 batches)
2018-01-08 13:34:58 +0000: reduce 46-2
2018-01-08 13:34:58 +0000: reduce 46-3
2018-01-08 13:34:58 +0000: reduce 46-4
2018-01-08 13:34:58 +0000: reduce 46-5
2018-01-08 13:34:58 +0000: reduce 46-6
2018-01-08 13:34:58 +0000: solve 46-2: 386 states (2 batches)
2018-01-08 13:34:58 +0000: solve 46-3: 892705 states (4 batches)
2018-01-08 13:35:05 +0000: solve 46-4: 820987 states (4 batches)
2018-01-08 13:35:17 +0000: solve 46-5: 11902 states (4 batches)
2018-01-08 13:35:21 +0000: solve 46-6: 0 states (2 batches)
2018-01-08 13:35:21 +0000: reduce 44-2
2018-01-08 13:35:21 +0000: reduce 44-3
2018-01-08 13:35:21 +0000: reduce 44-4
2018-01-08 13:35:21 +0000: reduce 44-5
2018-01-08 13:35:21 +0000: reduce 44-6
2018-01-08 13:35:21 +0000: solve 44-2: 939 states (2 batches)
2018-01-08 13:35:21 +0000: solve 44-3: 734897 states (4 batches)
2018-01-08 13:35:27 +0000: solve 44-4: 545456 states (4 batches)
2018-01-08 13:35:32 +0000: solve 44-5: 5680 states (4 batches)
2018-01-08 13:35:34 +0000: solve 44-6: 0 states (2 batches)
2018-01-08 13:35:34 +0000: reduce 42-2
2018-01-08 13:35:34 +0000: reduce 42-3
2018-01-08 13:35:34 +0000: reduce 42-4
2018-01-08 13:35:34 +0000: reduce 42-5
2018-01-08 13:35:35 +0000: reduce 42-6
2018-01-08 13:35:35 +0000: solve 42-2: 1797 states (2 batches)
2018-01-08 13:35:37 +0000: solve 42-3: 589857 states (4 batches)
2018-01-08 13:35:47 +0000: solve 42-4: 353035 states (4 batches)
2018-01-08 13:35:52 +0000: solve 42-5: 2524 states (4 batches)
2018-01-08 13:35:53 +0000: solve 42-6: 0 states (2 batches)
2018-01-08 13:35:53 +0000: reduce 40-2
2018-01-08 13:35:53 +0000: reduce 40-3
2018-01-08 13:35:53 +0000: reduce 40-4
2018-01-08 13:35:53 +0000: reduce 40-5
2018-01-08 13:35:53 +0000: reduce 40-6
2018-01-08 13:35:53 +0000: solve 40-2: 2799 states (2 batches)
2018-01-08 13:35:54 +0000: solve 40-3: 461966 states (4 batches)
2018-01-08 13:35:58 +0000: solve 40-4: 221198 states (4 batches)
2018-01-08 13:36:04 +0000: solve 40-5: 1059 states (3 batches)
2018-01-08 13:36:05 +0000: solve 40-6: 0 states (1 batches)
2018-01-08 13:36:05 +0000: reduce 38-2
2018-01-08 13:36:05 +0000: reduce 38-3
2018-01-08 13:36:07 +0000: reduce 38-4
2018-01-08 13:36:07 +0000: reduce 38-5
2018-01-08 13:36:07 +0000: reduce 38-6
2018-01-08 13:36:08 +0000: solve 38-2: 4346 states (2 batches)
2018-01-08 13:36:08 +0000: solve 38-3: 351688 states (4 batches)
2018-01-08 13:36:11 +0000: solve 38-4: 134106 states (4 batches)
2018-01-08 13:36:13 +0000: solve 38-5: 316 states (2 batches)
2018-01-08 13:36:14 +0000: solve 38-6: 0 states (0 batches)
2018-01-08 13:36:14 +0000: reduce 36-2
2018-01-08 13:36:14 +0000: reduce 36-3
2018-01-08 13:36:14 +0000: reduce 36-4
2018-01-08 13:36:14 +0000: reduce 36-5
2018-01-08 13:36:14 +0000: solve 36-2: 6032 states (2 batches)
2018-01-08 13:36:14 +0000: solve 36-3: 260597 states (4 batches)
2018-01-08 13:36:17 +0000: solve 36-4: 78364 states (4 batches)
2018-01-08 13:36:19 +0000: solve 36-5: 0 states (2 batches)
2018-01-08 13:36:19 +0000: reduce 34-2
2018-01-08 13:36:19 +0000: reduce 34-3
2018-01-08 13:36:19 +0000: reduce 34-4
2018-01-08 13:36:19 +0000: reduce 34-5
2018-01-08 13:36:19 +0000: solve 34-2: 7376 states (2 batches)
2018-01-08 13:36:20 +0000: solve 34-3: 187499 states (4 batches)
2018-01-08 13:36:22 +0000: solve 34-4: 43592 states (4 batches)
2018-01-08 13:36:23 +0000: solve 34-5: 0 states (2 batches)
2018-01-08 13:36:24 +0000: reduce 32-2
2018-01-08 13:36:24 +0000: reduce 32-3
2018-01-08 13:36:24 +0000: reduce 32-4
2018-01-08 13:36:24 +0000: reduce 32-5
2018-01-08 13:36:24 +0000: solve 32-2: 8597 states (2 batches)
2018-01-08 13:36:25 +0000: solve 32-3: 130380 states (4 batches)
2018-01-08 13:36:26 +0000: solve 32-4: 23302 states (4 batches)
2018-01-08 13:36:28 +0000: solve 32-5: 0 states (2 batches)
2018-01-08 13:36:28 +0000: reduce 30-2
2018-01-08 13:36:28 +0000: reduce 30-3
2018-01-08 13:36:28 +0000: reduce 30-4
2018-01-08 13:36:28 +0000: reduce 30-5
2018-01-08 13:36:28 +0000: solve 30-2: 9087 states (2 batches)
2018-01-08 13:36:28 +0000: solve 30-3: 87525 states (4 batches)
2018-01-08 13:36:32 +0000: solve 30-4: 11902 states (4 batches)
2018-01-08 13:36:33 +0000: solve 30-5: 0 states (2 batches)
2018-01-08 13:36:35 +0000: reduce 28-2
2018-01-08 13:36:36 +0000: reduce 28-3
2018-01-08 13:36:38 +0000: reduce 28-4
2018-01-08 13:36:38 +0000: reduce 28-5
2018-01-08 13:36:38 +0000: solve 28-2: 8952 states (2 batches)
2018-01-08 13:36:38 +0000: solve 28-3: 56357 states (4 batches)
2018-01-08 13:36:39 +0000: solve 28-4: 5680 states (4 batches)
2018-01-08 13:36:40 +0000: solve 28-5: 0 states (2 batches)
2018-01-08 13:36:40 +0000: reduce 26-2
2018-01-08 13:36:40 +0000: reduce 26-3
2018-01-08 13:36:42 +0000: reduce 26-4
2018-01-08 13:36:42 +0000: reduce 26-5
2018-01-08 13:36:42 +0000: solve 26-2: 8419 states (2 batches)
2018-01-08 13:36:43 +0000: solve 26-3: 34297 states (4 batches)
2018-01-08 13:36:43 +0000: solve 26-4: 2524 states (4 batches)
2018-01-08 13:36:45 +0000: solve 26-5: 0 states (2 batches)
2018-01-08 13:36:46 +0000: reduce 24-2
2018-01-08 13:36:47 +0000: reduce 24-3
2018-01-08 13:36:47 +0000: reduce 24-4
2018-01-08 13:36:47 +0000: reduce 24-5
2018-01-08 13:36:48 +0000: solve 24-2: 7321 states (2 batches)
2018-01-08 13:36:48 +0000: solve 24-3: 19763 states (4 batches)
2018-01-08 13:36:49 +0000: solve 24-4: 1059 states (4 batches)
2018-01-08 13:36:50 +0000: solve 24-5: 0 states (2 batches)
2018-01-08 13:36:51 +0000: reduce 22-2
2018-01-08 13:36:51 +0000: reduce 22-3
2018-01-08 13:36:52 +0000: reduce 22-4
2018-01-08 13:36:52 +0000: reduce 22-5
2018-01-08 13:36:52 +0000: solve 22-2: 5922 states (2 batches)
2018-01-08 13:36:52 +0000: solve 22-3: 10656 states (4 batches)
2018-01-08 13:36:55 +0000: solve 22-4: 400 states (3 batches)
2018-01-08 13:36:55 +0000: solve 22-5: 0 states (1 batches)
2018-01-08 13:36:55 +0000: reduce 20-2
2018-01-08 13:36:56 +0000: reduce 20-3
2018-01-08 13:36:56 +0000: reduce 20-4
2018-01-08 13:36:56 +0000: reduce 20-5
2018-01-08 13:36:57 +0000: solve 20-2: 4555 states (2 batches)
2018-01-08 13:36:57 +0000: solve 20-3: 5330 states (4 batches)
2018-01-08 13:36:57 +0000: solve 20-4: 100 states (2 batches)
2018-01-08 13:36:57 +0000: solve 20-5: 0 states (0 batches)
2018-01-08 13:36:58 +0000: reduce 18-2
2018-01-08 13:36:59 +0000: reduce 18-3
2018-01-08 13:36:59 +0000: reduce 18-4
2018-01-08 13:36:59 +0000: solve 18-2: 3225 states (2 batches)
2018-01-08 13:36:59 +0000: solve 18-3: 2468 states (4 batches)
2018-01-08 13:36:59 +0000: solve 18-4: 0 states (2 batches)
2018-01-08 13:37:01 +0000: reduce 16-2
2018-01-08 13:37:01 +0000: reduce 16-3
2018-01-08 13:37:01 +0000: reduce 16-4
2018-01-08 13:37:02 +0000: solve 16-2: 2104 states (2 batches)
2018-01-08 13:37:02 +0000: solve 16-3: 1059 states (4 batches)
2018-01-08 13:37:02 +0000: solve 16-4: 0 states (2 batches)
2018-01-08 13:37:02 +0000: reduce 14-1
2018-01-08 13:37:03 +0000: reduce 14-2
2018-01-08 13:37:05 +0000: reduce 14-3
2018-01-08 13:37:05 +0000: reduce 14-4
2018-01-08 13:37:05 +0000: solve 14-1: 0 states (1 batches)
2018-01-08 13:37:05 +0000: solve 14-2: 1259 states (3 batches)
2018-01-08 13:37:06 +0000: solve 14-3: 400 states (4 batches)
2018-01-08 13:37:06 +0000: solve 14-4: 0 states (2 batches)
2018-01-08 13:37:06 +0000: reduce 12-1
2018-01-08 13:37:08 +0000: reduce 12-2
2018-01-08 13:37:09 +0000: reduce 12-3
2018-01-08 13:37:09 +0000: reduce 12-4
2018-01-08 13:37:09 +0000: solve 12-1: 0 states (2 batches)
2018-01-08 13:37:09 +0000: solve 12-2: 714 states (4 batches)
2018-01-08 13:37:12 +0000: solve 12-3: 124 states (3 batches)
2018-01-08 13:37:12 +0000: solve 12-4: 0 states (1 batches)
2018-01-08 13:37:13 +0000: reduce 10-1
2018-01-08 13:37:13 +0000: reduce 10-2
2018-01-08 13:37:15 +0000: reduce 10-3
2018-01-08 13:37:15 +0000: reduce 10-4
2018-01-08 13:37:15 +0000: solve 10-1: 6 states (2 batches)
2018-01-08 13:37:15 +0000: solve 10-2: 356 states (4 batches)
2018-01-08 13:37:16 +0000: solve 10-3: 24 states (2 batches)
2018-01-08 13:37:16 +0000: solve 10-4: 0 states (0 batches)
2018-01-08 13:37:18 +0000: reduce 8-1
2018-01-08 13:37:18 +0000: reduce 8-2
2018-01-08 13:37:18 +0000: reduce 8-3
2018-01-08 13:37:19 +0000: solve 8-1: 25 states (2 batches)
2018-01-08 13:37:19 +0000: solve 8-2: 145 states (3 batches)
2018-01-08 13:37:19 +0000: solve 8-3: 0 states (1 batches)
2018-01-08 13:37:21 +0000: reduce 6-1
2018-01-08 13:37:22 +0000: reduce 6-2
2018-01-08 13:37:22 +0000: reduce 6-3
2018-01-08 13:37:22 +0000: solve 6-1: 35 states (1 batches)
2018-01-08 13:37:22 +0000: solve 6-2: 33 states (1 batches)
2018-01-08 13:37:22 +0000: solve 6-3: 0 states (0 batches)
2018-01-08 13:37:23 +0000: reduce 4-1
2018-01-08 13:37:23 +0000: reduce 4-2
